#
# There is insufficient memory for the Java Runtime Environment to continue.
# Native memory allocation (mmap) failed to map 245366784 bytes for Failed to commit area from 0x0000000091200000 to 0x000000009fc00000 of length 245366784.
# Possible reasons:
#   The system is out of physical RAM or swap space
#   The process is running with CompressedOops enabled, and the Java Heap may be blocking the growth of the native heap
# Possible solutions:
#   Reduce memory load on the system
#   Increase physical memory or swap space
#   Check if swap backing store is full
#   Decrease Java heap size (-Xmx/-Xms)
#   Decrease number of Java threads
#   Decrease Java thread stack sizes (-Xss)
#   Set larger code cache with -XX:ReservedCodeCacheSize=
#   JVM is running with Unscaled Compressed Oops mode in which the Java heap is
#     placed in the first 4GB address space. The Java Heap base address is the
#     maximum limit for the native heap growth. Please use -XX:HeapBaseMinAddress
#     to set the Java Heap base and to place the Java Heap above 4GB virtual address.
# This output file may be truncated or incomplete.
#
#  Out of Memory Error (./src/hotspot/os/windows/os_windows.cpp:3619), pid=10584, tid=5584
#
# JRE version: OpenJDK Runtime Environment (11.0.13) (build 11.0.13+0-b1751.21-8125866)
# Java VM: OpenJDK 64-Bit Server VM (11.0.13+0-b1751.21-8125866, mixed mode, tiered, compressed oops, g1 gc, windows-amd64)
# No core dump will be written. Minidumps are not enabled by default on client versions of Windows
#

---------------  S U M M A R Y ------------

Command Line: --add-opens=java.base/java.util=ALL-UNNAMED --add-opens=java.base/java.lang=ALL-UNNAMED --add-opens=java.base/java.lang.invoke=ALL-UNNAMED --add-opens=java.base/java.util=ALL-UNNAMED --add-opens=java.prefs/java.util.prefs=ALL-UNNAMED --add-opens=java.prefs/java.util.prefs=ALL-UNNAMED --add-opens=java.base/java.nio.charset=ALL-UNNAMED --add-opens=java.base/java.net=ALL-UNNAMED --add-opens=java.base/java.util.concurrent.atomic=ALL-UNNAMED -Xmx2048m -Dfile.encoding=UTF-8 -Duser.country=US -Duser.language=en -Duser.variant org.gradle.launcher.daemon.bootstrap.GradleDaemon 7.4

Host: Intel(R) Core(TM) i5-3320M CPU @ 2.60GHz, 4 cores, 7G,  Windows 10 , 64 bit Build 19041 (10.0.19041.1706)
Time: Sun Nov 27 23:06:36 2022 Egypt Standard Time elapsed time: 6937.617497 seconds (0d 1h 55m 37s)

---------------  T H R E A D  ---------------

Current thread (0x0000013d6efdc000):  VMThread "VM Thread" [stack: 0x0000001b95000000,0x0000001b95100000] [id=5584]

Stack: [0x0000001b95000000,0x0000001b95100000]
[error occurred during error reporting (printing stack bounds), id 0xc0000005, EXCEPTION_ACCESS_VIOLATION (0xc0000005) at pc=0x0000013d5877112d]

Native frames: (J=compiled Java code, j=interpreted, Vv=VM code, C=native code)
V  [jvm.dll+0x6100fa]
V  [jvm.dll+0x747090]
V  [jvm.dll+0x7486ad]
V  [jvm.dll+0x748ce5]
V  [jvm.dll+0x748c9b]
V  [jvm.dll+0x60f224]
V  [jvm.dll+0x60f9b8]
C  [ntdll.dll+0xa209f]
C  [ntdll.dll+0x51454]
C  [ntdll.dll+0xa0bce]
C  0x0000013d5877112d

VM_Operation (0x0000001b9affb2b0): G1CollectForAllocation, mode: safepoint, requested by thread 0x0000013d766b1800


---------------  P R O C E S S  ---------------

Threads class SMR info:
_java_thread_list=0x0000013d77c389e0, length=100, elements={
0x0000013d54c4a000, 0x0000013d6efe0000, 0x0000013d6efe3000, 0x0000013d6f982800,
0x0000013d6effb800, 0x0000013d6efff800, 0x0000013d6f002800, 0x0000013d6f00f000,
0x0000013d6f9bc000, 0x0000013d6fac3000, 0x0000013d708d0000, 0x0000013d7225a000,
0x0000013d72027000, 0x0000013d7238c800, 0x0000013d72d47800, 0x0000013d72f48000,
0x0000013d72f48800, 0x0000013d72f47000, 0x0000013d72f49800, 0x0000013d72f4a800,
0x0000013d72f4b000, 0x0000013d72f4c000, 0x0000013d712c6000, 0x0000013d712c8000,
0x0000013d71043000, 0x0000013d71044800, 0x0000013d6f01d000, 0x0000013d6f01e000,
0x0000013d6f01a800, 0x0000013d6f01a000, 0x0000013d6f01c800, 0x0000013d6f01b800,
0x0000013d6f018800, 0x0000013d6f01f000, 0x0000013d6f019000, 0x0000013d6f020800,
0x0000013d6f01f800, 0x0000013d6f022000, 0x0000013d6f026000, 0x0000013d6f027000,
0x0000013d6f021000, 0x0000013d6f023000, 0x0000013d6f024800, 0x0000013d6f023800,
0x0000013d6f025800, 0x0000013d7103e800, 0x0000013d71039000, 0x0000013d7103b800,
0x0000013d7103c000, 0x0000013d7103e000, 0x0000013d7103a800, 0x0000013d7103d000,
0x0000013d7103f800, 0x0000013d7103a000, 0x0000013d71043800, 0x0000013d71045000,
0x0000013d71046000, 0x0000013d71040800, 0x0000013d71042000, 0x0000013d71047000,
0x0000013d71041000, 0x0000013d71047800, 0x0000013d712c8800, 0x0000013d712c9800,
0x0000013d712c3800, 0x0000013d712ca800, 0x0000013d712c4800, 0x0000013d712cb000,
0x0000013d712c5800, 0x0000013d712cf000, 0x0000013d712cc000, 0x0000013d712ce800,
0x0000013d712cd800, 0x0000013d712cc800, 0x0000013d712d0000, 0x0000013d72f46800,
0x0000013d72f4d000, 0x0000013d766a7000, 0x0000013d766a8000, 0x0000013d766a6800,
0x0000013d766a5800, 0x0000013d766ac000, 0x0000013d766ad000, 0x0000013d766ae800,
0x0000013d766ad800, 0x0000013d766a9000, 0x0000013d766af800, 0x0000013d766a9800,
0x0000013d766b0000, 0x0000013d766ab000, 0x0000013d766b2800, 0x0000013d766b1800,
0x0000013d7bc1a000, 0x0000013d7bc17800, 0x0000013d7bc1c800, 0x0000013d7bc18800,
0x0000013d7bc1f000, 0x0000013d7bc1b000, 0x0000013d7bc1d000, 0x0000013d79f31000
}

Java Threads: ( => current thread )
  0x0000013d54c4a000 JavaThread "main" [_thread_blocked, id=10832, stack(0x0000001b94a00000,0x0000001b94b00000)]
  0x0000013d6efe0000 JavaThread "Reference Handler" daemon [_thread_blocked, id=14176, stack(0x0000001b95100000,0x0000001b95200000)]
  0x0000013d6efe3000 JavaThread "Finalizer" daemon [_thread_blocked, id=8384, stack(0x0000001b95200000,0x0000001b95300000)]
  0x0000013d6f982800 JavaThread "Signal Dispatcher" daemon [_thread_blocked, id=3480, stack(0x0000001b95300000,0x0000001b95400000)]
  0x0000013d6effb800 JavaThread "Attach Listener" daemon [_thread_blocked, id=13116, stack(0x0000001b95400000,0x0000001b95500000)]
  0x0000013d6efff800 JavaThread "Service Thread" daemon [_thread_blocked, id=13920, stack(0x0000001b95500000,0x0000001b95600000)]
  0x0000013d6f002800 JavaThread "C2 CompilerThread0" daemon [_thread_blocked, id=7016, stack(0x0000001b95600000,0x0000001b95700000)]
  0x0000013d6f00f000 JavaThread "C1 CompilerThread0" daemon [_thread_blocked, id=13492, stack(0x0000001b95700000,0x0000001b95800000)]
  0x0000013d6f9bc000 JavaThread "Sweeper thread" daemon [_thread_blocked, id=12016, stack(0x0000001b95800000,0x0000001b95900000)]
  0x0000013d6fac3000 JavaThread "Common-Cleaner" daemon [_thread_blocked, id=6472, stack(0x0000001b95900000,0x0000001b95a00000)]
  0x0000013d708d0000 JavaThread "Daemon health stats" [_thread_blocked, id=4876, stack(0x0000001b95e00000,0x0000001b95f00000)]
  0x0000013d7225a000 JavaThread "Incoming local TCP Connector on port 64833" [_thread_in_native, id=11440, stack(0x0000001b95b00000,0x0000001b95c00000)]
  0x0000013d72027000 JavaThread "Daemon periodic checks" [_thread_blocked, id=13132, stack(0x0000001b95f00000,0x0000001b96000000)]
  0x0000013d7238c800 JavaThread "Cache worker for journal cache (C:\Users\Alnour\.gradle\caches\journal-1)" [_thread_blocked, id=12780, stack(0x0000001b96800000,0x0000001b96900000)]
  0x0000013d72d47800 JavaThread "File lock request listener" [_thread_in_native, id=9444, stack(0x0000001b96900000,0x0000001b96a00000)]
  0x0000013d72f48000 JavaThread "Cache worker for file hash cache (C:\Users\Alnour\.gradle\caches\7.4\fileHashes)" [_thread_blocked, id=6724, stack(0x0000001b96a00000,0x0000001b96b00000)]
  0x0000013d72f48800 JavaThread "File watcher server" daemon [_thread_blocked, id=2404, stack(0x0000001b96b00000,0x0000001b96c00000)]
  0x0000013d72f47000 JavaThread "File watcher consumer" daemon [_thread_blocked, id=6784, stack(0x0000001b96c00000,0x0000001b96d00000)]
  0x0000013d72f49800 JavaThread "jar transforms" [_thread_blocked, id=5680, stack(0x0000001b96d00000,0x0000001b96e00000)]
  0x0000013d72f4a800 JavaThread "jar transforms Thread 2" [_thread_blocked, id=13816, stack(0x0000001b96e00000,0x0000001b96f00000)]
  0x0000013d72f4b000 JavaThread "jar transforms Thread 3" [_thread_blocked, id=5964, stack(0x0000001b96f00000,0x0000001b97000000)]
  0x0000013d72f4c000 JavaThread "jar transforms Thread 4" [_thread_blocked, id=13036, stack(0x0000001b97000000,0x0000001b97100000)]
  0x0000013d712c6000 JavaThread "Cache worker for execution history cache (C:\Users\Alnour\.gradle\caches\7.4\executionHistory)" [_thread_blocked, id=2744, stack(0x0000001b97500000,0x0000001b97600000)]
  0x0000013d712c8000 JavaThread "Cache worker for file content cache (C:\Users\Alnour\.gradle\caches\7.4\fileContent)" [_thread_blocked, id=5936, stack(0x0000001b97700000,0x0000001b97800000)]
  0x0000013d71043000 JavaThread "Memory manager" [_thread_blocked, id=12252, stack(0x0000001b9a200000,0x0000001b9a300000)]
  0x0000013d71044800 JavaThread "pool-3-thread-1" [_thread_blocked, id=13388, stack(0x0000001b9a500000,0x0000001b9a600000)]
  0x0000013d6f01d000 JavaThread "pool-6-thread-1" [_thread_blocked, id=10888, stack(0x0000001b9a000000,0x0000001b9a100000)]
  0x0000013d6f01e000 JavaThread "Daemon Thread 4" [_thread_blocked, id=13896, stack(0x0000001b94700000,0x0000001b94800000)]
  0x0000013d6f01a800 JavaThread "Handler for socket connection from /127.0.0.1:64833 to /127.0.0.1:54535" [_thread_in_native, id=3572, stack(0x0000001b94800000,0x0000001b94900000)]
  0x0000013d6f01a000 JavaThread "Cancel handler" [_thread_blocked, id=13692, stack(0x0000001b94900000,0x0000001b94a00000)]
  0x0000013d6f01c800 JavaThread "Daemon worker Thread 3" [_thread_blocked, id=5456, stack(0x0000001b96000000,0x0000001b96100000)]
  0x0000013d6f01b800 JavaThread "Asynchronous log dispatcher for DefaultDaemonConnection: socket connection from /127.0.0.1:64833 to /127.0.0.1:54535" [_thread_blocked, id=9500, stack(0x0000001b96100000,0x0000001b96200000)]
  0x0000013d6f018800 JavaThread "Stdin handler" [_thread_blocked, id=12772, stack(0x0000001b96200000,0x0000001b96300000)]
  0x0000013d6f01f000 JavaThread "Daemon client event forwarder" [_thread_blocked, id=6872, stack(0x0000001b96300000,0x0000001b96400000)]
  0x0000013d6f019000 JavaThread "Cache worker for checksums cache (F:\mmmmmmmmmmmmm\.gradle\7.4\checksums)" [_thread_blocked, id=13612, stack(0x0000001b96500000,0x0000001b96600000)]
  0x0000013d6f020800 JavaThread "Cache worker for cache directory md-rule (C:\Users\Alnour\.gradle\caches\7.4\md-rule)" [_thread_blocked, id=13120, stack(0x0000001b96600000,0x0000001b96700000)]
  0x0000013d6f01f800 JavaThread "Cache worker for file hash cache (F:\mmmmmmmmmmmmm\.gradle\7.4\fileHashes)" [_thread_blocked, id=2188, stack(0x0000001b97100000,0x0000001b97200000)]
  0x0000013d6f022000 JavaThread "Cache worker for cache directory md-supplier (C:\Users\Alnour\.gradle\caches\7.4\md-supplier)" [_thread_blocked, id=10840, stack(0x0000001b97200000,0x0000001b97300000)]
  0x0000013d6f026000 JavaThread "Cache worker for dependencies-accessors (F:\mmmmmmmmmmmmm\.gradle\7.4\dependencies-accessors)" [_thread_blocked, id=5292, stack(0x0000001b97300000,0x0000001b97400000)]
  0x0000013d6f027000 JavaThread "Cache worker for Build Output Cleanup Cache (F:\mmmmmmmmmmmmm\.gradle\buildOutputCleanup)" [_thread_blocked, id=14304, stack(0x0000001b97400000,0x0000001b97500000)]
  0x0000013d6f021000 JavaThread "Unconstrained build operations" [_thread_blocked, id=9040, stack(0x0000001b97600000,0x0000001b97700000)]
  0x0000013d6f023000 JavaThread "Unconstrained build operations Thread 2" [_thread_blocked, id=10252, stack(0x0000001b97800000,0x0000001b97900000)]
  0x0000013d6f024800 JavaThread "Unconstrained build operations Thread 3" [_thread_blocked, id=6352, stack(0x0000001b97900000,0x0000001b97a00000)]
  0x0000013d6f023800 JavaThread "Unconstrained build operations Thread 4" [_thread_blocked, id=12548, stack(0x0000001b97a00000,0x0000001b97b00000)]
  0x0000013d6f025800 JavaThread "Unconstrained build operations Thread 5" [_thread_blocked, id=904, stack(0x0000001b97b00000,0x0000001b97c00000)]
  0x0000013d7103e800 JavaThread "Unconstrained build operations Thread 6" [_thread_blocked, id=7076, stack(0x0000001b97c00000,0x0000001b97d00000)]
  0x0000013d71039000 JavaThread "Unconstrained build operations Thread 7" [_thread_blocked, id=7368, stack(0x0000001b97d00000,0x0000001b97e00000)]
  0x0000013d7103b800 JavaThread "Unconstrained build operations Thread 8" [_thread_blocked, id=840, stack(0x0000001b97e00000,0x0000001b97f00000)]
  0x0000013d7103c000 JavaThread "Unconstrained build operations Thread 9" [_thread_blocked, id=2124, stack(0x0000001b97f00000,0x0000001b98000000)]
  0x0000013d7103e000 JavaThread "Unconstrained build operations Thread 10" [_thread_blocked, id=9672, stack(0x0000001b98000000,0x0000001b98100000)]
  0x0000013d7103a800 JavaThread "Unconstrained build operations Thread 11" [_thread_blocked, id=4596, stack(0x0000001b98100000,0x0000001b98200000)]
  0x0000013d7103d000 JavaThread "Unconstrained build operations Thread 12" [_thread_blocked, id=12088, stack(0x0000001b98200000,0x0000001b98300000)]
  0x0000013d7103f800 JavaThread "Unconstrained build operations Thread 13" [_thread_blocked, id=13608, stack(0x0000001b98300000,0x0000001b98400000)]
  0x0000013d7103a000 JavaThread "Unconstrained build operations Thread 14" [_thread_blocked, id=5532, stack(0x0000001b98400000,0x0000001b98500000)]
  0x0000013d71043800 JavaThread "Unconstrained build operations Thread 15" [_thread_blocked, id=312, stack(0x0000001b98500000,0x0000001b98600000)]
  0x0000013d71045000 JavaThread "Unconstrained build operations Thread 16" [_thread_blocked, id=6800, stack(0x0000001b98600000,0x0000001b98700000)]
  0x0000013d71046000 JavaThread "Unconstrained build operations Thread 17" [_thread_blocked, id=12304, stack(0x0000001b98700000,0x0000001b98800000)]
  0x0000013d71040800 JavaThread "Unconstrained build operations Thread 18" [_thread_blocked, id=7080, stack(0x0000001b98800000,0x0000001b98900000)]
  0x0000013d71042000 JavaThread "Unconstrained build operations Thread 19" [_thread_blocked, id=6660, stack(0x0000001b98900000,0x0000001b98a00000)]
  0x0000013d71047000 JavaThread "Unconstrained build operations Thread 20" [_thread_blocked, id=7548, stack(0x0000001b98a00000,0x0000001b98b00000)]
  0x0000013d71041000 JavaThread "Unconstrained build operations Thread 21" [_thread_blocked, id=12700, stack(0x0000001b98b00000,0x0000001b98c00000)]
  0x0000013d71047800 JavaThread "Unconstrained build operations Thread 22" [_thread_blocked, id=12336, stack(0x0000001b98c00000,0x0000001b98d00000)]
  0x0000013d712c8800 JavaThread "Unconstrained build operations Thread 23" [_thread_blocked, id=11432, stack(0x0000001b98d00000,0x0000001b98e00000)]
  0x0000013d712c9800 JavaThread "Unconstrained build operations Thread 24" [_thread_blocked, id=10364, stack(0x0000001b98e00000,0x0000001b98f00000)]
  0x0000013d712c3800 JavaThread "Unconstrained build operations Thread 25" [_thread_blocked, id=12776, stack(0x0000001b98f00000,0x0000001b99000000)]
  0x0000013d712ca800 JavaThread "Unconstrained build operations Thread 26" [_thread_blocked, id=11272, stack(0x0000001b99000000,0x0000001b99100000)]
  0x0000013d712c4800 JavaThread "Unconstrained build operations Thread 27" [_thread_blocked, id=9276, stack(0x0000001b99100000,0x0000001b99200000)]
  0x0000013d712cb000 JavaThread "Unconstrained build operations Thread 28" [_thread_blocked, id=13456, stack(0x0000001b99200000,0x0000001b99300000)]
  0x0000013d712c5800 JavaThread "Unconstrained build operations Thread 29" [_thread_blocked, id=11148, stack(0x0000001b99300000,0x0000001b99400000)]
  0x0000013d712cf000 JavaThread "Unconstrained build operations Thread 30" [_thread_blocked, id=6324, stack(0x0000001b99400000,0x0000001b99500000)]
  0x0000013d712cc000 JavaThread "Unconstrained build operations Thread 31" [_thread_blocked, id=1032, stack(0x0000001b99500000,0x0000001b99600000)]
  0x0000013d712ce800 JavaThread "Unconstrained build operations Thread 32" [_thread_blocked, id=10076, stack(0x0000001b99600000,0x0000001b99700000)]
  0x0000013d712cd800 JavaThread "Unconstrained build operations Thread 33" [_thread_blocked, id=12536, stack(0x0000001b99700000,0x0000001b99800000)]
  0x0000013d712cc800 JavaThread "Unconstrained build operations Thread 34" [_thread_blocked, id=3844, stack(0x0000001b99800000,0x0000001b99900000)]
  0x0000013d712d0000 JavaThread "Unconstrained build operations Thread 35" [_thread_blocked, id=7084, stack(0x0000001b99900000,0x0000001b99a00000)]
  0x0000013d72f46800 JavaThread "Unconstrained build operations Thread 36" [_thread_blocked, id=11144, stack(0x0000001b99a00000,0x0000001b99b00000)]
  0x0000013d72f4d000 JavaThread "Unconstrained build operations Thread 37" [_thread_blocked, id=12332, stack(0x0000001b99b00000,0x0000001b99c00000)]
  0x0000013d766a7000 JavaThread "Unconstrained build operations Thread 38" [_thread_blocked, id=6588, stack(0x0000001b99c00000,0x0000001b99d00000)]
  0x0000013d766a8000 JavaThread "Unconstrained build operations Thread 39" [_thread_blocked, id=11820, stack(0x0000001b99d00000,0x0000001b99e00000)]
  0x0000013d766a6800 JavaThread "Unconstrained build operations Thread 40" [_thread_blocked, id=12892, stack(0x0000001b99e00000,0x0000001b99f00000)]
  0x0000013d766a5800 JavaThread "build event listener" [_thread_blocked, id=13436, stack(0x0000001b99f00000,0x0000001b9a000000)]
  0x0000013d766ac000 JavaThread "pool-9-thread-1" [_thread_blocked, id=6328, stack(0x0000001b9a100000,0x0000001b9a200000)]
  0x0000013d766ad000 JavaThread "build event listener" [_thread_blocked, id=7996, stack(0x0000001b9a300000,0x0000001b9a400000)]
  0x0000013d766ae800 JavaThread "included builds" [_thread_blocked, id=9076, stack(0x0000001b9a400000,0x0000001b9a500000)]
  0x0000013d766ad800 JavaThread "Execution worker for ':'" [_thread_blocked, id=8128, stack(0x0000001b9a600000,0x0000001b9a700000)]
  0x0000013d766a9000 JavaThread "Execution worker for ':' Thread 2" [_thread_blocked, id=13808, stack(0x0000001b9a700000,0x0000001b9a800000)]
  0x0000013d766af800 JavaThread "Execution worker for ':' Thread 3" [_thread_blocked, id=9436, stack(0x0000001b9a800000,0x0000001b9a900000)]
  0x0000013d766a9800 JavaThread "Cache worker for execution history cache (F:\mmmmmmmmmmmmm\.gradle\7.4\executionHistory)" [_thread_blocked, id=8140, stack(0x0000001b9a900000,0x0000001b9aa00000)]
  0x0000013d766b0000 JavaThread "WorkerExecutor Queue" [_thread_blocked, id=13932, stack(0x0000001b9aa00000,0x0000001b9ab00000)]
  0x0000013d766ab000 JavaThread "WorkerExecutor Queue Thread 3" [_thread_blocked, id=10612, stack(0x0000001b9ac00000,0x0000001b9ad00000)]
  0x0000013d766b2800 JavaThread "WorkerExecutor Queue Thread 4" [_thread_blocked, id=12528, stack(0x0000001b9ad00000,0x0000001b9ae00000)]
  0x0000013d766b1800 JavaThread "WorkerExecutor Queue Thread 6" [_thread_blocked, id=7524, stack(0x0000001b9af00000,0x0000001b9b000000)]
  0x0000013d7bc1a000 JavaThread "pool-10-thread-1" [_thread_blocked, id=11576, stack(0x0000001b9b000000,0x0000001b9b100000)]
  0x0000013d7bc17800 JavaThread "stderr" [_thread_in_native, id=14152, stack(0x0000001b9b100000,0x0000001b9b200000)]
  0x0000013d7bc1c800 JavaThread "stdout" [_thread_in_native, id=5148, stack(0x0000001b9b200000,0x0000001b9b300000)]
  0x0000013d7bc18800 JavaThread "ForkJoinPool-1-worker-3" daemon [_thread_blocked, id=2032, stack(0x0000001b9ab00000,0x0000001b9ac00000)]
  0x0000013d7bc1f000 JavaThread "ForkJoinPool-1-worker-5" daemon [_thread_blocked, id=1096, stack(0x0000001b9b300000,0x0000001b9b400000)]
  0x0000013d7bc1b000 JavaThread "ForkJoinPool-1-worker-7" daemon [_thread_blocked, id=12620, stack(0x0000001b9b400000,0x0000001b9b500000)]
  0x0000013d7bc1d000 JavaThread "ForkJoinPool-1-worker-1" daemon [_thread_blocked, id=11184, stack(0x0000001b9b500000,0x0000001b9b600000)]
  0x0000013d79f31000 JavaThread "C2 CompilerThread1" daemon [_thread_blocked, id=13992, stack(0x0000001b96400000,0x0000001b96500000)]

Other Threads:
=>0x0000013d6efdc000 VMThread "VM Thread" [stack: 0x0000001b95000000,0x0000001b95100000] [id=5584]
  0x0000013d6fada000 WatcherThread [stack: 0x0000001b95a00000,0x0000001b95b00000] [id=2092]
  0x0000013d54c65800 GCTaskThread "GC Thread#0" [stack: 0x0000001b94b00000,0x0000001b94c00000] [id=13264]
  0x0000013d70419800 GCTaskThread "GC Thread#1" [stack: 0x0000001b95c00000,0x0000001b95d00000] [id=8664]
  0x0000013d6fd3c800 GCTaskThread "GC Thread#2" [stack: 0x0000001b95d00000,0x0000001b95e00000] [id=5772]
  0x0000013d70c1c000 GCTaskThread "GC Thread#3" [stack: 0x0000001b96700000,0x0000001b96800000] [id=8752]
  0x0000013d54c95000 ConcurrentGCThread "G1 Main Marker" [stack: 0x0000001b94c00000,0x0000001b94d00000] [id=1644]
  0x0000013d54c97800 ConcurrentGCThread "G1 Conc#0" [stack: 0x0000001b94d00000,0x0000001b94e00000] [id=12356]
  0x0000013d54d2a000 ConcurrentGCThread "G1 Refine#0" [stack: 0x0000001b94e00000,0x0000001b94f00000] [id=4204]
  0x0000013d54d2b000 ConcurrentGCThread "G1 Young RemSet Sampling" [stack: 0x0000001b94f00000,0x0000001b95000000] [id=10508]

Threads with active compile tasks:
C2 CompilerThread06938357 20335       4       com.android.tools.r8.dex.i::a (1036 bytes)

VM state:at safepoint (normal execution)

VM Mutex/Monitor currently owned by a thread:  ([mutex/lock_event])
[0x0000013d54c463a0] Threads_lock - owner thread: 0x0000013d6efdc000
[0x0000013d54c468b0] Heap_lock - owner thread: 0x0000013d766b1800

Heap address: 0x0000000080000000, size: 2048 MB, Compressed Oops mode: 32-bit
Narrow klass base: 0x0000000000000000, Narrow klass shift: 3
Compressed class space size: 1073741824 Address: 0x0000000100000000

Heap:
 garbage-first heap   total 520192K, used 259788K [0x0000000080000000, 0x0000000100000000)
  region size 1024K, 2 young (2048K), 2 survivors (2048K)
 Metaspace       used 132808K, capacity 135793K, committed 135856K, reserved 1167360K
  class space    used 16297K, capacity 17351K, committed 17408K, reserved 1048576K
Heap Regions: E=young(eden), S=young(survivor), O=old, HS=humongous(starts), HC=humongous(continues), CS=collection set, F=free, A=archive, TAMS=top-at-mark-start (previous, next)
|   0|0x0000000080000000, 0x0000000080100000, 0x0000000080100000|100%|HS|  |TAMS 0x0000000080100000, 0x0000000080000000| Complete 
|   1|0x0000000080100000, 0x0000000080200000, 0x0000000080200000|100%|HC|  |TAMS 0x0000000080200000, 0x0000000080100000| Complete 
|   2|0x0000000080200000, 0x0000000080300000, 0x0000000080300000|100%|HC|  |TAMS 0x0000000080300000, 0x0000000080200000| Complete 
|   3|0x0000000080300000, 0x0000000080400000, 0x0000000080400000|100%| O|  |TAMS 0x0000000080400000, 0x0000000080300000| Updating 
|   4|0x0000000080400000, 0x0000000080500000, 0x0000000080500000|100%| O|  |TAMS 0x0000000080500000, 0x0000000080400000| Updating 
|   5|0x0000000080500000, 0x0000000080600000, 0x0000000080600000|100%| O|  |TAMS 0x0000000080600000, 0x0000000080500000| Updating 
|   6|0x0000000080600000, 0x0000000080700000, 0x0000000080700000|100%| O|  |TAMS 0x0000000080700000, 0x0000000080600000| Updating 
|   7|0x0000000080700000, 0x0000000080800000, 0x0000000080800000|100%| O|  |TAMS 0x0000000080800000, 0x0000000080700000| Updating 
|   8|0x0000000080800000, 0x0000000080900000, 0x0000000080900000|100%| O|  |TAMS 0x0000000080900000, 0x0000000080800000| Updating 
|   9|0x0000000080900000, 0x0000000080a00000, 0x0000000080a00000|100%| O|  |TAMS 0x0000000080a00000, 0x0000000080900000| Updating 
|  10|0x0000000080a00000, 0x0000000080b00000, 0x0000000080b00000|100%| O|  |TAMS 0x0000000080b00000, 0x0000000080a00000| Updating 
|  11|0x0000000080b00000, 0x0000000080c00000, 0x0000000080c00000|100%| O|  |TAMS 0x0000000080c00000, 0x0000000080b00000| Updating 
|  12|0x0000000080c00000, 0x0000000080d00000, 0x0000000080d00000|100%| O|  |TAMS 0x0000000080d00000, 0x0000000080c00000| Updating 
|  13|0x0000000080d00000, 0x0000000080e00000, 0x0000000080e00000|100%| O|  |TAMS 0x0000000080e00000, 0x0000000080d00000| Updating 
|  14|0x0000000080e00000, 0x0000000080f00000, 0x0000000080f00000|100%| O|  |TAMS 0x0000000080f00000, 0x0000000080e00000| Updating 
|  15|0x0000000080f00000, 0x0000000081000000, 0x0000000081000000|100%| O|  |TAMS 0x0000000081000000, 0x0000000080f00000| Updating 
|  16|0x0000000081000000, 0x0000000081100000, 0x0000000081100000|100%|HS|  |TAMS 0x0000000081100000, 0x0000000081000000| Complete 
|  17|0x0000000081100000, 0x0000000081200000, 0x0000000081200000|100%|HC|  |TAMS 0x0000000081200000, 0x0000000081100000| Complete 
|  18|0x0000000081200000, 0x0000000081300000, 0x0000000081300000|100%|HS|  |TAMS 0x0000000081300000, 0x0000000081200000| Complete 
|  19|0x0000000081300000, 0x0000000081400000, 0x0000000081400000|100%|HC|  |TAMS 0x0000000081400000, 0x0000000081300000| Complete 
|  20|0x0000000081400000, 0x0000000081500000, 0x0000000081500000|100%|HC|  |TAMS 0x0000000081500000, 0x0000000081400000| Complete 
|  21|0x0000000081500000, 0x0000000081600000, 0x0000000081600000|100%|HS|  |TAMS 0x0000000081600000, 0x0000000081500000| Complete 
|  22|0x0000000081600000, 0x0000000081700000, 0x0000000081700000|100%|HC|  |TAMS 0x0000000081700000, 0x0000000081600000| Complete 
|  23|0x0000000081700000, 0x0000000081800000, 0x0000000081800000|100%|HC|  |TAMS 0x0000000081800000, 0x0000000081700000| Complete 
|  24|0x0000000081800000, 0x0000000081900000, 0x0000000081900000|100%|HS|  |TAMS 0x0000000081900000, 0x0000000081800000| Complete 
|  25|0x0000000081900000, 0x0000000081a00000, 0x0000000081a00000|100%|HC|  |TAMS 0x0000000081a00000, 0x0000000081900000| Complete 
|  26|0x0000000081a00000, 0x0000000081b00000, 0x0000000081b00000|100%|HC|  |TAMS 0x0000000081b00000, 0x0000000081a00000| Complete 
|  27|0x0000000081b00000, 0x0000000081c00000, 0x0000000081c00000|100%|HC|  |TAMS 0x0000000081c00000, 0x0000000081b00000| Complete 
|  28|0x0000000081c00000, 0x0000000081d00000, 0x0000000081d00000|100%|HC|  |TAMS 0x0000000081d00000, 0x0000000081c00000| Complete 
|  29|0x0000000081d00000, 0x0000000081e00000, 0x0000000081e00000|100%|HS|  |TAMS 0x0000000081e00000, 0x0000000081d00000| Complete 
|  30|0x0000000081e00000, 0x0000000081f00000, 0x0000000081f00000|100%|HS|  |TAMS 0x0000000081f00000, 0x0000000081e00000| Complete 
|  31|0x0000000081f00000, 0x0000000082000000, 0x0000000082000000|100%|HC|  |TAMS 0x0000000082000000, 0x0000000081f00000| Complete 
|  32|0x0000000082000000, 0x0000000082100000, 0x0000000082100000|100%|HC|  |TAMS 0x0000000082100000, 0x0000000082000000| Complete 
|  33|0x0000000082100000, 0x0000000082200000, 0x0000000082200000|100%|HC|  |TAMS 0x0000000082200000, 0x0000000082100000| Complete 
|  34|0x0000000082200000, 0x0000000082300000, 0x0000000082300000|100%|HS|  |TAMS 0x0000000082300000, 0x0000000082200000| Complete 
|  35|0x0000000082300000, 0x0000000082400000, 0x0000000082400000|100%|HC|  |TAMS 0x0000000082400000, 0x0000000082300000| Complete 
|  36|0x0000000082400000, 0x0000000082500000, 0x0000000082500000|100%|HC|  |TAMS 0x0000000082500000, 0x0000000082400000| Complete 
|  37|0x0000000082500000, 0x0000000082600000, 0x0000000082600000|100%| O|  |TAMS 0x0000000082600000, 0x0000000082500000| Updating 
|  38|0x0000000082600000, 0x0000000082700000, 0x0000000082700000|100%| O|  |TAMS 0x0000000082700000, 0x0000000082600000| Updating 
|  39|0x0000000082700000, 0x0000000082800000, 0x0000000082800000|100%| O|  |TAMS 0x0000000082800000, 0x0000000082700000| Updating 
|  40|0x0000000082800000, 0x0000000082900000, 0x0000000082900000|100%| O|  |TAMS 0x0000000082900000, 0x0000000082800000| Updating 
|  41|0x0000000082900000, 0x0000000082a00000, 0x0000000082a00000|100%| O|  |TAMS 0x0000000082a00000, 0x0000000082900000| Updating 
|  42|0x0000000082a00000, 0x0000000082b00000, 0x0000000082b00000|100%| O|  |TAMS 0x0000000082b00000, 0x0000000082a00000| Updating 
|  43|0x0000000082b00000, 0x0000000082c00000, 0x0000000082c00000|100%| O|  |TAMS 0x0000000082c00000, 0x0000000082b00000| Updating 
|  44|0x0000000082c00000, 0x0000000082d00000, 0x0000000082d00000|100%| O|  |TAMS 0x0000000082d00000, 0x0000000082c00000| Updating 
|  45|0x0000000082d00000, 0x0000000082e00000, 0x0000000082e00000|100%| O|  |TAMS 0x0000000082e00000, 0x0000000082d00000| Updating 
|  46|0x0000000082e00000, 0x0000000082f00000, 0x0000000082f00000|100%| O|  |TAMS 0x0000000082f00000, 0x0000000082e00000| Updating 
|  47|0x0000000082f00000, 0x0000000083000000, 0x0000000083000000|100%| O|  |TAMS 0x0000000083000000, 0x0000000082f00000| Updating 
|  48|0x0000000083000000, 0x0000000083100000, 0x0000000083100000|100%|HS|  |TAMS 0x0000000083100000, 0x0000000083000000| Complete 
|  49|0x0000000083100000, 0x0000000083200000, 0x0000000083200000|100%|HC|  |TAMS 0x0000000083200000, 0x0000000083100000| Complete 
|  50|0x0000000083200000, 0x0000000083300000, 0x0000000083300000|100%|HS|  |TAMS 0x0000000083300000, 0x0000000083200000| Complete 
|  51|0x0000000083300000, 0x0000000083400000, 0x0000000083400000|100%|HC|  |TAMS 0x0000000083400000, 0x0000000083300000| Complete 
|  52|0x0000000083400000, 0x0000000083500000, 0x0000000083500000|100%|HC|  |TAMS 0x0000000083500000, 0x0000000083400000| Complete 
|  53|0x0000000083500000, 0x0000000083600000, 0x0000000083600000|100%|HS|  |TAMS 0x0000000083600000, 0x0000000083500000| Complete 
|  54|0x0000000083600000, 0x0000000083700000, 0x0000000083700000|100%|HC|  |TAMS 0x0000000083700000, 0x0000000083600000| Complete 
|  55|0x0000000083700000, 0x0000000083800000, 0x0000000083800000|100%|HC|  |TAMS 0x0000000083800000, 0x0000000083700000| Complete 
|  56|0x0000000083800000, 0x0000000083900000, 0x0000000083900000|100%|HC|  |TAMS 0x0000000083900000, 0x0000000083800000| Complete 
|  57|0x0000000083900000, 0x0000000083a00000, 0x0000000083a00000|100%| O|  |TAMS 0x0000000083a00000, 0x0000000083900000| Updating 
|  58|0x0000000083a00000, 0x0000000083b00000, 0x0000000083b00000|100%| O|  |TAMS 0x0000000083b00000, 0x0000000083a00000| Updating 
|  59|0x0000000083b00000, 0x0000000083c00000, 0x0000000083c00000|100%| O|  |TAMS 0x0000000083c00000, 0x0000000083b00000| Updating 
|  60|0x0000000083c00000, 0x0000000083d00000, 0x0000000083d00000|100%| O|  |TAMS 0x0000000083d00000, 0x0000000083c00000| Updating 
|  61|0x0000000083d00000, 0x0000000083e00000, 0x0000000083e00000|100%| O|  |TAMS 0x0000000083e00000, 0x0000000083d00000| Updating 
|  62|0x0000000083e00000, 0x0000000083f00000, 0x0000000083f00000|100%| O|  |TAMS 0x0000000083f00000, 0x0000000083e00000| Updating 
|  63|0x0000000083f00000, 0x0000000084000000, 0x0000000084000000|100%| O|  |TAMS 0x0000000084000000, 0x0000000083f00000| Updating 
|  64|0x0000000084000000, 0x0000000084100000, 0x0000000084100000|100%| O|  |TAMS 0x0000000084100000, 0x0000000084000000| Updating 
|  65|0x0000000084100000, 0x0000000084200000, 0x0000000084200000|100%| O|  |TAMS 0x0000000084200000, 0x0000000084100000| Updating 
|  66|0x0000000084200000, 0x0000000084300000, 0x0000000084300000|100%| O|  |TAMS 0x0000000084300000, 0x0000000084200000| Updating 
|  67|0x0000000084300000, 0x0000000084400000, 0x0000000084400000|100%| O|  |TAMS 0x0000000084400000, 0x0000000084300000| Updating 
|  68|0x0000000084400000, 0x0000000084500000, 0x0000000084500000|100%|HS|  |TAMS 0x0000000084500000, 0x0000000084400000| Complete 
|  69|0x0000000084500000, 0x0000000084600000, 0x0000000084600000|100%|HC|  |TAMS 0x0000000084600000, 0x0000000084500000| Complete 
|  70|0x0000000084600000, 0x0000000084700000, 0x0000000084700000|100%|HC|  |TAMS 0x0000000084700000, 0x0000000084600000| Complete 
|  71|0x0000000084700000, 0x0000000084800000, 0x0000000084800000|100%|HC|  |TAMS 0x0000000084800000, 0x0000000084700000| Complete 
|  72|0x0000000084800000, 0x0000000084900000, 0x0000000084900000|100%|HC|  |TAMS 0x0000000084900000, 0x0000000084800000| Complete 
|  73|0x0000000084900000, 0x0000000084a00000, 0x0000000084a00000|100%| O|  |TAMS 0x0000000084a00000, 0x0000000084900000| Updating 
|  74|0x0000000084a00000, 0x0000000084b00000, 0x0000000084b00000|100%| O|  |TAMS 0x0000000084b00000, 0x0000000084a00000| Updating 
|  75|0x0000000084b00000, 0x0000000084c00000, 0x0000000084c00000|100%| O|  |TAMS 0x0000000084c00000, 0x0000000084b00000| Updating 
|  76|0x0000000084c00000, 0x0000000084d00000, 0x0000000084d00000|100%| O|  |TAMS 0x0000000084d00000, 0x0000000084c00000| Updating 
|  77|0x0000000084d00000, 0x0000000084e00000, 0x0000000084e00000|100%|HS|  |TAMS 0x0000000084e00000, 0x0000000084d00000| Complete 
|  78|0x0000000084e00000, 0x0000000084f00000, 0x0000000084f00000|100%| O|  |TAMS 0x0000000084f00000, 0x0000000084e00000| Updating 
|  79|0x0000000084f00000, 0x0000000085000000, 0x0000000085000000|100%| O|  |TAMS 0x0000000085000000, 0x0000000084f00000| Updating 
|  80|0x0000000085000000, 0x0000000085100000, 0x0000000085100000|100%|HS|  |TAMS 0x0000000085100000, 0x0000000085000000| Complete 
|  81|0x0000000085100000, 0x0000000085200000, 0x0000000085200000|100%| O|  |TAMS 0x0000000085200000, 0x0000000085100000| Updating 
|  82|0x0000000085200000, 0x0000000085300000, 0x0000000085300000|100%| O|  |TAMS 0x0000000085300000, 0x0000000085200000| Updating 
|  83|0x0000000085300000, 0x0000000085400000, 0x0000000085400000|100%| O|  |TAMS 0x0000000085400000, 0x0000000085300000| Updating 
|  84|0x0000000085400000, 0x0000000085500000, 0x0000000085500000|100%| O|  |TAMS 0x0000000085500000, 0x0000000085400000| Updating 
|  85|0x0000000085500000, 0x0000000085600000, 0x0000000085600000|100%| O|  |TAMS 0x0000000085600000, 0x0000000085500000| Updating 
|  86|0x0000000085600000, 0x0000000085700000, 0x0000000085700000|100%| O|  |TAMS 0x0000000085700000, 0x0000000085600000| Updating 
|  87|0x0000000085700000, 0x0000000085800000, 0x0000000085800000|100%| O|  |TAMS 0x0000000085800000, 0x0000000085700000| Updating 
|  88|0x0000000085800000, 0x0000000085900000, 0x0000000085900000|100%|HS|  |TAMS 0x0000000085900000, 0x0000000085800000| Complete 
|  89|0x0000000085900000, 0x0000000085a00000, 0x0000000085a00000|100%|HC|  |TAMS 0x0000000085a00000, 0x0000000085900000| Complete 
|  90|0x0000000085a00000, 0x0000000085b00000, 0x0000000085b00000|100%| O|  |TAMS 0x0000000085b00000, 0x0000000085a00000| Updating 
|  91|0x0000000085b00000, 0x0000000085c00000, 0x0000000085c00000|100%| O|  |TAMS 0x0000000085c00000, 0x0000000085b00000| Updating 
|  92|0x0000000085c00000, 0x0000000085d00000, 0x0000000085d00000|100%|HS|  |TAMS 0x0000000085d00000, 0x0000000085c00000| Complete 
|  93|0x0000000085d00000, 0x0000000085e00000, 0x0000000085e00000|100%| O|  |TAMS 0x0000000085e00000, 0x0000000085d00000| Updating 
|  94|0x0000000085e00000, 0x0000000085f00000, 0x0000000085f00000|100%| O|  |TAMS 0x0000000085f00000, 0x0000000085e00000| Updating 
|  95|0x0000000085f00000, 0x0000000086000000, 0x0000000086000000|100%| O|  |TAMS 0x0000000086000000, 0x0000000085f00000| Updating 
|  96|0x0000000086000000, 0x0000000086100000, 0x0000000086100000|100%| O|  |TAMS 0x0000000086100000, 0x0000000086000000| Updating 
|  97|0x0000000086100000, 0x0000000086200000, 0x0000000086200000|100%| O|  |TAMS 0x0000000086200000, 0x0000000086100000| Updating 
|  98|0x0000000086200000, 0x0000000086300000, 0x0000000086300000|100%| O|  |TAMS 0x0000000086300000, 0x0000000086200000| Updating 
|  99|0x0000000086300000, 0x0000000086400000, 0x0000000086400000|100%| O|  |TAMS 0x0000000086400000, 0x0000000086300000| Updating 
| 100|0x0000000086400000, 0x0000000086500000, 0x0000000086500000|100%| O|  |TAMS 0x0000000086500000, 0x0000000086400000| Updating 
| 101|0x0000000086500000, 0x0000000086600000, 0x0000000086600000|100%| O|  |TAMS 0x0000000086600000, 0x0000000086500000| Updating 
| 102|0x0000000086600000, 0x0000000086700000, 0x0000000086700000|100%| O|  |TAMS 0x0000000086700000, 0x0000000086600000| Updating 
| 103|0x0000000086700000, 0x0000000086800000, 0x0000000086800000|100%| O|  |TAMS 0x0000000086800000, 0x0000000086700000| Updating 
| 104|0x0000000086800000, 0x0000000086900000, 0x0000000086900000|100%| O|  |TAMS 0x0000000086900000, 0x0000000086800000| Updating 
| 105|0x0000000086900000, 0x0000000086a00000, 0x0000000086a00000|100%| O|  |TAMS 0x0000000086a00000, 0x0000000086900000| Updating 
| 106|0x0000000086a00000, 0x0000000086b00000, 0x0000000086b00000|100%| O|  |TAMS 0x0000000086b00000, 0x0000000086a00000| Updating 
| 107|0x0000000086b00000, 0x0000000086c00000, 0x0000000086c00000|100%| O|  |TAMS 0x0000000086c00000, 0x0000000086b00000| Updating 
| 108|0x0000000086c00000, 0x0000000086d00000, 0x0000000086d00000|100%| O|  |TAMS 0x0000000086d00000, 0x0000000086c00000| Updating 
| 109|0x0000000086d00000, 0x0000000086e00000, 0x0000000086e00000|100%|HS|  |TAMS 0x0000000086e00000, 0x0000000086d00000| Complete 
| 110|0x0000000086e00000, 0x0000000086f00000, 0x0000000086f00000|100%|HC|  |TAMS 0x0000000086f00000, 0x0000000086e00000| Complete 
| 111|0x0000000086f00000, 0x0000000087000000, 0x0000000087000000|100%|HS|  |TAMS 0x0000000087000000, 0x0000000086f00000| Complete 
| 112|0x0000000087000000, 0x0000000087100000, 0x0000000087100000|100%|HC|  |TAMS 0x0000000087100000, 0x0000000087000000| Complete 
| 113|0x0000000087100000, 0x0000000087200000, 0x0000000087200000|100%|HC|  |TAMS 0x0000000087200000, 0x0000000087100000| Complete 
| 114|0x0000000087200000, 0x0000000087300000, 0x0000000087300000|100%|HS|  |TAMS 0x0000000087300000, 0x0000000087200000| Complete 
| 115|0x0000000087300000, 0x0000000087400000, 0x0000000087400000|100%|HC|  |TAMS 0x0000000087400000, 0x0000000087300000| Complete 
| 116|0x0000000087400000, 0x0000000087500000, 0x0000000087500000|100%|HC|  |TAMS 0x0000000087500000, 0x0000000087400000| Complete 
| 117|0x0000000087500000, 0x0000000087600000, 0x0000000087600000|100%|HS|  |TAMS 0x0000000087600000, 0x0000000087500000| Complete 
| 118|0x0000000087600000, 0x0000000087700000, 0x0000000087700000|100%|HC|  |TAMS 0x0000000087700000, 0x0000000087600000| Complete 
| 119|0x0000000087700000, 0x0000000087800000, 0x0000000087800000|100%|HC|  |TAMS 0x0000000087800000, 0x0000000087700000| Complete 
| 120|0x0000000087800000, 0x0000000087900000, 0x0000000087900000|100%|HC|  |TAMS 0x0000000087900000, 0x0000000087800000| Complete 
| 121|0x0000000087900000, 0x0000000087a00000, 0x0000000087a00000|100%|HC|  |TAMS 0x0000000087a00000, 0x0000000087900000| Complete 
| 122|0x0000000087a00000, 0x0000000087b00000, 0x0000000087b00000|100%| O|  |TAMS 0x0000000087b00000, 0x0000000087a00000| Updating 
| 123|0x0000000087b00000, 0x0000000087c00000, 0x0000000087c00000|100%|HS|  |TAMS 0x0000000087c00000, 0x0000000087b00000| Complete 
| 124|0x0000000087c00000, 0x0000000087d00000, 0x0000000087d00000|100%|HS|  |TAMS 0x0000000087d00000, 0x0000000087c00000| Complete 
| 125|0x0000000087d00000, 0x0000000087e00000, 0x0000000087e00000|100%|HC|  |TAMS 0x0000000087e00000, 0x0000000087d00000| Complete 
| 126|0x0000000087e00000, 0x0000000087f00000, 0x0000000087f00000|100%|HC|  |TAMS 0x0000000087f00000, 0x0000000087e00000| Complete 
| 127|0x0000000087f00000, 0x0000000088000000, 0x0000000088000000|100%|HC|  |TAMS 0x0000000088000000, 0x0000000087f00000| Complete 
| 128|0x0000000088000000, 0x0000000088100000, 0x0000000088100000|100%| O|  |TAMS 0x0000000088100000, 0x0000000088000000| Updating 
| 129|0x0000000088100000, 0x0000000088200000, 0x0000000088200000|100%| O|  |TAMS 0x0000000088200000, 0x0000000088100000| Updating 
| 130|0x0000000088200000, 0x0000000088300000, 0x0000000088300000|100%| O|  |TAMS 0x0000000088300000, 0x0000000088200000| Updating 
| 131|0x0000000088300000, 0x0000000088400000, 0x0000000088400000|100%| O|  |TAMS 0x0000000088400000, 0x0000000088300000| Updating 
| 132|0x0000000088400000, 0x0000000088500000, 0x0000000088500000|100%| O|  |TAMS 0x0000000088500000, 0x0000000088400000| Updating 
| 133|0x0000000088500000, 0x0000000088600000, 0x0000000088600000|100%| O|  |TAMS 0x0000000088600000, 0x0000000088500000| Updating 
| 134|0x0000000088600000, 0x0000000088700000, 0x0000000088700000|100%| O|  |TAMS 0x0000000088700000, 0x0000000088600000| Updating 
| 135|0x0000000088700000, 0x0000000088800000, 0x0000000088800000|100%| O|  |TAMS 0x0000000088800000, 0x0000000088700000| Updating 
| 136|0x0000000088800000, 0x0000000088900000, 0x0000000088900000|100%| O|  |TAMS 0x0000000088900000, 0x0000000088800000| Updating 
| 137|0x0000000088900000, 0x0000000088a00000, 0x0000000088a00000|100%| O|  |TAMS 0x0000000088a00000, 0x0000000088900000| Updating 
| 138|0x0000000088a00000, 0x0000000088b00000, 0x0000000088b00000|100%| O|  |TAMS 0x0000000088b00000, 0x0000000088a00000| Updating 
| 139|0x0000000088b00000, 0x0000000088c00000, 0x0000000088c00000|100%| O|  |TAMS 0x0000000088c00000, 0x0000000088b00000| Updating 
| 140|0x0000000088c00000, 0x0000000088d00000, 0x0000000088d00000|100%| O|  |TAMS 0x0000000088d00000, 0x0000000088c00000| Updating 
| 141|0x0000000088d00000, 0x0000000088e00000, 0x0000000088e00000|100%| O|  |TAMS 0x0000000088e00000, 0x0000000088d00000| Updating 
| 142|0x0000000088e00000, 0x0000000088f00000, 0x0000000088f00000|100%| O|  |TAMS 0x0000000088f00000, 0x0000000088e00000| Updating 
| 143|0x0000000088f00000, 0x0000000089000000, 0x0000000089000000|100%| O|  |TAMS 0x0000000089000000, 0x0000000088f00000| Updating 
| 144|0x0000000089000000, 0x0000000089100000, 0x0000000089100000|100%| O|  |TAMS 0x0000000089080000, 0x0000000089000000| Updating 
| 145|0x0000000089100000, 0x0000000089200000, 0x0000000089200000|100%|HS|  |TAMS 0x0000000089200000, 0x0000000089100000| Complete 
| 146|0x0000000089200000, 0x0000000089300000, 0x0000000089300000|100%|HC|  |TAMS 0x0000000089300000, 0x0000000089200000| Complete 
| 147|0x0000000089300000, 0x0000000089400000, 0x0000000089400000|100%|HS|  |TAMS 0x0000000089400000, 0x0000000089300000| Complete 
| 148|0x0000000089400000, 0x0000000089500000, 0x0000000089500000|100%|HS|  |TAMS 0x0000000089500000, 0x0000000089400000| Complete 
| 149|0x0000000089500000, 0x0000000089600000, 0x0000000089600000|100%|HS|  |TAMS 0x0000000089600000, 0x0000000089500000| Complete 
| 150|0x0000000089600000, 0x0000000089700000, 0x0000000089700000|100%|HC|  |TAMS 0x0000000089700000, 0x0000000089600000| Complete 
| 151|0x0000000089700000, 0x0000000089800000, 0x0000000089800000|100%|HS|  |TAMS 0x0000000089800000, 0x0000000089700000| Complete 
| 152|0x0000000089800000, 0x0000000089900000, 0x0000000089900000|100%|HC|  |TAMS 0x0000000089900000, 0x0000000089800000| Complete 
| 153|0x0000000089900000, 0x0000000089a00000, 0x0000000089a00000|100%|HS|  |TAMS 0x0000000089a00000, 0x0000000089900000| Complete 
| 154|0x0000000089a00000, 0x0000000089b00000, 0x0000000089b00000|100%|HC|  |TAMS 0x0000000089b00000, 0x0000000089a00000| Complete 
| 155|0x0000000089b00000, 0x0000000089c00000, 0x0000000089c00000|100%|HC|  |TAMS 0x0000000089c00000, 0x0000000089b00000| Complete 
| 156|0x0000000089c00000, 0x0000000089d00000, 0x0000000089d00000|100%| O|  |TAMS 0x0000000089c00000, 0x0000000089c00000| Untracked 
| 157|0x0000000089d00000, 0x0000000089e00000, 0x0000000089e00000|100%| O|  |TAMS 0x0000000089e00000, 0x0000000089d00000| Updating 
| 158|0x0000000089e00000, 0x0000000089f00000, 0x0000000089f00000|100%| O|  |TAMS 0x0000000089f00000, 0x0000000089e00000| Updating 
| 159|0x0000000089f00000, 0x000000008a000000, 0x000000008a000000|100%| O|  |TAMS 0x000000008a000000, 0x0000000089f00000| Updating 
| 160|0x000000008a000000, 0x000000008a100000, 0x000000008a100000|100%| O|  |TAMS 0x000000008a100000, 0x000000008a000000| Updating 
| 161|0x000000008a100000, 0x000000008a200000, 0x000000008a200000|100%| O|  |TAMS 0x000000008a200000, 0x000000008a100000| Updating 
| 162|0x000000008a200000, 0x000000008a300000, 0x000000008a300000|100%| O|  |TAMS 0x000000008a300000, 0x000000008a200000| Updating 
| 163|0x000000008a300000, 0x000000008a400000, 0x000000008a400000|100%| O|  |TAMS 0x000000008a300000, 0x000000008a300000| Untracked 
| 164|0x000000008a400000, 0x000000008a400000, 0x000000008a500000|  0%| F|  |TAMS 0x000000008a400000, 0x000000008a400000| Untracked 
| 165|0x000000008a500000, 0x000000008a600000, 0x000000008a600000|100%| O|  |TAMS 0x000000008a600000, 0x000000008a500000| Updating 
| 166|0x000000008a600000, 0x000000008a700000, 0x000000008a700000|100%| O|  |TAMS 0x000000008a700000, 0x000000008a600000| Updating 
| 167|0x000000008a700000, 0x000000008a800000, 0x000000008a800000|100%| O|  |TAMS 0x000000008a800000, 0x000000008a700000| Updating 
| 168|0x000000008a800000, 0x000000008a800000, 0x000000008a900000|  0%| F|  |TAMS 0x000000008a800000, 0x000000008a800000| Untracked 
| 169|0x000000008a900000, 0x000000008aa00000, 0x000000008aa00000|100%| O|  |TAMS 0x000000008aa00000, 0x000000008a900000| Updating 
| 170|0x000000008aa00000, 0x000000008ab00000, 0x000000008ab00000|100%| O|  |TAMS 0x000000008ab00000, 0x000000008aa00000| Updating 
| 171|0x000000008ab00000, 0x000000008ac00000, 0x000000008ac00000|100%| O|  |TAMS 0x000000008ac00000, 0x000000008ab00000| Updating 
| 172|0x000000008ac00000, 0x000000008ad00000, 0x000000008ad00000|100%| O|  |TAMS 0x000000008ad00000, 0x000000008ac00000| Updating 
| 173|0x000000008ad00000, 0x000000008ae00000, 0x000000008ae00000|100%|HS|  |TAMS 0x000000008ae00000, 0x000000008ad00000| Complete 
| 174|0x000000008ae00000, 0x000000008af00000, 0x000000008af00000|100%| O|  |TAMS 0x000000008af00000, 0x000000008ae00000| Updating 
| 175|0x000000008af00000, 0x000000008b000000, 0x000000008b000000|100%| O|  |TAMS 0x000000008b000000, 0x000000008af00000| Updating 
| 176|0x000000008b000000, 0x000000008b000000, 0x000000008b100000|  0%| F|  |TAMS 0x000000008b000000, 0x000000008b000000| Untracked 
| 177|0x000000008b100000, 0x000000008b100000, 0x000000008b200000|  0%| F|  |TAMS 0x000000008b100000, 0x000000008b100000| Untracked 
| 178|0x000000008b200000, 0x000000008b300000, 0x000000008b300000|100%| O|  |TAMS 0x000000008b300000, 0x000000008b200000| Updating 
| 179|0x000000008b300000, 0x000000008b300000, 0x000000008b400000|  0%| F|  |TAMS 0x000000008b300000, 0x000000008b300000| Untracked 
| 180|0x000000008b400000, 0x000000008b500000, 0x000000008b500000|100%| O|  |TAMS 0x000000008b500000, 0x000000008b400000| Updating 
| 181|0x000000008b500000, 0x000000008b600000, 0x000000008b600000|100%| O|  |TAMS 0x000000008b600000, 0x000000008b500000| Updating 
| 182|0x000000008b600000, 0x000000008b700000, 0x000000008b700000|100%| O|  |TAMS 0x000000008b700000, 0x000000008b600000| Updating 
| 183|0x000000008b700000, 0x000000008b800000, 0x000000008b800000|100%|HS|  |TAMS 0x000000008b800000, 0x000000008b700000| Complete 
| 184|0x000000008b800000, 0x000000008b900000, 0x000000008b900000|100%|HC|  |TAMS 0x000000008b900000, 0x000000008b800000| Complete 
| 185|0x000000008b900000, 0x000000008ba00000, 0x000000008ba00000|100%| O|  |TAMS 0x000000008ba00000, 0x000000008b900000| Updating 
| 186|0x000000008ba00000, 0x000000008bb00000, 0x000000008bb00000|100%| O|  |TAMS 0x000000008bb00000, 0x000000008ba00000| Updating 
| 187|0x000000008bb00000, 0x000000008bc00000, 0x000000008bc00000|100%| O|  |TAMS 0x000000008bc00000, 0x000000008bb00000| Updating 
| 188|0x000000008bc00000, 0x000000008bd00000, 0x000000008bd00000|100%|HS|  |TAMS 0x000000008bd00000, 0x000000008bc00000| Complete 
| 189|0x000000008bd00000, 0x000000008be00000, 0x000000008be00000|100%|HC|  |TAMS 0x000000008be00000, 0x000000008bd00000| Complete 
| 190|0x000000008be00000, 0x000000008bf00000, 0x000000008bf00000|100%| O|  |TAMS 0x000000008bf00000, 0x000000008be00000| Updating 
| 191|0x000000008bf00000, 0x000000008c000000, 0x000000008c000000|100%| O|  |TAMS 0x000000008c000000, 0x000000008bf00000| Updating 
| 192|0x000000008c000000, 0x000000008c100000, 0x000000008c100000|100%|HS|  |TAMS 0x000000008c100000, 0x000000008c000000| Complete 
| 193|0x000000008c100000, 0x000000008c200000, 0x000000008c200000|100%|HS|  |TAMS 0x000000008c200000, 0x000000008c100000| Complete 
| 194|0x000000008c200000, 0x000000008c300000, 0x000000008c300000|100%|HC|  |TAMS 0x000000008c300000, 0x000000008c200000| Complete 
| 195|0x000000008c300000, 0x000000008c400000, 0x000000008c400000|100%|HS|  |TAMS 0x000000008c400000, 0x000000008c300000| Complete 
| 196|0x000000008c400000, 0x000000008c500000, 0x000000008c500000|100%| O|  |TAMS 0x000000008c500000, 0x000000008c400000| Updating 
| 197|0x000000008c500000, 0x000000008c600000, 0x000000008c600000|100%| O|  |TAMS 0x000000008c600000, 0x000000008c500000| Updating 
| 198|0x000000008c600000, 0x000000008c700000, 0x000000008c700000|100%| O|  |TAMS 0x000000008c700000, 0x000000008c600000| Updating 
| 199|0x000000008c700000, 0x000000008c800000, 0x000000008c800000|100%| O|  |TAMS 0x000000008c800000, 0x000000008c700000| Updating 
| 200|0x000000008c800000, 0x000000008c900000, 0x000000008c900000|100%| O|  |TAMS 0x000000008c900000, 0x000000008c800000| Updating 
| 201|0x000000008c900000, 0x000000008ca00000, 0x000000008ca00000|100%|HS|  |TAMS 0x000000008ca00000, 0x000000008c900000| Complete 
| 202|0x000000008ca00000, 0x000000008cb00000, 0x000000008cb00000|100%|HC|  |TAMS 0x000000008cb00000, 0x000000008ca00000| Complete 
| 203|0x000000008cb00000, 0x000000008cc00000, 0x000000008cc00000|100%|HC|  |TAMS 0x000000008cc00000, 0x000000008cb00000| Complete 
| 204|0x000000008cc00000, 0x000000008cd00000, 0x000000008cd00000|100%| O|  |TAMS 0x000000008cd00000, 0x000000008cc00000| Updating 
| 205|0x000000008cd00000, 0x000000008ce00000, 0x000000008ce00000|100%| O|  |TAMS 0x000000008ce00000, 0x000000008cd00000| Updating 
| 206|0x000000008ce00000, 0x000000008cf00000, 0x000000008cf00000|100%| O|  |TAMS 0x000000008cf00000, 0x000000008ce00000| Updating 
| 207|0x000000008cf00000, 0x000000008d000000, 0x000000008d000000|100%| O|  |TAMS 0x000000008d000000, 0x000000008cf00000| Updating 
| 208|0x000000008d000000, 0x000000008d100000, 0x000000008d100000|100%| O|  |TAMS 0x000000008d100000, 0x000000008d000000| Updating 
| 209|0x000000008d100000, 0x000000008d100000, 0x000000008d200000|  0%| F|  |TAMS 0x000000008d100000, 0x000000008d100000| Untracked 
| 210|0x000000008d200000, 0x000000008d300000, 0x000000008d300000|100%| O|  |TAMS 0x000000008d300000, 0x000000008d200000| Updating 
| 211|0x000000008d300000, 0x000000008d400000, 0x000000008d400000|100%| O|  |TAMS 0x000000008d400000, 0x000000008d300000| Updating 
| 212|0x000000008d400000, 0x000000008d500000, 0x000000008d500000|100%| O|  |TAMS 0x000000008d500000, 0x000000008d400000| Updating 
| 213|0x000000008d500000, 0x000000008d600000, 0x000000008d600000|100%| O|  |TAMS 0x000000008d600000, 0x000000008d500000| Updating 
| 214|0x000000008d600000, 0x000000008d700000, 0x000000008d700000|100%| O|  |TAMS 0x000000008d700000, 0x000000008d600000| Updating 
| 215|0x000000008d700000, 0x000000008d800000, 0x000000008d800000|100%| O|  |TAMS 0x000000008d800000, 0x000000008d700000| Updating 
| 216|0x000000008d800000, 0x000000008d900000, 0x000000008d900000|100%| O|  |TAMS 0x000000008d900000, 0x000000008d800000| Updating 
| 217|0x000000008d900000, 0x000000008da00000, 0x000000008da00000|100%| O|  |TAMS 0x000000008da00000, 0x000000008d900000| Updating 
| 218|0x000000008da00000, 0x000000008db00000, 0x000000008db00000|100%| O|  |TAMS 0x000000008db00000, 0x000000008da00000| Updating 
| 219|0x000000008db00000, 0x000000008db00000, 0x000000008dc00000|  0%| F|  |TAMS 0x000000008db00000, 0x000000008db00000| Untracked 
| 220|0x000000008dc00000, 0x000000008dd00000, 0x000000008dd00000|100%| O|  |TAMS 0x000000008dd00000, 0x000000008dc00000| Updating 
| 221|0x000000008dd00000, 0x000000008de00000, 0x000000008de00000|100%| O|  |TAMS 0x000000008de00000, 0x000000008dd00000| Updating 
| 222|0x000000008de00000, 0x000000008df00000, 0x000000008df00000|100%| O|  |TAMS 0x000000008df00000, 0x000000008de00000| Updating 
| 223|0x000000008df00000, 0x000000008e000000, 0x000000008e000000|100%| O|  |TAMS 0x000000008e000000, 0x000000008df00000| Updating 
| 224|0x000000008e000000, 0x000000008e100000, 0x000000008e100000|100%| O|  |TAMS 0x000000008e100000, 0x000000008e000000| Updating 
| 225|0x000000008e100000, 0x000000008e200000, 0x000000008e200000|100%| O|  |TAMS 0x000000008e200000, 0x000000008e100000| Updating 
| 226|0x000000008e200000, 0x000000008e300000, 0x000000008e300000|100%| O|  |TAMS 0x000000008e300000, 0x000000008e200000| Updating 
| 227|0x000000008e300000, 0x000000008e400000, 0x000000008e400000|100%| O|  |TAMS 0x000000008e400000, 0x000000008e300000| Updating 
| 228|0x000000008e400000, 0x000000008e500000, 0x000000008e500000|100%| O|  |TAMS 0x000000008e500000, 0x000000008e400000| Updating 
| 229|0x000000008e500000, 0x000000008e600000, 0x000000008e600000|100%| O|  |TAMS 0x000000008e600000, 0x000000008e500000| Updating 
| 230|0x000000008e600000, 0x000000008e700000, 0x000000008e700000|100%| O|  |TAMS 0x000000008e700000, 0x000000008e600000| Updating 
| 231|0x000000008e700000, 0x000000008e800000, 0x000000008e800000|100%| O|  |TAMS 0x000000008e800000, 0x000000008e700000| Updating 
| 232|0x000000008e800000, 0x000000008e900000, 0x000000008e900000|100%| O|  |TAMS 0x000000008e900000, 0x000000008e800000| Updating 
| 233|0x000000008e900000, 0x000000008ea00000, 0x000000008ea00000|100%| O|  |TAMS 0x000000008ea00000, 0x000000008e900000| Updating 
| 234|0x000000008ea00000, 0x000000008eb00000, 0x000000008eb00000|100%| O|  |TAMS 0x000000008eb00000, 0x000000008ea00000| Updating 
| 235|0x000000008eb00000, 0x000000008ec00000, 0x000000008ec00000|100%| O|  |TAMS 0x000000008ec00000, 0x000000008eb00000| Updating 
| 236|0x000000008ec00000, 0x000000008ed00000, 0x000000008ed00000|100%| O|  |TAMS 0x000000008ed00000, 0x000000008ec00000| Updating 
| 237|0x000000008ed00000, 0x000000008ee00000, 0x000000008ee00000|100%| O|  |TAMS 0x000000008ee00000, 0x000000008ed00000| Updating 
| 238|0x000000008ee00000, 0x000000008ef00000, 0x000000008ef00000|100%| O|  |TAMS 0x000000008ef00000, 0x000000008ee00000| Updating 
| 239|0x000000008ef00000, 0x000000008f000000, 0x000000008f000000|100%| O|  |TAMS 0x000000008f000000, 0x000000008ef00000| Updating 
| 240|0x000000008f000000, 0x000000008f100000, 0x000000008f100000|100%| O|  |TAMS 0x000000008f100000, 0x000000008f000000| Updating 
| 241|0x000000008f100000, 0x000000008f200000, 0x000000008f200000|100%| O|  |TAMS 0x000000008f200000, 0x000000008f100000| Updating 
| 242|0x000000008f200000, 0x000000008f300000, 0x000000008f300000|100%| O|  |TAMS 0x000000008f300000, 0x000000008f200000| Updating 
| 243|0x000000008f300000, 0x000000008f400000, 0x000000008f400000|100%| O|  |TAMS 0x000000008f400000, 0x000000008f300000| Updating 
| 244|0x000000008f400000, 0x000000008f500000, 0x000000008f500000|100%| O|  |TAMS 0x000000008f500000, 0x000000008f400000| Updating 
| 245|0x000000008f500000, 0x000000008f600000, 0x000000008f600000|100%| O|  |TAMS 0x000000008f600000, 0x000000008f500000| Updating 
| 246|0x000000008f600000, 0x000000008f700000, 0x000000008f700000|100%| O|  |TAMS 0x000000008f700000, 0x000000008f600000| Updating 
| 247|0x000000008f700000, 0x000000008f800000, 0x000000008f800000|100%| O|  |TAMS 0x000000008f800000, 0x000000008f700000| Updating 
| 248|0x000000008f800000, 0x000000008f900000, 0x000000008f900000|100%| O|  |TAMS 0x000000008f900000, 0x000000008f800000| Updating 
| 249|0x000000008f900000, 0x000000008fa00000, 0x000000008fa00000|100%| O|  |TAMS 0x000000008fa00000, 0x000000008f900000| Updating 
| 250|0x000000008fa00000, 0x000000008fb00000, 0x000000008fb00000|100%| O|  |TAMS 0x000000008fb00000, 0x000000008fa00000| Updating 
| 251|0x000000008fb00000, 0x000000008fc00000, 0x000000008fc00000|100%| O|  |TAMS 0x000000008fc00000, 0x000000008fb00000| Updating 
| 252|0x000000008fc00000, 0x000000008fc00000, 0x000000008fd00000|  0%| F|  |TAMS 0x000000008fc00000, 0x000000008fc00000| Untracked 
| 253|0x000000008fd00000, 0x000000008fd00000, 0x000000008fe00000|  0%| F|  |TAMS 0x000000008fd00000, 0x000000008fd00000| Untracked 
| 254|0x000000008fe00000, 0x000000008feb31a0, 0x000000008ff00000| 69%| S|CS|TAMS 0x000000008fe00000, 0x000000008fe00000| Complete 
| 255|0x000000008ff00000, 0x0000000090000000, 0x0000000090000000|100%| S|CS|TAMS 0x000000008ff00000, 0x000000008ff00000| Complete 
| 256|0x0000000090000000, 0x0000000090000000, 0x0000000090100000|  0%| F|  |TAMS 0x0000000090000000, 0x0000000090000000| Untracked 
| 257|0x0000000090100000, 0x0000000090100000, 0x0000000090200000|  0%| F|  |TAMS 0x0000000090100000, 0x0000000090100000| Untracked 
| 258|0x0000000090200000, 0x0000000090200000, 0x0000000090300000|  0%| F|  |TAMS 0x0000000090200000, 0x0000000090200000| Untracked 
| 259|0x0000000090300000, 0x0000000090300000, 0x0000000090400000|  0%| F|  |TAMS 0x0000000090300000, 0x0000000090300000| Untracked 
| 260|0x0000000090400000, 0x0000000090400000, 0x0000000090500000|  0%| F|  |TAMS 0x0000000090400000, 0x0000000090400000| Untracked 
| 261|0x0000000090500000, 0x0000000090500000, 0x0000000090600000|  0%| F|  |TAMS 0x0000000090500000, 0x0000000090500000| Untracked 
| 262|0x0000000090600000, 0x0000000090600000, 0x0000000090700000|  0%| F|  |TAMS 0x0000000090600000, 0x0000000090600000| Untracked 
| 263|0x0000000090700000, 0x0000000090700000, 0x0000000090800000|  0%| F|  |TAMS 0x0000000090700000, 0x0000000090700000| Untracked 
| 264|0x0000000090800000, 0x0000000090800000, 0x0000000090900000|  0%| F|  |TAMS 0x0000000090800000, 0x0000000090800000| Untracked 
| 265|0x0000000090900000, 0x0000000090900000, 0x0000000090a00000|  0%| F|  |TAMS 0x0000000090900000, 0x0000000090900000| Untracked 
| 266|0x0000000090a00000, 0x0000000090a00000, 0x0000000090b00000|  0%| F|  |TAMS 0x0000000090a00000, 0x0000000090a00000| Untracked 
| 267|0x0000000090b00000, 0x0000000090c00000, 0x0000000090c00000|100%| O|  |TAMS 0x0000000090c00000, 0x0000000090b00000| Updating 
| 268|0x0000000090c00000, 0x0000000090d00000, 0x0000000090d00000|100%| O|  |TAMS 0x0000000090d00000, 0x0000000090c00000| Updating 
| 269|0x0000000090d00000, 0x0000000090e00000, 0x0000000090e00000|100%| O|  |TAMS 0x0000000090e00000, 0x0000000090d00000| Updating 
| 270|0x0000000090e00000, 0x0000000090f00000, 0x0000000090f00000|100%| O|  |TAMS 0x0000000090f00000, 0x0000000090e00000| Updating 
| 271|0x0000000090f00000, 0x0000000091000000, 0x0000000091000000|100%| O|  |TAMS 0x0000000091000000, 0x0000000090f00000| Updating 
| 272|0x0000000091000000, 0x0000000091100000, 0x0000000091100000|100%| O|  |TAMS 0x0000000091100000, 0x0000000091000000| Updating 
| 273|0x0000000091100000, 0x0000000091200000, 0x0000000091200000|100%| O|  |TAMS 0x0000000091200000, 0x0000000091100000| Updating 

Card table byte_map: [0x0000013d681a0000,0x0000013d685a0000] _byte_map_base: 0x0000013d67da0000

Marking Bits (Prev, Next): (CMBitMap*) 0x0000013d54c8c308, (CMBitMap*) 0x0000013d54c8c340
 Prev Bits: [0x0000013d689a0000, 0x0000013d6a9a0000)
 Next Bits: [0x0000013d6a9a0000, 0x0000013d6c9a0000)

Polling page: 0x0000013d53350000

Metaspace:

Usage:
  Non-class:    115.67 MB capacity,   113.78 MB ( 98%) used,     1.53 MB (  1%) free+waste,   367.31 KB ( <1%) overhead. 
      Class:     16.94 MB capacity,    15.92 MB ( 94%) used,   896.80 KB (  5%) free+waste,   157.06 KB ( <1%) overhead. 
       Both:    132.61 MB capacity,   129.70 MB ( 98%) used,     2.40 MB (  2%) free+waste,   524.38 KB ( <1%) overhead. 

Virtual space:
  Non-class space:      116.00 MB reserved,     115.67 MB (>99%) committed 
      Class space:        1.00 GB reserved,      17.00 MB (  2%) committed 
             Both:        1.11 GB reserved,     132.67 MB ( 12%) committed 

Chunk freelists:
   Non-Class:  6.00 KB
       Class:  25.00 KB
        Both:  31.00 KB

MaxMetaspaceSize: 17179869184.00 GB
CompressedClassSpaceSize: 1.00 GB
Initial GC threshold: 20.80 MB
Current GC threshold: 220.70 MB
CDS: off

CodeHeap 'non-profiled nmethods': size=120064Kb used=13784Kb max_used=13784Kb free=106279Kb
 bounds [0x0000013d60230000, 0x0000013d60fb0000, 0x0000013d67770000]
CodeHeap 'profiled nmethods': size=120000Kb used=42461Kb max_used=42461Kb free=77538Kb
 bounds [0x0000013d58d00000, 0x0000013d5b710000, 0x0000013d60230000]
CodeHeap 'non-nmethods': size=5696Kb used=2465Kb max_used=2528Kb free=3230Kb
 bounds [0x0000013d58770000, 0x0000013d58a00000, 0x0000013d58d00000]
 total_blobs=19839 nmethods=18838 adapters=913
 compilation: enabled
              stopped_count=0, restarted_count=0
 full_count=0

Compilation events (20 events):
Event: 6937.202 Thread 0x0000013d79f31000 20368       4       com.android.tools.r8.code.H0::hashCode (24 bytes)
Event: 6937.209 Thread 0x0000013d79f31000 nmethod 20368 0x0000013d60fa1310 code [0x0000013d60fa14c0, 0x0000013d60fa1788]
Event: 6937.209 Thread 0x0000013d79f31000 20370       4       com.android.tools.r8.graph.S0::a (8 bytes)
Event: 6937.209 Thread 0x0000013d79f31000 nmethod 20370 0x0000013d60fa1990 code [0x0000013d60fa1b20, 0x0000013d60fa1b98]
Event: 6937.209 Thread 0x0000013d79f31000 20344       4       com.android.tools.r8.graph.f1::<init> (5 bytes)
Event: 6937.210 Thread 0x0000013d79f31000 nmethod 20344 0x0000013d60fa1c90 code [0x0000013d60fa1e20, 0x0000013d60fa1e78]
Event: 6937.210 Thread 0x0000013d79f31000 20478       4       com.android.tools.r8.internal.rK::next (13 bytes)
Event: 6937.212 Thread 0x0000013d79f31000 nmethod 20478 0x0000013d60fa1f90 code [0x0000013d60fa2140, 0x0000013d60fa2278]
Event: 6937.212 Thread 0x0000013d79f31000 20483       4       org.gradle.internal.file.FileHierarchySet$Node::contains (101 bytes)
Event: 6937.213 Thread 0x0000013d6f00f000 20484       3       com.google.common.io.ByteStreams::copy (51 bytes)
Event: 6937.214 Thread 0x0000013d6f00f000 nmethod 20484 0x0000013d59776e10 code [0x0000013d59777040, 0x0000013d59777758]
Event: 6937.382 Thread 0x0000013d79f31000 nmethod 20483 0x0000013d60fa2490 code [0x0000013d60fa2760, 0x0000013d60fa4358]
Event: 6937.382 Thread 0x0000013d79f31000 20485       4       java.lang.String::getBytes (25 bytes)
Event: 6937.383 Thread 0x0000013d79f31000 nmethod 20485 0x0000013d60fa5410 code [0x0000013d60fa55c0, 0x0000013d60fa5668]
Event: 6937.411 Thread 0x0000013d6f00f000 20486       3       com.google.common.collect.RegularImmutableSet::contains (56 bytes)
Event: 6937.411 Thread 0x0000013d6f00f000 nmethod 20486 0x0000013d591d1b90 code [0x0000013d591d1da0, 0x0000013d591d23d8]
Event: 6937.414 Thread 0x0000013d6f00f000 20487       1       org.gradle.internal.logging.events.LogLevelChangeEvent::getNewLogLevel (5 bytes)
Event: 6937.414 Thread 0x0000013d6f00f000 nmethod 20487 0x0000013d60fa5710 code [0x0000013d60fa58c0, 0x0000013d60fa5978]
Event: 6937.465 Thread 0x0000013d79f31000 20488       4       com.google.common.collect.MapMakerInternalMap$StrongKeyWeakValueEntry$Helper::setValue (14 bytes)
Event: 6937.473 Thread 0x0000013d79f31000 nmethod 20488 0x0000013d60fa5a10 code [0x0000013d60fa5bc0, 0x0000013d60fa6038]

GC Heap History (20 events):
Event: 6934.383 GC heap after
{Heap after GC invocations=117 (full 0):
 garbage-first heap   total 273408K, used 209001K [0x0000000080000000, 0x0000000100000000)
  region size 1024K, 5 young (5120K), 5 survivors (5120K)
 Metaspace       used 128430K, capacity 131260K, committed 131504K, reserved 1165312K
  class space    used 15576K, capacity 16600K, committed 16640K, reserved 1048576K
}
Event: 6935.253 GC heap before
{Heap before GC invocations=118 (full 0):
 garbage-first heap   total 273408K, used 234601K [0x0000000080000000, 0x0000000100000000)
  region size 1024K, 26 young (26624K), 5 survivors (5120K)
 Metaspace       used 130675K, capacity 133605K, committed 133808K, reserved 1165312K
  class space    used 16051K, capacity 17115K, committed 17152K, reserved 1048576K
}
Event: 6935.283 GC heap after
{Heap after GC invocations=119 (full 0):
 garbage-first heap   total 273408K, used 217616K [0x0000000080000000, 0x0000000100000000)
  region size 1024K, 4 young (4096K), 4 survivors (4096K)
 Metaspace       used 130675K, capacity 133605K, committed 133808K, reserved 1165312K
  class space    used 16051K, capacity 17115K, committed 17152K, reserved 1048576K
}
Event: 6935.439 GC heap before
{Heap before GC invocations=119 (full 0):
 garbage-first heap   total 273408K, used 225808K [0x0000000080000000, 0x0000000100000000)
  region size 1024K, 13 young (13312K), 4 survivors (4096K)
 Metaspace       used 130807K, capacity 133746K, committed 133808K, reserved 1165312K
  class space    used 16051K, capacity 17115K, committed 17152K, reserved 1048576K
}
Event: 6935.467 GC heap after
{Heap after GC invocations=120 (full 0):
 garbage-first heap   total 273408K, used 220160K [0x0000000080000000, 0x0000000100000000)
  region size 1024K, 2 young (2048K), 2 survivors (2048K)
 Metaspace       used 130807K, capacity 133746K, committed 133808K, reserved 1165312K
  class space    used 16051K, capacity 17115K, committed 17152K, reserved 1048576K
}
Event: 6935.566 GC heap before
{Heap before GC invocations=120 (full 0):
 garbage-first heap   total 273408K, used 233472K [0x0000000080000000, 0x0000000100000000)
  region size 1024K, 15 young (15360K), 2 survivors (2048K)
 Metaspace       used 130847K, capacity 133751K, committed 133808K, reserved 1165312K
  class space    used 16053K, capacity 17116K, committed 17152K, reserved 1048576K
}
Event: 6935.583 GC heap after
{Heap after GC invocations=121 (full 0):
 garbage-first heap   total 273408K, used 227328K [0x0000000080000000, 0x0000000100000000)
  region size 1024K, 2 young (2048K), 2 survivors (2048K)
 Metaspace       used 130847K, capacity 133751K, committed 133808K, reserved 1165312K
  class space    used 16053K, capacity 17116K, committed 17152K, reserved 1048576K
}
Event: 6935.883 GC heap before
{Heap before GC invocations=121 (full 0):
 garbage-first heap   total 273408K, used 238592K [0x0000000080000000, 0x0000000100000000)
  region size 1024K, 13 young (13312K), 2 survivors (2048K)
 Metaspace       used 130889K, capacity 133818K, committed 134064K, reserved 1167360K
  class space    used 16053K, capacity 17116K, committed 17152K, reserved 1048576K
}
Event: 6935.895 GC heap after
{Heap after GC invocations=122 (full 0):
 garbage-first heap   total 273408K, used 233817K [0x0000000080000000, 0x0000000100000000)
  region size 1024K, 2 young (2048K), 2 survivors (2048K)
 Metaspace       used 130889K, capacity 133818K, committed 134064K, reserved 1167360K
  class space    used 16053K, capacity 17116K, committed 17152K, reserved 1048576K
}
Event: 6936.123 GC heap before
{Heap before GC invocations=122 (full 0):
 garbage-first heap   total 273408K, used 245081K [0x0000000080000000, 0x0000000100000000)
  region size 1024K, 13 young (13312K), 2 survivors (2048K)
 Metaspace       used 130831K, capacity 133714K, committed 134064K, reserved 1167360K
  class space    used 16029K, capacity 17074K, committed 17152K, reserved 1048576K
}
Event: 6936.138 GC heap after
{Heap after GC invocations=123 (full 0):
 garbage-first heap   total 273408K, used 239616K [0x0000000080000000, 0x0000000100000000)
  region size 1024K, 2 young (2048K), 2 survivors (2048K)
 Metaspace       used 130831K, capacity 133714K, committed 134064K, reserved 1167360K
  class space    used 16029K, capacity 17074K, committed 17152K, reserved 1048576K
}
Event: 6936.277 GC heap before
{Heap before GC invocations=123 (full 0):
 garbage-first heap   total 273408K, used 250880K [0x0000000080000000, 0x0000000100000000)
  region size 1024K, 13 young (13312K), 2 survivors (2048K)
 Metaspace       used 130832K, capacity 133714K, committed 134064K, reserved 1167360K
  class space    used 16029K, capacity 17074K, committed 17152K, reserved 1048576K
}
Event: 6936.299 GC heap after
{Heap after GC invocations=124 (full 0):
 garbage-first heap   total 273408K, used 245760K [0x0000000080000000, 0x0000000100000000)
  region size 1024K, 2 young (2048K), 2 survivors (2048K)
 Metaspace       used 130832K, capacity 133714K, committed 134064K, reserved 1167360K
  class space    used 16029K, capacity 17074K, committed 17152K, reserved 1048576K
}
Event: 6936.413 GC heap before
{Heap before GC invocations=125 (full 0):
 garbage-first heap   total 273408K, used 256000K [0x0000000080000000, 0x0000000100000000)
  region size 1024K, 13 young (13312K), 2 survivors (2048K)
 Metaspace       used 130839K, capacity 133714K, committed 134064K, reserved 1167360K
  class space    used 16029K, capacity 17074K, committed 17152K, reserved 1048576K
}
Event: 6936.433 GC heap after
{Heap after GC invocations=126 (full 0):
 garbage-first heap   total 273408K, used 252182K [0x0000000080000000, 0x0000000100000000)
  region size 1024K, 2 young (2048K), 2 survivors (2048K)
 Metaspace       used 130839K, capacity 133714K, committed 134064K, reserved 1167360K
  class space    used 16029K, capacity 17074K, committed 17152K, reserved 1048576K
}
Event: 6936.533 GC heap before
{Heap before GC invocations=126 (full 0):
 garbage-first heap   total 273408K, used 262422K [0x0000000080000000, 0x0000000100000000)
  region size 1024K, 13 young (13312K), 2 survivors (2048K)
 Metaspace       used 130881K, capacity 133774K, committed 134064K, reserved 1167360K
  class space    used 16036K, capacity 17085K, committed 17152K, reserved 1048576K
}
Event: 6936.573 GC heap after
{Heap after GC invocations=127 (full 0):
 garbage-first heap   total 280576K, used 251454K [0x0000000080000000, 0x0000000100000000)
  region size 1024K, 2 young (2048K), 2 survivors (2048K)
 Metaspace       used 130881K, capacity 133774K, committed 134064K, reserved 1167360K
  class space    used 16036K, capacity 17085K, committed 17152K, reserved 1048576K
}
Event: 6936.692 GC heap before
{Heap before GC invocations=127 (full 0):
 garbage-first heap   total 280576K, used 261694K [0x0000000080000000, 0x0000000100000000)
  region size 1024K, 13 young (13312K), 2 survivors (2048K)
 Metaspace       used 130914K, capacity 133838K, committed 134064K, reserved 1167360K
  class space    used 16041K, capacity 17085K, committed 17152K, reserved 1048576K
}
Event: 6936.711 GC heap after
{Heap after GC invocations=128 (full 0):
 garbage-first heap   total 280576K, used 257536K [0x0000000080000000, 0x0000000100000000)
  region size 1024K, 2 young (2048K), 2 survivors (2048K)
 Metaspace       used 130914K, capacity 133838K, committed 134064K, reserved 1167360K
  class space    used 16041K, capacity 17085K, committed 17152K, reserved 1048576K
}
Event: 6937.474 GC heap before
{Heap before GC invocations=128 (full 0):
 garbage-first heap   total 280576K, used 267776K [0x0000000080000000, 0x0000000100000000)
  region size 1024K, 13 young (13312K), 2 survivors (2048K)
 Metaspace       used 132808K, capacity 135793K, committed 135856K, reserved 1167360K
  class space    used 16297K, capacity 17351K, committed 17408K, reserved 1048576K
}

Deoptimization events (20 events):
Event: 6936.605 Thread 0x0000013d7bc1d000 DEOPT PACKING pc=0x0000013d5b68728c sp=0x0000001b9b5fe850
Event: 6936.605 Thread 0x0000013d7bc1d000 DEOPT UNPACKING pc=0x0000013d587ba95e sp=0x0000001b9b5fde90 mode 0
Event: 6936.652 Thread 0x0000013d766ab000 Uncommon trap: trap_request=0xffffff4d fr.pc=0x0000013d6038a6a8 relative=0x0000000000000788
Event: 6936.652 Thread 0x0000013d766ab000 Uncommon trap: reason=unstable_if action=reinterpret pc=0x0000013d6038a6a8 method=java.lang.StringCoding.decode(Ljava/nio/charset/Charset;[BII)Ljava/lang/StringCoding$Result; @ 19 c2
Event: 6936.652 Thread 0x0000013d766ab000 DEOPT PACKING pc=0x0000013d6038a6a8 sp=0x0000001b9acfdc10
Event: 6936.652 Thread 0x0000013d766ab000 DEOPT UNPACKING pc=0x0000013d587ba1af sp=0x0000001b9acfdb98 mode 2
Event: 6936.674 Thread 0x0000013d7bc1d000 DEOPT PACKING pc=0x0000013d5b68728c sp=0x0000001b9b5fe870
Event: 6936.674 Thread 0x0000013d7bc1d000 DEOPT UNPACKING pc=0x0000013d587ba95e sp=0x0000001b9b5fdeb0 mode 0
Event: 6936.683 Thread 0x0000013d7bc1d000 DEOPT PACKING pc=0x0000013d5b68728c sp=0x0000001b9b5fe850
Event: 6936.683 Thread 0x0000013d7bc1d000 DEOPT UNPACKING pc=0x0000013d587ba95e sp=0x0000001b9b5fde90 mode 0
Event: 6936.714 Thread 0x0000013d7bc1d000 DEOPT PACKING pc=0x0000013d5b68728c sp=0x0000001b9b5fe850
Event: 6936.714 Thread 0x0000013d7bc1d000 DEOPT UNPACKING pc=0x0000013d587ba95e sp=0x0000001b9b5fde90 mode 0
Event: 6936.721 Thread 0x0000013d7bc1d000 DEOPT PACKING pc=0x0000013d5b68728c sp=0x0000001b9b5fe850
Event: 6936.721 Thread 0x0000013d7bc1d000 DEOPT UNPACKING pc=0x0000013d587ba95e sp=0x0000001b9b5fde90 mode 0
Event: 6936.768 Thread 0x0000013d7bc1d000 DEOPT PACKING pc=0x0000013d5b68728c sp=0x0000001b9b5fe850
Event: 6936.768 Thread 0x0000013d7bc1d000 DEOPT UNPACKING pc=0x0000013d587ba95e sp=0x0000001b9b5fde90 mode 0
Event: 6937.023 Thread 0x0000013d766b1800 Uncommon trap: trap_request=0xffffff7e fr.pc=0x0000013d608bc400 relative=0x0000000000000800
Event: 6937.023 Thread 0x0000013d766b1800 Uncommon trap: reason=predicate action=maybe_recompile pc=0x0000013d608bc400 method=sun.security.provider.DigestBase.implCompressMultiBlock0([BII)I @ 2 c2
Event: 6937.023 Thread 0x0000013d766b1800 DEOPT PACKING pc=0x0000013d608bc400 sp=0x0000001b9affd8a0
Event: 6937.023 Thread 0x0000013d766b1800 DEOPT UNPACKING pc=0x0000013d587ba1af sp=0x0000001b9affd770 mode 2

Classes redefined (0 events):
No events

Internal exceptions (20 events):
Event: 6925.885 Thread 0x0000013d766a9000 Exception <a 'sun/nio/fs/WindowsException'{0x00000000908d6260}> (0x00000000908d6260) thrown at [./src/hotspot/share/prims/jni.cpp, line 616]
Event: 6925.916 Thread 0x0000013d766a9000 Exception <a 'java/lang/NoSuchMethodError'{0x00000000907dd898}: <clinit>> (0x00000000907dd898) thrown at [./src/hotspot/share/prims/jni.cpp, line 1366]
Event: 6925.921 Thread 0x0000013d766a9000 Exception <a 'java/lang/NoSuchMethodError'{0x000000009060e6e8}: <clinit>> (0x000000009060e6e8) thrown at [./src/hotspot/share/prims/jni.cpp, line 1366]
Event: 6925.922 Thread 0x0000013d766a9000 Exception <a 'java/lang/NoSuchMethodError'{0x00000000906213a8}: <clinit>> (0x00000000906213a8) thrown at [./src/hotspot/share/prims/jni.cpp, line 1366]
Event: 6927.683 Thread 0x0000013d766b0000 Exception <a 'java/lang/NoSuchMethodError'{0x000000008eb23618}: 'void java.lang.invoke.DirectMethodHandle$Holder.invokeStatic(java.lang.Object, long)'> (0x000000008eb23618) thrown at [./src/hotspot/share/interpreter/linkResolver.cpp, line 773]
Event: 6927.684 Thread 0x0000013d766b0000 Exception <a 'java/lang/NoSuchMethodError'{0x000000008eb67a60}: 'java.lang.Object java.lang.invoke.DirectMethodHandle$Holder.invokeStatic(java.lang.Object, long)'> (0x000000008eb67a60) thrown at [./src/hotspot/share/interpreter/linkResolver.cpp, line 773]
Event: 6927.688 Thread 0x0000013d766b0000 Exception <a 'java/lang/NoSuchMethodError'{0x000000008eb75cf8}: 'java.lang.Object java.lang.invoke.DirectMethodHandle$Holder.invokeStaticInit(java.lang.Object, java.lang.Object, long, java.lang.Object)'> (0x000000008eb75cf8) thrown at [./src/hotspot/share/interpreter/linkResolver.cpp, line 773]
Event: 6927.689 Thread 0x0000013d766b0000 Exception <a 'java/lang/NoSuchMethodError'{0x000000008eb7c240}: 'java.lang.Object java.lang.invoke.DirectMethodHandle$Holder.invokeStatic(java.lang.Object, java.lang.Object, long)'> (0x000000008eb7c240) thrown at [./src/hotspot/share/interpreter/linkResolver.cpp, line 773]
Event: 6927.690 Thread 0x0000013d766b0000 Exception <a 'java/lang/NoSuchMethodError'{0x000000008eb827b8}: 'java.lang.Object java.lang.invoke.Invokers$Holder.linkToTargetMethod(java.lang.Object, long, java.lang.Object)'> (0x000000008eb827b8) thrown at [./src/hotspot/share/interpreter/linkResolver.cpp, line 773]
Event: 6931.556 Thread 0x0000013d766b1800 Exception <a 'sun/nio/fs/WindowsException'{0x000000008deb9d10}> (0x000000008deb9d10) thrown at [./src/hotspot/share/prims/jni.cpp, line 616]
Event: 6932.211 Thread 0x0000013d766b1800 Exception <a 'java/lang/NoSuchMethodError'{0x000000008dcb3ee8}: 'java.lang.Object java.lang.invoke.DirectMethodHandle$Holder.newInvokeSpecial(java.lang.Object, int)'> (0x000000008dcb3ee8) thrown at [./src/hotspot/share/interpreter/linkResolver.cpp, line 773]
Event: 6933.464 Thread 0x0000013d766ab000 Exception <a 'java/lang/NoSuchMethodError'{0x0000000090a1f018}: 'java.lang.Object java.lang.invoke.DirectMethodHandle$Holder.invokeVirtual(java.lang.Object, java.lang.Object, int)'> (0x0000000090a1f018) thrown at [./src/hotspot/share/interpreter/linkResolver.cpp, line 773]
Event: 6933.469 Thread 0x0000013d766ab000 Exception <a 'java/lang/NoSuchMethodError'{0x0000000090a3db68}: 'void java.lang.invoke.DirectMethodHandle$Holder.invokeStatic(java.lang.Object, java.lang.Object, java.lang.Object, int)'> (0x0000000090a3db68) thrown at [./src/hotspot/share/interpreter/linkResolver.cpp, line 773]
Event: 6933.771 Thread 0x0000013d766ab000 Implicit null exception at 0x0000013d60f6ecd0 to 0x0000013d60f6ece4
Event: 6933.771 Thread 0x0000013d766b1800 Exception <a 'java/lang/NoSuchMethodError'{0x000000009093f760}: 'java.lang.Object java.lang.invoke.DirectMethodHandle$Holder.invokeStaticInit(java.lang.Object, java.lang.Object, java.lang.Object, java.lang.Object, java.lang.Object, java.lang.Object, java.lang.Object, java.lang.Object, java.lang.Object, java.lang.Object, java.lang.Object, java.lang.Object, java.lang.Object, java.lang.Object, java.lang.Object, java.lang.Object, java.lang.Object, java.lang.Object, int, java.lang.Object, java.lang.Object)'> (0
Event: 6934.494 Thread 0x0000013d7bc1d000 Exception <a 'java/lang/IncompatibleClassChangeError'{0x000000008fe8afd8}: Found class java.lang.Object, but interface was expected> (0x000000008fe8afd8) thrown at [./src/hotspot/share/interpreter/linkResolver.cpp, line 839]
Event: 6935.140 Thread 0x0000013d7bc1b000 Exception <a 'java/lang/IncompatibleClassChangeError'{0x000000008f99dd68}: Found class java.lang.Object, but interface was expected> (0x000000008f99dd68) thrown at [./src/hotspot/share/interpreter/linkResolver.cpp, line 839]
Event: 6935.140 Thread 0x0000013d7bc1d000 Exception <a 'java/lang/IncompatibleClassChangeError'{0x000000008f998ae0}: Found class java.lang.Object, but interface was expected> (0x000000008f998ae0) thrown at [./src/hotspot/share/interpreter/linkResolver.cpp, line 839]
Event: 6935.141 Thread 0x0000013d7bc1b000 Exception <a 'java/lang/IncompatibleClassChangeError'{0x000000008f9b3268}: Found class java.lang.Object, but interface was expected> (0x000000008f9b3268) thrown at [./src/hotspot/share/interpreter/linkResolver.cpp, line 839]
Event: 6937.122 Thread 0x0000013d766b1800 Exception <a 'java/lang/IncompatibleClassChangeError'{0x00000000904c9ec8}: Found class java.lang.Object, but interface was expected> (0x00000000904c9ec8) thrown at [./src/hotspot/share/interpreter/linkResolver.cpp, line 839]

Events (20 events):
Event: 6937.467 loading class com/android/tools/r8/internal/vL done
Event: 6937.467 loading class com/android/tools/r8/internal/yi
Event: 6937.467 loading class com/android/tools/r8/internal/yi done
Event: 6937.468 loading class com/android/tools/r8/internal/Cc
Event: 6937.468 loading class com/android/tools/r8/internal/Cc done
Event: 6937.469 loading class com/android/tools/r8/internal/Ec
Event: 6937.469 loading class com/android/tools/r8/internal/Ec done
Event: 6937.469 loading class com/android/tools/r8/internal/zc
Event: 6937.469 loading class com/android/tools/r8/internal/zc done
Event: 6937.469 loading class com/android/tools/r8/internal/Bc
Event: 6937.469 loading class com/android/tools/r8/internal/Bc done
Event: 6937.470 loading class com/android/tools/r8/internal/Fc
Event: 6937.470 loading class com/android/tools/r8/internal/Fc done
Event: 6937.470 loading class com/android/tools/r8/internal/Bo
Event: 6937.470 loading class com/android/tools/r8/internal/Bo done
Event: 6937.470 Executing VM operation: Deoptimize
Event: 6937.473 Executing VM operation: Deoptimize done
Event: 6937.474 loading class com/android/tools/r8/internal/L9
Event: 6937.474 loading class com/android/tools/r8/internal/L9 done
Event: 6937.474 Executing VM operation: G1CollectForAllocation


Dynamic libraries:
0x00007ff75bdf0000 - 0x00007ff75bdfa000 	F:\1\jre\bin\java.exe
0x00007ffa53310000 - 0x00007ffa53505000 	C:\WINDOWS\SYSTEM32\ntdll.dll
0x00007ffa513c0000 - 0x00007ffa5147d000 	C:\WINDOWS\System32\KERNEL32.DLL
0x00007ffa50bc0000 - 0x00007ffa50e8d000 	C:\WINDOWS\System32\KERNELBASE.dll
0x00007ffa50ac0000 - 0x00007ffa50bc0000 	C:\WINDOWS\System32\ucrtbase.dll
0x00007ffa31bd0000 - 0x00007ffa31be7000 	F:\1\jre\bin\VCRUNTIME140.dll
0x00007ffa304d0000 - 0x00007ffa304e9000 	F:\1\jre\bin\jli.dll
0x00007ffa52fb0000 - 0x00007ffa53150000 	C:\WINDOWS\System32\USER32.dll
0x00007ffa3fa20000 - 0x00007ffa3fcba000 	C:\WINDOWS\WinSxS\amd64_microsoft.windows.common-controls_6595b64144ccf1df_6.0.19041.1110_none_60b5254171f9507e\COMCTL32.dll
0x00007ffa50a90000 - 0x00007ffa50ab2000 	C:\WINDOWS\System32\win32u.dll
0x00007ffa53150000 - 0x00007ffa531ee000 	C:\WINDOWS\System32\msvcrt.dll
0x00007ffa514e0000 - 0x00007ffa5150a000 	C:\WINDOWS\System32\GDI32.dll
0x00007ffa51250000 - 0x00007ffa5135b000 	C:\WINDOWS\System32\gdi32full.dll
0x00007ffa511b0000 - 0x00007ffa5124d000 	C:\WINDOWS\System32\msvcp_win.dll
0x00007ffa52a90000 - 0x00007ffa52ac0000 	C:\WINDOWS\System32\IMM32.DLL
0x00007ffa21610000 - 0x00007ffa216ad000 	F:\1\jre\bin\msvcp140.dll
0x00007ffa225a0000 - 0x00007ffa230a2000 	F:\1\jre\bin\server\jvm.dll
0x00007ffa52ea0000 - 0x00007ffa52f4e000 	C:\WINDOWS\System32\ADVAPI32.dll
0x00007ffa51a10000 - 0x00007ffa51aac000 	C:\WINDOWS\System32\sechost.dll
0x00007ffa523b0000 - 0x00007ffa524d5000 	C:\WINDOWS\System32\RPCRT4.dll
0x00007ffa51870000 - 0x00007ffa51878000 	C:\WINDOWS\System32\PSAPI.DLL
0x00007ffa4e1f0000 - 0x00007ffa4e1f9000 	C:\WINDOWS\SYSTEM32\WSOCK32.dll
0x00007ffa41350000 - 0x00007ffa41377000 	C:\WINDOWS\SYSTEM32\WINMM.dll
0x00007ffa52a20000 - 0x00007ffa52a8b000 	C:\WINDOWS\System32\WS2_32.dll
0x00007ffa41600000 - 0x00007ffa4160a000 	C:\WINDOWS\SYSTEM32\VERSION.dll
0x00007ffa4eb00000 - 0x00007ffa4eb12000 	C:\WINDOWS\SYSTEM32\kernel.appcore.dll
0x00007ffa49890000 - 0x00007ffa498a1000 	F:\1\jre\bin\verify.dll
0x00007ffa3ee00000 - 0x00007ffa3efe4000 	C:\WINDOWS\SYSTEM32\DBGHELP.DLL
0x00007ffa3eff0000 - 0x00007ffa3f01c000 	C:\WINDOWS\SYSTEM32\dbgcore.DLL
0x00007ffa50ee0000 - 0x00007ffa50f62000 	C:\WINDOWS\System32\bcryptPrimitives.dll
0x00007ffa481d0000 - 0x00007ffa481f9000 	F:\1\jre\bin\java.dll
0x00007ffa4c180000 - 0x00007ffa4c18b000 	F:\1\jre\bin\jimage.dll
0x00007ffa49750000 - 0x00007ffa49768000 	F:\1\jre\bin\zip.dll
0x00007ffa51ab0000 - 0x00007ffa521f4000 	C:\WINDOWS\System32\SHELL32.dll
0x00007ffa4eb20000 - 0x00007ffa4f2b4000 	C:\WINDOWS\SYSTEM32\windows.storage.dll
0x00007ffa51510000 - 0x00007ffa51864000 	C:\WINDOWS\System32\combase.dll
0x00007ffa503b0000 - 0x00007ffa503dc000 	C:\WINDOWS\SYSTEM32\Wldp.dll
0x00007ffa52dc0000 - 0x00007ffa52e6d000 	C:\WINDOWS\System32\SHCORE.dll
0x00007ffa519b0000 - 0x00007ffa51a05000 	C:\WINDOWS\System32\shlwapi.dll
0x00007ffa50960000 - 0x00007ffa5097f000 	C:\WINDOWS\SYSTEM32\profapi.dll
0x00007ffa48ce0000 - 0x00007ffa48cfa000 	F:\1\jre\bin\net.dll
0x00007ffa468a0000 - 0x00007ffa469aa000 	C:\WINDOWS\SYSTEM32\WINHTTP.dll
0x00007ffa50110000 - 0x00007ffa5017a000 	C:\WINDOWS\system32\mswsock.dll
0x00007ffa46360000 - 0x00007ffa46374000 	F:\1\jre\bin\nio.dll
0x00007ffa230b0000 - 0x00007ffa230d7000 	C:\Users\Alnour\.gradle\native\e1d6ef7f7dcc3fd88c89a11ec53ec762bb8ba0a96d01ffa2cd45eb1d1d8dd5c5\windows-amd64\native-platform.dll
0x00007ffa12150000 - 0x00007ffa12294000 	C:\Users\Alnour\.gradle\native\0d407fdbe67a94daf76414ababcb853783967236a71b16ec16e742cd7a986fd3\windows-amd64\native-platform-file-events.dll
0x00007ffa4c140000 - 0x00007ffa4c14a000 	F:\1\jre\bin\management.dll
0x00007ffa4ac70000 - 0x00007ffa4ac7d000 	F:\1\jre\bin\management_ext.dll
0x00007ffa50300000 - 0x00007ffa50318000 	C:\WINDOWS\SYSTEM32\CRYPTSP.dll
0x00007ffa4fa90000 - 0x00007ffa4fac4000 	C:\WINDOWS\system32\rsaenh.dll
0x00007ffa51020000 - 0x00007ffa51047000 	C:\WINDOWS\System32\bcrypt.dll
0x00007ffa508d0000 - 0x00007ffa508fe000 	C:\WINDOWS\SYSTEM32\USERENV.dll
0x00007ffa50320000 - 0x00007ffa5032c000 	C:\WINDOWS\SYSTEM32\CRYPTBASE.dll
0x00007ffa4fe00000 - 0x00007ffa4fe3b000 	C:\WINDOWS\SYSTEM32\IPHLPAPI.DLL
0x00007ffa52e70000 - 0x00007ffa52e78000 	C:\WINDOWS\System32\NSI.dll
0x00007ffa49560000 - 0x00007ffa49577000 	C:\WINDOWS\SYSTEM32\dhcpcsvc6.DLL
0x00007ffa4a0e0000 - 0x00007ffa4a0fd000 	C:\WINDOWS\SYSTEM32\dhcpcsvc.DLL
0x00007ffa4fe40000 - 0x00007ffa4ff0b000 	C:\WINDOWS\SYSTEM32\DNSAPI.dll
0x00007ffa4f6f0000 - 0x00007ffa4f723000 	C:\WINDOWS\SYSTEM32\ntmarta.dll
0x00007ffa4e280000 - 0x00007ffa4e310000 	C:\WINDOWS\system32\apphelp.dll

dbghelp: loaded successfully - version: 4.0.5 - missing functions: none
symbol engine: initialized successfully - sym options: 0x614 - pdb path: .;F:\1\jre\bin;C:\WINDOWS\SYSTEM32;C:\WINDOWS\WinSxS\amd64_microsoft.windows.common-controls_6595b64144ccf1df_6.0.19041.1110_none_60b5254171f9507e;F:\1\jre\bin\server;C:\Users\Alnour\.gradle\native\e1d6ef7f7dcc3fd88c89a11ec53ec762bb8ba0a96d01ffa2cd45eb1d1d8dd5c5\windows-amd64;C:\Users\Alnour\.gradle\native\0d407fdbe67a94daf76414ababcb853783967236a71b16ec16e742cd7a986fd3\windows-amd64

VM Arguments:
jvm_args: --add-opens=java.base/java.util=ALL-UNNAMED --add-opens=java.base/java.lang=ALL-UNNAMED --add-opens=java.base/java.lang.invoke=ALL-UNNAMED --add-opens=java.base/java.util=ALL-UNNAMED --add-opens=java.prefs/java.util.prefs=ALL-UNNAMED --add-opens=java.prefs/java.util.prefs=ALL-UNNAMED --add-opens=java.base/java.nio.charset=ALL-UNNAMED --add-opens=java.base/java.net=ALL-UNNAMED --add-opens=java.base/java.util.concurrent.atomic=ALL-UNNAMED -Xmx2048m -Dfile.encoding=UTF-8 -Duser.country=US -Duser.language=en -Duser.variant 
java_command: org.gradle.launcher.daemon.bootstrap.GradleDaemon 7.4
java_class_path (initial): C:\Users\Alnour\.gradle\wrapper\dists\gradle-7.4-bin\c0gwcg53nkjbqw7r0h0umtfvt\gradle-7.4\lib\gradle-launcher-7.4.jar
Launcher Type: SUN_STANDARD

[Global flags]
     intx CICompilerCount                          = 3                                         {product} {ergonomic}
     uint ConcGCThreads                            = 1                                         {product} {ergonomic}
     uint G1ConcRefinementThreads                  = 4                                         {product} {ergonomic}
   size_t G1HeapRegionSize                         = 1048576                                   {product} {ergonomic}
    uintx GCDrainStackTargetSize                   = 64                                        {product} {ergonomic}
   size_t InitialHeapSize                          = 134217728                                 {product} {ergonomic}
   size_t MarkStackSize                            = 4194304                                   {product} {ergonomic}
   size_t MaxHeapSize                              = 2147483648                                {product} {command line}
   size_t MaxNewSize                               = 1287651328                                {product} {ergonomic}
   size_t MinHeapDeltaBytes                        = 1048576                                   {product} {ergonomic}
    uintx NonNMethodCodeHeapSize                   = 5830732                                {pd product} {ergonomic}
    uintx NonProfiledCodeHeapSize                  = 122913754                              {pd product} {ergonomic}
    uintx ProfiledCodeHeapSize                     = 122913754                              {pd product} {ergonomic}
    uintx ReservedCodeCacheSize                    = 251658240                              {pd product} {ergonomic}
     bool SegmentedCodeCache                       = true                                      {product} {ergonomic}
     bool UseCompressedClassPointers               = true                                 {lp64_product} {ergonomic}
     bool UseCompressedOops                        = true                                 {lp64_product} {ergonomic}
     bool UseG1GC                                  = true                                      {product} {ergonomic}
     bool UseLargePagesIndividualAllocation        = false                                  {pd product} {ergonomic}

Logging:
Log output configuration:
 #0: stdout all=warning uptime,level,tags
 #1: stderr all=off uptime,level,tags

Environment Variables:
PATH=C:\Program Files\Common Files\Oracle\Java\javapath;C:\WINDOWS\system32;C:\WINDOWS;C:\WINDOWS\System32\Wbem;C:\WINDOWS\System32\WindowsPowerShell\v1.0\;C:\WINDOWS\System32\OpenSSH\;F:\???? ???????\Git\cmd;C:\Users\Alnour\AppData\Local\Microsoft\WindowsApps;F:\???? ???????\GitHub\Git\bin;F:\???? ???????\GitHub\Git\cmd;
USERNAME=Alnour
OS=Windows_NT
PROCESSOR_IDENTIFIER=Intel64 Family 6 Model 58 Stepping 9, GenuineIntel



---------------  S Y S T E M  ---------------

OS: Windows 10 , 64 bit Build 19041 (10.0.19041.1706)
OS uptime: 1 days 0:06 hours

CPU:total 4 (initial active 4) (2 cores per cpu, 2 threads per core) family 6 model 58 stepping 9 microcode 0x21, cmov, cx8, fxsr, mmx, sse, sse2, sse3, ssse3, sse4.1, sse4.2, popcnt, avx, aes, clmul, erms, ht, tsc, tscinvbit, tscinv

Memory: 4k page, system-wide physical 8065M (1561M free)
TotalPageFile size 9708M (AvailPageFile size 90M)
current process WorkingSet (physical memory assigned to process): 594M, peak: 598M
current process commit charge ("private bytes"): 682M, peak: 919M

vm_info: OpenJDK 64-Bit Server VM (11.0.13+0-b1751.21-8125866) for windows-amd64 JRE (11.0.13+0-b1751.21-8125866), built on Feb  2 2022 03:00:22 by "builder" with MS VC++ 14.0 (VS2015)

END.
