#
# There is insufficient memory for the Java Runtime Environment to continue.
# Native memory allocation (mmap) failed to map 165675008 bytes for Failed to commit area from 0x000000008eb00000 to 0x0000000098900000 of length 165675008.
# Possible reasons:
#   The system is out of physical RAM or swap space
#   The process is running with CompressedOops enabled, and the Java Heap may be blocking the growth of the native heap
# Possible solutions:
#   Reduce memory load on the system
#   Increase physical memory or swap space
#   Check if swap backing store is full
#   Decrease Java heap size (-Xmx/-Xms)
#   Decrease number of Java threads
#   Decrease Java thread stack sizes (-Xss)
#   Set larger code cache with -XX:ReservedCodeCacheSize=
#   JVM is running with Unscaled Compressed Oops mode in which the Java heap is
#     placed in the first 4GB address space. The Java Heap base address is the
#     maximum limit for the native heap growth. Please use -XX:HeapBaseMinAddress
#     to set the Java Heap base and to place the Java Heap above 4GB virtual address.
# This output file may be truncated or incomplete.
#
#  Out of Memory Error (./src/hotspot/os/windows/os_windows.cpp:3619), pid=4220, tid=6152
#
# JRE version: OpenJDK Runtime Environment (11.0.13) (build 11.0.13+0-b1751.21-8125866)
# Java VM: OpenJDK 64-Bit Server VM (11.0.13+0-b1751.21-8125866, mixed mode, tiered, compressed oops, g1 gc, windows-amd64)
# No core dump will be written. Minidumps are not enabled by default on client versions of Windows
#

---------------  S U M M A R Y ------------

Command Line: --add-opens=java.base/java.util=ALL-UNNAMED --add-opens=java.base/java.lang=ALL-UNNAMED --add-opens=java.base/java.lang.invoke=ALL-UNNAMED --add-opens=java.base/java.util=ALL-UNNAMED --add-opens=java.prefs/java.util.prefs=ALL-UNNAMED --add-opens=java.prefs/java.util.prefs=ALL-UNNAMED --add-opens=java.base/java.nio.charset=ALL-UNNAMED --add-opens=java.base/java.net=ALL-UNNAMED --add-opens=java.base/java.util.concurrent.atomic=ALL-UNNAMED -Xmx2048m -Dfile.encoding=UTF-8 -Duser.country=US -Duser.language=en -Duser.variant org.gradle.launcher.daemon.bootstrap.GradleDaemon 7.4

Host: Intel(R) Core(TM) i5-3320M CPU @ 2.60GHz, 4 cores, 7G,  Windows 10 , 64 bit Build 19041 (10.0.19041.1706)
Time: Sun Nov 27 23:08:46 2022 Egypt Standard Time elapsed time: 57.916984 seconds (0d 0h 0m 57s)

---------------  T H R E A D  ---------------

Current thread (0x000002539b7dc000):  VMThread "VM Thread" [stack: 0x0000006bf2200000,0x0000006bf2300000] [id=6152]

Stack: [0x0000006bf2200000,0x0000006bf2300000]
[error occurred during error reporting (printing stack bounds), id 0xc0000005, EXCEPTION_ACCESS_VIOLATION (0xc0000005) at pc=0x0000025384f7112d]

Native frames: (J=compiled Java code, j=interpreted, Vv=VM code, C=native code)
V  [jvm.dll+0x6100fa]
V  [jvm.dll+0x747090]
V  [jvm.dll+0x7486ad]
V  [jvm.dll+0x748ce5]
V  [jvm.dll+0x748c9b]
V  [jvm.dll+0x60f224]
V  [jvm.dll+0x60f9b8]
C  [ntdll.dll+0xa209f]
C  [ntdll.dll+0x51454]
C  [ntdll.dll+0xa0bce]
C  0x0000025384f7112d

VM_Operation (0x0000006bf87fe0e0): G1CollectForAllocation, mode: safepoint, requested by thread 0x00000253a1243800


---------------  P R O C E S S  ---------------

Threads class SMR info:
_java_thread_list=0x00000253a3561ba0, length=98, elements={
0x000002538142a000, 0x000002539b7df800, 0x000002539b7e5000, 0x000002539c182800,
0x000002539b7fe800, 0x000002539b800800, 0x000002539b801800, 0x000002539b807800,
0x000002539b80d000, 0x000002539c2bb800, 0x000002539dfd4800, 0x000002539d20b800,
0x000002539e23b000, 0x000002539dc8b800, 0x000002539e032800, 0x000002539e3d3000,
0x000002539d804800, 0x000002539e2a1800, 0x000002539ebad800, 0x000002539f456800,
0x000002539f435000, 0x000002539f436000, 0x000002539f430000, 0x000002539f431000,
0x000002539f434800, 0x000002539f432800, 0x000002539f433800, 0x000002539f432000,
0x000002539f437000, 0x000002539f9a7800, 0x000002539f9a9000, 0x000002539f9a3000,
0x000002539f9a5800, 0x000002539f9a6800, 0x000002539f9ad000, 0x000002539f9af800,
0x000002539f9b0800, 0x000002539f9b1000, 0x000002539f9ab800, 0x000002539f9b2000,
0x000002539f9ac000, 0x000002539f9ae000, 0x000002539f9ae800, 0x000002539e405800,
0x000002539e406800, 0x000002539e403000, 0x000002539e402800, 0x000002539e405000,
0x000002539e407800, 0x000002539e401800, 0x000002539e408000, 0x000002539e409000,
0x000002539e409800, 0x000002539e404000, 0x000002539e40c000, 0x000002539e40e000,
0x000002539e40f800, 0x000002539e40d000, 0x000002539e40e800, 0x000002539e40a800,
0x000002539e40b800, 0x000002539e410800, 0x00000253a1c6a000, 0x00000253a1c67000,
0x00000253a1c68000, 0x00000253a1c66000, 0x00000253a1c68800, 0x00000253a1c6c000,
0x00000253a1c6c800, 0x00000253a1c6d800, 0x00000253a1c6e800, 0x00000253a1c6b000,
0x00000253a1c6f000, 0x00000253a1c69800, 0x00000253a1c73000, 0x00000253a1c74000,
0x00000253a1c70800, 0x00000253a1c70000, 0x00000253a1c72800, 0x00000253a123b000,
0x00000253a123d000, 0x00000253a123b800, 0x00000253a1238800, 0x00000253a123c800,
0x00000253a123e000, 0x00000253a1239000, 0x00000253a123f000, 0x00000253a123f800,
0x00000253a123a000, 0x00000253a1244800, 0x00000253a1242000, 0x00000253a1240800,
0x00000253a1243000, 0x00000253a60db800, 0x00000253a1245800, 0x00000253a1243800,
0x00000253a1246000, 0x00000253a1247000
}

Java Threads: ( => current thread )
  0x000002538142a000 JavaThread "main" [_thread_blocked, id=10896, stack(0x0000006bf1c00000,0x0000006bf1d00000)]
  0x000002539b7df800 JavaThread "Reference Handler" daemon [_thread_blocked, id=1244, stack(0x0000006bf2300000,0x0000006bf2400000)]
  0x000002539b7e5000 JavaThread "Finalizer" daemon [_thread_blocked, id=13700, stack(0x0000006bf2400000,0x0000006bf2500000)]
  0x000002539c182800 JavaThread "Signal Dispatcher" daemon [_thread_blocked, id=3788, stack(0x0000006bf2500000,0x0000006bf2600000)]
  0x000002539b7fe800 JavaThread "Attach Listener" daemon [_thread_blocked, id=244, stack(0x0000006bf2600000,0x0000006bf2700000)]
  0x000002539b800800 JavaThread "Service Thread" daemon [_thread_blocked, id=4616, stack(0x0000006bf2700000,0x0000006bf2800000)]
  0x000002539b801800 JavaThread "C2 CompilerThread0" daemon [_thread_in_native, id=3340, stack(0x0000006bf2800000,0x0000006bf2900000)]
  0x000002539b807800 JavaThread "C1 CompilerThread0" daemon [_thread_blocked, id=8000, stack(0x0000006bf2900000,0x0000006bf2a00000)]
  0x000002539b80d000 JavaThread "Sweeper thread" daemon [_thread_blocked, id=5352, stack(0x0000006bf2a00000,0x0000006bf2b00000)]
  0x000002539c2bb800 JavaThread "Common-Cleaner" daemon [_thread_blocked, id=12996, stack(0x0000006bf2b00000,0x0000006bf2c00000)]
  0x000002539dfd4800 JavaThread "Daemon health stats" [_thread_blocked, id=7232, stack(0x0000006bf3000000,0x0000006bf3100000)]
  0x000002539d20b800 JavaThread "Incoming local TCP Connector on port 54779" [_thread_in_native, id=840, stack(0x0000006bf2f00000,0x0000006bf3000000)]
  0x000002539e23b000 JavaThread "Daemon periodic checks" [_thread_blocked, id=2744, stack(0x0000006bf3100000,0x0000006bf3200000)]
  0x000002539dc8b800 JavaThread "Daemon" [_thread_blocked, id=5936, stack(0x0000006bf3200000,0x0000006bf3300000)]
  0x000002539e032800 JavaThread "Handler for socket connection from /127.0.0.1:54779 to /127.0.0.1:54780" [_thread_in_native, id=11440, stack(0x0000006bf3300000,0x0000006bf3400000)]
  0x000002539e3d3000 JavaThread "Cancel handler" [_thread_blocked, id=14304, stack(0x0000006bf3400000,0x0000006bf3500000)]
  0x000002539d804800 JavaThread "Daemon worker" [_thread_blocked, id=6588, stack(0x0000006bf3500000,0x0000006bf3600000)]
  0x000002539e2a1800 JavaThread "Asynchronous log dispatcher for DefaultDaemonConnection: socket connection from /127.0.0.1:54779 to /127.0.0.1:54780" [_thread_blocked, id=10364, stack(0x0000006bf3600000,0x0000006bf3700000)]
  0x000002539ebad800 JavaThread "Stdin handler" [_thread_blocked, id=11820, stack(0x0000006bf3700000,0x0000006bf3800000)]
  0x000002539f456800 JavaThread "Daemon client event forwarder" [_thread_blocked, id=9500, stack(0x0000006bf3800000,0x0000006bf3900000)]
  0x000002539f435000 JavaThread "Cache worker for journal cache (C:\Users\Alnour\.gradle\caches\journal-1)" [_thread_blocked, id=10888, stack(0x0000006bf3a00000,0x0000006bf3b00000)]
  0x000002539f436000 JavaThread "File lock request listener" [_thread_in_native, id=4596, stack(0x0000006bf3b00000,0x0000006bf3c00000)]
  0x000002539f430000 JavaThread "Cache worker for file hash cache (C:\Users\Alnour\.gradle\caches\7.4\fileHashes)" [_thread_blocked, id=904, stack(0x0000006bf3c00000,0x0000006bf3d00000)]
  0x000002539f431000 JavaThread "File watcher server" daemon [_thread_in_native, id=12700, stack(0x0000006bf3e00000,0x0000006bf3f00000)]
  0x000002539f434800 JavaThread "File watcher consumer" daemon [_thread_blocked, id=12332, stack(0x0000006bf3f00000,0x0000006bf4000000)]
  0x000002539f432800 JavaThread "Cache worker for checksums cache (F:\mmmmmmmmmmmmm\.gradle\7.4\checksums)" [_thread_blocked, id=9672, stack(0x0000006bf4000000,0x0000006bf4100000)]
  0x000002539f433800 JavaThread "Cache worker for cache directory md-rule (C:\Users\Alnour\.gradle\caches\7.4\md-rule)" [_thread_blocked, id=12252, stack(0x0000006bf4100000,0x0000006bf4200000)]
  0x000002539f432000 JavaThread "Cache worker for file hash cache (F:\mmmmmmmmmmmmm\.gradle\7.4\fileHashes)" [_thread_blocked, id=7076, stack(0x0000006bf4200000,0x0000006bf4300000)]
  0x000002539f437000 JavaThread "Cache worker for cache directory md-supplier (C:\Users\Alnour\.gradle\caches\7.4\md-supplier)" [_thread_blocked, id=6328, stack(0x0000006bf4300000,0x0000006bf4400000)]
  0x000002539f9a7800 JavaThread "Cache worker for execution history cache (C:\Users\Alnour\.gradle\caches\7.4\executionHistory)" [_thread_blocked, id=7080, stack(0x0000006bf4400000,0x0000006bf4500000)]
  0x000002539f9a9000 JavaThread "jar transforms" [_thread_blocked, id=12336, stack(0x0000006bf4500000,0x0000006bf4600000)]
  0x000002539f9a3000 JavaThread "Cache worker for file content cache (C:\Users\Alnour\.gradle\caches\7.4\fileContent)" [_thread_blocked, id=12304, stack(0x0000006bf4600000,0x0000006bf4700000)]
  0x000002539f9a5800 JavaThread "jar transforms Thread 2" [_thread_blocked, id=7368, stack(0x0000006bf4700000,0x0000006bf4800000)]
  0x000002539f9a6800 JavaThread "Cache worker for dependencies-accessors (F:\mmmmmmmmmmmmm\.gradle\7.4\dependencies-accessors)" [_thread_blocked, id=6872, stack(0x0000006bf4800000,0x0000006bf4900000)]
  0x000002539f9ad000 JavaThread "jar transforms Thread 3" [_thread_blocked, id=10252, stack(0x0000006bf4900000,0x0000006bf4a00000)]
  0x000002539f9af800 JavaThread "Cache worker for Build Output Cleanup Cache (F:\mmmmmmmmmmmmm\.gradle\buildOutputCleanup)" [_thread_blocked, id=11148, stack(0x0000006bf3d00000,0x0000006bf3e00000)]
  0x000002539f9b0800 JavaThread "Unconstrained build operations" [_thread_blocked, id=1032, stack(0x0000006bf4b00000,0x0000006bf4c00000)]
  0x000002539f9b1000 JavaThread "Unconstrained build operations Thread 2" [_thread_blocked, id=10076, stack(0x0000006bf4c00000,0x0000006bf4d00000)]
  0x000002539f9ab800 JavaThread "Unconstrained build operations Thread 3" [_thread_blocked, id=12536, stack(0x0000006bf4d00000,0x0000006bf4e00000)]
  0x000002539f9b2000 JavaThread "Unconstrained build operations Thread 4" [_thread_blocked, id=3844, stack(0x0000006bf4e00000,0x0000006bf4f00000)]
  0x000002539f9ac000 JavaThread "Unconstrained build operations Thread 5" [_thread_blocked, id=7996, stack(0x0000006bf4f00000,0x0000006bf5000000)]
  0x000002539f9ae000 JavaThread "Unconstrained build operations Thread 6" [_thread_blocked, id=9076, stack(0x0000006bf5000000,0x0000006bf5100000)]
  0x000002539f9ae800 JavaThread "Unconstrained build operations Thread 7" [_thread_blocked, id=8128, stack(0x0000006bf5100000,0x0000006bf5200000)]
  0x000002539e405800 JavaThread "Unconstrained build operations Thread 8" [_thread_blocked, id=13808, stack(0x0000006bf5200000,0x0000006bf5300000)]
  0x000002539e406800 JavaThread "Unconstrained build operations Thread 9" [_thread_blocked, id=8140, stack(0x0000006bf5300000,0x0000006bf5400000)]
  0x000002539e403000 JavaThread "Unconstrained build operations Thread 10" [_thread_blocked, id=10612, stack(0x0000006bf5400000,0x0000006bf5500000)]
  0x000002539e402800 JavaThread "Unconstrained build operations Thread 11" [_thread_blocked, id=11576, stack(0x0000006bf5500000,0x0000006bf5600000)]
  0x000002539e405000 JavaThread "Unconstrained build operations Thread 12" [_thread_blocked, id=12620, stack(0x0000006bf5600000,0x0000006bf5700000)]
  0x000002539e407800 JavaThread "Unconstrained build operations Thread 13" [_thread_blocked, id=2032, stack(0x0000006bf5700000,0x0000006bf5800000)]
  0x000002539e401800 JavaThread "Unconstrained build operations Thread 14" [_thread_blocked, id=14152, stack(0x0000006bf5800000,0x0000006bf5900000)]
  0x000002539e408000 JavaThread "Unconstrained build operations Thread 15" [_thread_blocked, id=5148, stack(0x0000006bf5900000,0x0000006bf5a00000)]
  0x000002539e409000 JavaThread "Unconstrained build operations Thread 16" [_thread_blocked, id=13992, stack(0x0000006bf5a00000,0x0000006bf5b00000)]
  0x000002539e409800 JavaThread "Unconstrained build operations Thread 17" [_thread_blocked, id=11184, stack(0x0000006bf5b00000,0x0000006bf5c00000)]
  0x000002539e404000 JavaThread "Unconstrained build operations Thread 18" [_thread_blocked, id=5584, stack(0x0000006bf5c00000,0x0000006bf5d00000)]
  0x000002539e40c000 JavaThread "Unconstrained build operations Thread 19" [_thread_blocked, id=11124, stack(0x0000006bf5d00000,0x0000006bf5e00000)]
  0x000002539e40e000 JavaThread "Unconstrained build operations Thread 20" [_thread_blocked, id=13892, stack(0x0000006bf5e00000,0x0000006bf5f00000)]
  0x000002539e40f800 JavaThread "Unconstrained build operations Thread 21" [_thread_blocked, id=8516, stack(0x0000006bf5f00000,0x0000006bf6000000)]
  0x000002539e40d000 JavaThread "Unconstrained build operations Thread 22" [_thread_blocked, id=9836, stack(0x0000006bf6000000,0x0000006bf6100000)]
  0x000002539e40e800 JavaThread "Unconstrained build operations Thread 23" [_thread_blocked, id=9052, stack(0x0000006bf6100000,0x0000006bf6200000)]
  0x000002539e40a800 JavaThread "Unconstrained build operations Thread 24" [_thread_blocked, id=4600, stack(0x0000006bf6200000,0x0000006bf6300000)]
  0x000002539e40b800 JavaThread "Unconstrained build operations Thread 25" [_thread_blocked, id=11380, stack(0x0000006bf6300000,0x0000006bf6400000)]
  0x000002539e410800 JavaThread "Unconstrained build operations Thread 26" [_thread_blocked, id=7496, stack(0x0000006bf6400000,0x0000006bf6500000)]
  0x00000253a1c6a000 JavaThread "Unconstrained build operations Thread 27" [_thread_blocked, id=12168, stack(0x0000006bf6500000,0x0000006bf6600000)]
  0x00000253a1c67000 JavaThread "Unconstrained build operations Thread 28" [_thread_blocked, id=7176, stack(0x0000006bf6600000,0x0000006bf6700000)]
  0x00000253a1c68000 JavaThread "Unconstrained build operations Thread 29" [_thread_blocked, id=9064, stack(0x0000006bf6700000,0x0000006bf6800000)]
  0x00000253a1c66000 JavaThread "Unconstrained build operations Thread 30" [_thread_blocked, id=12676, stack(0x0000006bf6800000,0x0000006bf6900000)]
  0x00000253a1c68800 JavaThread "Unconstrained build operations Thread 31" [_thread_blocked, id=3532, stack(0x0000006bf6900000,0x0000006bf6a00000)]
  0x00000253a1c6c000 JavaThread "Unconstrained build operations Thread 32" [_thread_blocked, id=2284, stack(0x0000006bf6a00000,0x0000006bf6b00000)]
  0x00000253a1c6c800 JavaThread "Unconstrained build operations Thread 33" [_thread_blocked, id=6636, stack(0x0000006bf6b00000,0x0000006bf6c00000)]
  0x00000253a1c6d800 JavaThread "Unconstrained build operations Thread 34" [_thread_blocked, id=1060, stack(0x0000006bf6c00000,0x0000006bf6d00000)]
  0x00000253a1c6e800 JavaThread "Unconstrained build operations Thread 35" [_thread_blocked, id=12980, stack(0x0000006bf6d00000,0x0000006bf6e00000)]
  0x00000253a1c6b000 JavaThread "Unconstrained build operations Thread 36" [_thread_blocked, id=2240, stack(0x0000006bf6e00000,0x0000006bf6f00000)]
  0x00000253a1c6f000 JavaThread "Unconstrained build operations Thread 37" [_thread_blocked, id=13640, stack(0x0000006bf6f00000,0x0000006bf7000000)]
  0x00000253a1c69800 JavaThread "Unconstrained build operations Thread 38" [_thread_blocked, id=2612, stack(0x0000006bf7000000,0x0000006bf7100000)]
  0x00000253a1c73000 JavaThread "Unconstrained build operations Thread 39" [_thread_blocked, id=13196, stack(0x0000006bf7100000,0x0000006bf7200000)]
  0x00000253a1c74000 JavaThread "Unconstrained build operations Thread 40" [_thread_blocked, id=13412, stack(0x0000006bf7200000,0x0000006bf7300000)]
  0x00000253a1c70800 JavaThread "jar transforms Thread 4" [_thread_blocked, id=6436, stack(0x0000006bf7300000,0x0000006bf7400000)]
  0x00000253a1c70000 JavaThread "Memory manager" [_thread_blocked, id=6020, stack(0x0000006bf7400000,0x0000006bf7500000)]
  0x00000253a1c72800 JavaThread "build event listener" [_thread_blocked, id=1556, stack(0x0000006bf7500000,0x0000006bf7600000)]
  0x00000253a123b000 JavaThread "pool-3-thread-1" [_thread_blocked, id=6480, stack(0x0000006bf7600000,0x0000006bf7700000)]
  0x00000253a123d000 JavaThread "build event listener" [_thread_blocked, id=10884, stack(0x0000006bf7700000,0x0000006bf7800000)]
  0x00000253a123b800 JavaThread "included builds" [_thread_blocked, id=4832, stack(0x0000006bf7800000,0x0000006bf7900000)]
  0x00000253a1238800 JavaThread "Execution worker for ':'" [_thread_blocked, id=10816, stack(0x0000006bf7900000,0x0000006bf7a00000)]
  0x00000253a123c800 JavaThread "Execution worker for ':' Thread 2" [_thread_blocked, id=7248, stack(0x0000006bf7a00000,0x0000006bf7b00000)]
  0x00000253a123e000 JavaThread "Execution worker for ':' Thread 3" [_thread_blocked, id=896, stack(0x0000006bf7b00000,0x0000006bf7c00000)]
  0x00000253a1239000 JavaThread "Cache worker for execution history cache (F:\mmmmmmmmmmmmm\.gradle\7.4\executionHistory)" [_thread_blocked, id=13908, stack(0x0000006bf7c00000,0x0000006bf7d00000)]
  0x00000253a123f000 JavaThread "WorkerExecutor Queue" [_thread_blocked, id=13080, stack(0x0000006bf7d00000,0x0000006bf7e00000)]
  0x00000253a123f800 JavaThread "WorkerExecutor Queue Thread 2" [_thread_in_native, id=14064, stack(0x0000006bf7e00000,0x0000006bf7f00000)]
  0x00000253a123a000 JavaThread "WorkerExecutor Queue Thread 3" [_thread_blocked, id=10880, stack(0x0000006bf7f00000,0x0000006bf8000000)]
  0x00000253a1244800 JavaThread "WorkerExecutor Queue Thread 5" [_thread_blocked, id=6956, stack(0x0000006bf8300000,0x0000006bf8400000)]
  0x00000253a1242000 JavaThread "pool-4-thread-1" [_thread_blocked, id=4436, stack(0x0000006bf8200000,0x0000006bf8300000)]
  0x00000253a1240800 JavaThread "stderr" [_thread_in_native, id=11480, stack(0x0000006bf8400000,0x0000006bf8500000)]
  0x00000253a1243000 JavaThread "stdout" [_thread_in_native, id=5716, stack(0x0000006bf8500000,0x0000006bf8600000)]
  0x00000253a60db800 JavaThread "C2 CompilerThread1" daemon [_thread_in_native, id=12412, stack(0x0000006bf4a00000,0x0000006bf4b00000)]
  0x00000253a1245800 JavaThread "ForkJoinPool-1-worker-3" daemon [_thread_blocked, id=11416, stack(0x0000006bf8600000,0x0000006bf8700000)]
  0x00000253a1243800 JavaThread "ForkJoinPool-1-worker-5" daemon [_thread_blocked, id=12652, stack(0x0000006bf8700000,0x0000006bf8800000)]
  0x00000253a1246000 JavaThread "ForkJoinPool-1-worker-7" daemon [_thread_blocked, id=13996, stack(0x0000006bf8800000,0x0000006bf8900000)]
  0x00000253a1247000 JavaThread "ForkJoinPool-1-worker-1" daemon [_thread_blocked, id=12632, stack(0x0000006bf8900000,0x0000006bf8a00000)]

Other Threads:
=>0x000002539b7dc000 VMThread "VM Thread" [stack: 0x0000006bf2200000,0x0000006bf2300000] [id=6152]
  0x000002539c2d2800 WatcherThread [stack: 0x0000006bf2c00000,0x0000006bf2d00000] [id=13016]
  0x0000025381443000 GCTaskThread "GC Thread#0" [stack: 0x0000006bf1d00000,0x0000006bf1e00000] [id=8556]
  0x000002539c70e800 GCTaskThread "GC Thread#1" [stack: 0x0000006bf2d00000,0x0000006bf2e00000] [id=10004]
  0x000002539c5aa800 GCTaskThread "GC Thread#2" [stack: 0x0000006bf2e00000,0x0000006bf2f00000] [id=6356]
  0x000002539e401000 GCTaskThread "GC Thread#3" [stack: 0x0000006bf3900000,0x0000006bf3a00000] [id=10840]
  0x0000025381475800 ConcurrentGCThread "G1 Main Marker" [stack: 0x0000006bf1e00000,0x0000006bf1f00000] [id=2704]
  0x0000025381477800 ConcurrentGCThread "G1 Conc#0" [stack: 0x0000006bf1f00000,0x0000006bf2000000] [id=11688]
  0x0000025381505800 ConcurrentGCThread "G1 Refine#0" [stack: 0x0000006bf2000000,0x0000006bf2100000] [id=3244]
  0x0000025381506800 ConcurrentGCThread "G1 Young RemSet Sampling" [stack: 0x0000006bf2100000,0x0000006bf2200000] [id=14192]

Threads with active compile tasks:
C2 CompilerThread0  57942 12297       4       com.android.tools.r8.dex.i::a (1036 bytes)
C2 CompilerThread1  57942 12295       4       com.android.tools.r8.dex.i::a (829 bytes)

VM state:at safepoint (normal execution)

VM Mutex/Monitor currently owned by a thread:  ([mutex/lock_event])
[0x0000025381426770] Threads_lock - owner thread: 0x000002539b7dc000
[0x0000025381426fe0] Heap_lock - owner thread: 0x00000253a1243800

Heap address: 0x0000000080000000, size: 2048 MB, Compressed Oops mode: 32-bit
Narrow klass base: 0x0000000000000000, Narrow klass shift: 3
Compressed class space size: 1073741824 Address: 0x0000000100000000

Heap:
 garbage-first heap   total 402432K, used 186368K [0x0000000080000000, 0x0000000100000000)
  region size 1024K, 4 young (4096K), 4 survivors (4096K)
 Metaspace       used 97679K, capacity 100054K, committed 100212K, reserved 1136640K
  class space    used 12629K, capacity 13505K, committed 13592K, reserved 1048576K
Heap Regions: E=young(eden), S=young(survivor), O=old, HS=humongous(starts), HC=humongous(continues), CS=collection set, F=free, A=archive, TAMS=top-at-mark-start (previous, next)
|   0|0x0000000080000000, 0x0000000080100000, 0x0000000080100000|100%|HS|  |TAMS 0x0000000080100000, 0x0000000080000000| Complete 
|   1|0x0000000080100000, 0x0000000080200000, 0x0000000080200000|100%|HC|  |TAMS 0x0000000080200000, 0x0000000080100000| Complete 
|   2|0x0000000080200000, 0x0000000080300000, 0x0000000080300000|100%|HC|  |TAMS 0x0000000080300000, 0x0000000080200000| Complete 
|   3|0x0000000080300000, 0x0000000080400000, 0x0000000080400000|100%| O|  |TAMS 0x0000000080400000, 0x0000000080300000| Untracked 
|   4|0x0000000080400000, 0x0000000080500000, 0x0000000080500000|100%| O|  |TAMS 0x0000000080500000, 0x0000000080400000| Untracked 
|   5|0x0000000080500000, 0x0000000080600000, 0x0000000080600000|100%| O|  |TAMS 0x0000000080600000, 0x0000000080500000| Untracked 
|   6|0x0000000080600000, 0x0000000080700000, 0x0000000080700000|100%| O|  |TAMS 0x0000000080700000, 0x0000000080600000| Untracked 
|   7|0x0000000080700000, 0x0000000080800000, 0x0000000080800000|100%| O|  |TAMS 0x0000000080800000, 0x0000000080700000| Complete 
|   8|0x0000000080800000, 0x0000000080900000, 0x0000000080900000|100%| O|  |TAMS 0x0000000080900000, 0x0000000080800000| Untracked 
|   9|0x0000000080900000, 0x0000000080a00000, 0x0000000080a00000|100%| O|  |TAMS 0x0000000080a00000, 0x0000000080900000| Untracked 
|  10|0x0000000080a00000, 0x0000000080b00000, 0x0000000080b00000|100%| O|  |TAMS 0x0000000080b00000, 0x0000000080a00000| Untracked 
|  11|0x0000000080b00000, 0x0000000080c00000, 0x0000000080c00000|100%| O|  |TAMS 0x0000000080c00000, 0x0000000080b00000| Untracked 
|  12|0x0000000080c00000, 0x0000000080d00000, 0x0000000080d00000|100%| O|  |TAMS 0x0000000080d00000, 0x0000000080c00000| Untracked 
|  13|0x0000000080d00000, 0x0000000080e00000, 0x0000000080e00000|100%| O|  |TAMS 0x0000000080e00000, 0x0000000080d00000| Untracked 
|  14|0x0000000080e00000, 0x0000000080f00000, 0x0000000080f00000|100%| O|  |TAMS 0x0000000080f00000, 0x0000000080e00000| Untracked 
|  15|0x0000000080f00000, 0x0000000081000000, 0x0000000081000000|100%| O|  |TAMS 0x0000000081000000, 0x0000000080f00000| Untracked 
|  16|0x0000000081000000, 0x0000000081100000, 0x0000000081100000|100%|HS|  |TAMS 0x0000000081100000, 0x0000000081000000| Complete 
|  17|0x0000000081100000, 0x0000000081200000, 0x0000000081200000|100%| O|  |TAMS 0x0000000081200000, 0x0000000081100000| Untracked 
|  18|0x0000000081200000, 0x0000000081300000, 0x0000000081300000|100%| O|  |TAMS 0x0000000081300000, 0x0000000081200000| Untracked 
|  19|0x0000000081300000, 0x0000000081400000, 0x0000000081400000|100%| O|  |TAMS 0x0000000081400000, 0x0000000081300000| Untracked 
|  20|0x0000000081400000, 0x0000000081500000, 0x0000000081500000|100%| O|  |TAMS 0x0000000081500000, 0x0000000081400000| Untracked 
|  21|0x0000000081500000, 0x0000000081600000, 0x0000000081600000|100%| O|  |TAMS 0x0000000081600000, 0x0000000081500000| Complete 
|  22|0x0000000081600000, 0x0000000081700000, 0x0000000081700000|100%| O|  |TAMS 0x0000000081700000, 0x0000000081600000| Untracked 
|  23|0x0000000081700000, 0x0000000081800000, 0x0000000081800000|100%| O|  |TAMS 0x0000000081800000, 0x0000000081700000| Untracked 
|  24|0x0000000081800000, 0x0000000081900000, 0x0000000081900000|100%| O|  |TAMS 0x0000000081900000, 0x0000000081800000| Untracked 
|  25|0x0000000081900000, 0x0000000081a00000, 0x0000000081a00000|100%| O|  |TAMS 0x0000000081a00000, 0x0000000081900000| Untracked 
|  26|0x0000000081a00000, 0x0000000081b00000, 0x0000000081b00000|100%| O|  |TAMS 0x0000000081b00000, 0x0000000081a00000| Untracked 
|  27|0x0000000081b00000, 0x0000000081c00000, 0x0000000081c00000|100%| O|  |TAMS 0x0000000081c00000, 0x0000000081b00000| Complete 
|  28|0x0000000081c00000, 0x0000000081d00000, 0x0000000081d00000|100%|HS|  |TAMS 0x0000000081d00000, 0x0000000081c00000| Complete 
|  29|0x0000000081d00000, 0x0000000081e00000, 0x0000000081e00000|100%| O|  |TAMS 0x0000000081e00000, 0x0000000081d00000| Untracked 
|  30|0x0000000081e00000, 0x0000000081f00000, 0x0000000081f00000|100%|HS|  |TAMS 0x0000000081f00000, 0x0000000081e00000| Complete 
|  31|0x0000000081f00000, 0x0000000082000000, 0x0000000082000000|100%|HC|  |TAMS 0x0000000082000000, 0x0000000081f00000| Complete 
|  32|0x0000000082000000, 0x0000000082100000, 0x0000000082100000|100%| O|  |TAMS 0x0000000082100000, 0x0000000082000000| Complete 
|  33|0x0000000082100000, 0x0000000082200000, 0x0000000082200000|100%| O|  |TAMS 0x0000000082200000, 0x0000000082100000| Untracked 
|  34|0x0000000082200000, 0x0000000082300000, 0x0000000082300000|100%| O|  |TAMS 0x0000000082300000, 0x0000000082200000| Untracked 
|  35|0x0000000082300000, 0x0000000082400000, 0x0000000082400000|100%| O|  |TAMS 0x0000000082400000, 0x0000000082300000| Untracked 
|  36|0x0000000082400000, 0x0000000082500000, 0x0000000082500000|100%| O|  |TAMS 0x0000000082500000, 0x0000000082400000| Complete 
|  37|0x0000000082500000, 0x0000000082600000, 0x0000000082600000|100%| O|  |TAMS 0x0000000082600000, 0x0000000082500000| Untracked 
|  38|0x0000000082600000, 0x0000000082700000, 0x0000000082700000|100%| O|  |TAMS 0x0000000082700000, 0x0000000082600000| Untracked 
|  39|0x0000000082700000, 0x0000000082800000, 0x0000000082800000|100%| O|  |TAMS 0x0000000082800000, 0x0000000082700000| Untracked 
|  40|0x0000000082800000, 0x0000000082900000, 0x0000000082900000|100%| O|  |TAMS 0x0000000082900000, 0x0000000082800000| Untracked 
|  41|0x0000000082900000, 0x0000000082a00000, 0x0000000082a00000|100%| O|  |TAMS 0x0000000082a00000, 0x0000000082900000| Complete 
|  42|0x0000000082a00000, 0x0000000082b00000, 0x0000000082b00000|100%| O|  |TAMS 0x0000000082b00000, 0x0000000082a00000| Untracked 
|  43|0x0000000082b00000, 0x0000000082c00000, 0x0000000082c00000|100%| O|  |TAMS 0x0000000082c00000, 0x0000000082b00000| Untracked 
|  44|0x0000000082c00000, 0x0000000082d00000, 0x0000000082d00000|100%| O|  |TAMS 0x0000000082d00000, 0x0000000082c00000| Untracked 
|  45|0x0000000082d00000, 0x0000000082e00000, 0x0000000082e00000|100%| O|  |TAMS 0x0000000082e00000, 0x0000000082d00000| Untracked 
|  46|0x0000000082e00000, 0x0000000082f00000, 0x0000000082f00000|100%| O|  |TAMS 0x0000000082f00000, 0x0000000082e00000| Untracked 
|  47|0x0000000082f00000, 0x0000000083000000, 0x0000000083000000|100%| O|  |TAMS 0x0000000083000000, 0x0000000082f00000| Untracked 
|  48|0x0000000083000000, 0x0000000083100000, 0x0000000083100000|100%| O|  |TAMS 0x0000000083100000, 0x0000000083000000| Untracked 
|  49|0x0000000083100000, 0x0000000083200000, 0x0000000083200000|100%| O|  |TAMS 0x0000000083200000, 0x0000000083100000| Untracked 
|  50|0x0000000083200000, 0x0000000083300000, 0x0000000083300000|100%| O|  |TAMS 0x0000000083300000, 0x0000000083200000| Untracked 
|  51|0x0000000083300000, 0x0000000083400000, 0x0000000083400000|100%| O|  |TAMS 0x0000000083400000, 0x0000000083300000| Complete 
|  52|0x0000000083400000, 0x0000000083500000, 0x0000000083500000|100%| O|  |TAMS 0x0000000083500000, 0x0000000083400000| Complete 
|  53|0x0000000083500000, 0x0000000083600000, 0x0000000083600000|100%| O|  |TAMS 0x0000000083600000, 0x0000000083500000| Untracked 
|  54|0x0000000083600000, 0x0000000083700000, 0x0000000083700000|100%| O|  |TAMS 0x0000000083700000, 0x0000000083600000| Untracked 
|  55|0x0000000083700000, 0x0000000083800000, 0x0000000083800000|100%| O|  |TAMS 0x0000000083800000, 0x0000000083700000| Complete 
|  56|0x0000000083800000, 0x0000000083900000, 0x0000000083900000|100%| O|  |TAMS 0x0000000083900000, 0x0000000083800000| Untracked 
|  57|0x0000000083900000, 0x0000000083a00000, 0x0000000083a00000|100%| O|  |TAMS 0x0000000083a00000, 0x0000000083900000| Untracked 
|  58|0x0000000083a00000, 0x0000000083b00000, 0x0000000083b00000|100%| O|  |TAMS 0x0000000083b00000, 0x0000000083a00000| Complete 
|  59|0x0000000083b00000, 0x0000000083c00000, 0x0000000083c00000|100%| O|  |TAMS 0x0000000083c00000, 0x0000000083b00000| Untracked 
|  60|0x0000000083c00000, 0x0000000083d00000, 0x0000000083d00000|100%| O|  |TAMS 0x0000000083d00000, 0x0000000083c00000| Untracked 
|  61|0x0000000083d00000, 0x0000000083e00000, 0x0000000083e00000|100%| O|  |TAMS 0x0000000083e00000, 0x0000000083d00000| Untracked 
|  62|0x0000000083e00000, 0x0000000083f00000, 0x0000000083f00000|100%| O|  |TAMS 0x0000000083f00000, 0x0000000083e00000| Untracked 
|  63|0x0000000083f00000, 0x0000000084000000, 0x0000000084000000|100%| O|  |TAMS 0x0000000084000000, 0x0000000083f00000| Untracked 
|  64|0x0000000084000000, 0x0000000084100000, 0x0000000084100000|100%| O|  |TAMS 0x0000000084100000, 0x0000000084000000| Untracked 
|  65|0x0000000084100000, 0x0000000084200000, 0x0000000084200000|100%| O|  |TAMS 0x0000000084200000, 0x0000000084100000| Complete 
|  66|0x0000000084200000, 0x0000000084300000, 0x0000000084300000|100%| O|  |TAMS 0x0000000084300000, 0x0000000084200000| Untracked 
|  67|0x0000000084300000, 0x0000000084400000, 0x0000000084400000|100%| O|  |TAMS 0x0000000084400000, 0x0000000084300000| Untracked 
|  68|0x0000000084400000, 0x0000000084500000, 0x0000000084500000|100%| O|  |TAMS 0x0000000084500000, 0x0000000084400000| Complete 
|  69|0x0000000084500000, 0x0000000084600000, 0x0000000084600000|100%| O|  |TAMS 0x0000000084600000, 0x0000000084500000| Complete 
|  70|0x0000000084600000, 0x0000000084700000, 0x0000000084700000|100%| O|  |TAMS 0x0000000084700000, 0x0000000084600000| Untracked 
|  71|0x0000000084700000, 0x0000000084800000, 0x0000000084800000|100%| O|  |TAMS 0x0000000084800000, 0x0000000084700000| Complete 
|  72|0x0000000084800000, 0x0000000084900000, 0x0000000084900000|100%| O|  |TAMS 0x0000000084900000, 0x0000000084800000| Untracked 
|  73|0x0000000084900000, 0x0000000084a00000, 0x0000000084a00000|100%| O|  |TAMS 0x0000000084a00000, 0x0000000084900000| Untracked 
|  74|0x0000000084a00000, 0x0000000084b00000, 0x0000000084b00000|100%| O|  |TAMS 0x0000000084b00000, 0x0000000084a00000| Complete 
|  75|0x0000000084b00000, 0x0000000084c00000, 0x0000000084c00000|100%| O|  |TAMS 0x0000000084c00000, 0x0000000084b00000| Complete 
|  76|0x0000000084c00000, 0x0000000084d00000, 0x0000000084d00000|100%| O|  |TAMS 0x0000000084d00000, 0x0000000084c00000| Untracked 
|  77|0x0000000084d00000, 0x0000000084e00000, 0x0000000084e00000|100%| O|  |TAMS 0x0000000084e00000, 0x0000000084d00000| Complete 
|  78|0x0000000084e00000, 0x0000000084f00000, 0x0000000084f00000|100%|HS|  |TAMS 0x0000000084f00000, 0x0000000084e00000| Complete 
|  79|0x0000000084f00000, 0x0000000085000000, 0x0000000085000000|100%|HC|  |TAMS 0x0000000085000000, 0x0000000084f00000| Complete 
|  80|0x0000000085000000, 0x0000000085100000, 0x0000000085100000|100%|HS|  |TAMS 0x0000000085100000, 0x0000000085000000| Complete 
|  81|0x0000000085100000, 0x0000000085200000, 0x0000000085200000|100%|HS|  |TAMS 0x0000000085200000, 0x0000000085100000| Complete 
|  82|0x0000000085200000, 0x0000000085300000, 0x0000000085300000|100%|HS|  |TAMS 0x0000000085300000, 0x0000000085200000| Complete 
|  83|0x0000000085300000, 0x0000000085400000, 0x0000000085400000|100%|HC|  |TAMS 0x0000000085400000, 0x0000000085300000| Complete 
|  84|0x0000000085400000, 0x0000000085500000, 0x0000000085500000|100%| O|  |TAMS 0x0000000085500000, 0x0000000085400000| Untracked 
|  85|0x0000000085500000, 0x0000000085600000, 0x0000000085600000|100%| O|  |TAMS 0x0000000085600000, 0x0000000085500000| Untracked 
|  86|0x0000000085600000, 0x0000000085700000, 0x0000000085700000|100%| O|  |TAMS 0x0000000085700000, 0x0000000085600000| Complete 
|  87|0x0000000085700000, 0x0000000085800000, 0x0000000085800000|100%| O|  |TAMS 0x0000000085800000, 0x0000000085700000| Complete 
|  88|0x0000000085800000, 0x0000000085900000, 0x0000000085900000|100%| O|  |TAMS 0x0000000085900000, 0x0000000085800000| Complete 
|  89|0x0000000085900000, 0x0000000085a00000, 0x0000000085a00000|100%|HS|  |TAMS 0x0000000085a00000, 0x0000000085900000| Complete 
|  90|0x0000000085a00000, 0x0000000085b00000, 0x0000000085b00000|100%|HC|  |TAMS 0x0000000085b00000, 0x0000000085a00000| Complete 
|  91|0x0000000085b00000, 0x0000000085c00000, 0x0000000085c00000|100%|HS|  |TAMS 0x0000000085c00000, 0x0000000085b00000| Complete 
|  92|0x0000000085c00000, 0x0000000085d00000, 0x0000000085d00000|100%|HC|  |TAMS 0x0000000085d00000, 0x0000000085c00000| Complete 
|  93|0x0000000085d00000, 0x0000000085e00000, 0x0000000085e00000|100%|HC|  |TAMS 0x0000000085e00000, 0x0000000085d00000| Complete 
|  94|0x0000000085e00000, 0x0000000085f00000, 0x0000000085f00000|100%| O|  |TAMS 0x0000000085f00000, 0x0000000085e00000| Untracked 
|  95|0x0000000085f00000, 0x0000000086000000, 0x0000000086000000|100%| O|  |TAMS 0x0000000086000000, 0x0000000085f00000| Complete 
|  96|0x0000000086000000, 0x0000000086100000, 0x0000000086100000|100%| O|  |TAMS 0x0000000086100000, 0x0000000086000000| Complete 
|  97|0x0000000086100000, 0x0000000086200000, 0x0000000086200000|100%| O|  |TAMS 0x0000000086200000, 0x0000000086100000| Complete 
|  98|0x0000000086200000, 0x0000000086300000, 0x0000000086300000|100%| O|  |TAMS 0x0000000086300000, 0x0000000086200000| Complete 
|  99|0x0000000086300000, 0x0000000086400000, 0x0000000086400000|100%| O|  |TAMS 0x0000000086400000, 0x0000000086300000| Complete 
| 100|0x0000000086400000, 0x0000000086500000, 0x0000000086500000|100%| O|  |TAMS 0x0000000086500000, 0x0000000086400000| Complete 
| 101|0x0000000086500000, 0x0000000086600000, 0x0000000086600000|100%| O|  |TAMS 0x0000000086600000, 0x0000000086500000| Complete 
| 102|0x0000000086600000, 0x0000000086700000, 0x0000000086700000|100%|HS|  |TAMS 0x0000000086700000, 0x0000000086600000| Complete 
| 103|0x0000000086700000, 0x0000000086800000, 0x0000000086800000|100%|HC|  |TAMS 0x0000000086800000, 0x0000000086700000| Complete 
| 104|0x0000000086800000, 0x0000000086900000, 0x0000000086900000|100%| O|  |TAMS 0x0000000086900000, 0x0000000086800000| Untracked 
| 105|0x0000000086900000, 0x0000000086a00000, 0x0000000086a00000|100%|HS|  |TAMS 0x0000000086a00000, 0x0000000086900000| Complete 
| 106|0x0000000086a00000, 0x0000000086b00000, 0x0000000086b00000|100%| O|  |TAMS 0x0000000086b00000, 0x0000000086a00000| Untracked 
| 107|0x0000000086b00000, 0x0000000086c00000, 0x0000000086c00000|100%|HS|  |TAMS 0x0000000086c00000, 0x0000000086b00000| Complete 
| 108|0x0000000086c00000, 0x0000000086d00000, 0x0000000086d00000|100%| O|  |TAMS 0x0000000086d00000, 0x0000000086c00000| Complete 
| 109|0x0000000086d00000, 0x0000000086e00000, 0x0000000086e00000|100%| O|  |TAMS 0x0000000086e00000, 0x0000000086d00000| Complete 
| 110|0x0000000086e00000, 0x0000000086f00000, 0x0000000086f00000|100%|HS|  |TAMS 0x0000000086f00000, 0x0000000086e00000| Complete 
| 111|0x0000000086f00000, 0x0000000087000000, 0x0000000087000000|100%|HS|  |TAMS 0x0000000087000000, 0x0000000086f00000| Complete 
| 112|0x0000000087000000, 0x0000000087100000, 0x0000000087100000|100%|HC|  |TAMS 0x0000000087100000, 0x0000000087000000| Complete 
| 113|0x0000000087100000, 0x0000000087200000, 0x0000000087200000|100%|HS|  |TAMS 0x0000000087200000, 0x0000000087100000| Complete 
| 114|0x0000000087200000, 0x0000000087300000, 0x0000000087300000|100%| O|  |TAMS 0x0000000087300000, 0x0000000087200000| Untracked 
| 115|0x0000000087300000, 0x0000000087400000, 0x0000000087400000|100%| O|  |TAMS 0x0000000087400000, 0x0000000087300000| Untracked 
| 116|0x0000000087400000, 0x0000000087500000, 0x0000000087500000|100%|HS|  |TAMS 0x0000000087500000, 0x0000000087400000| Complete 
| 117|0x0000000087500000, 0x0000000087600000, 0x0000000087600000|100%|HC|  |TAMS 0x0000000087600000, 0x0000000087500000| Complete 
| 118|0x0000000087600000, 0x0000000087700000, 0x0000000087700000|100%| O|  |TAMS 0x0000000087700000, 0x0000000087600000| Complete 
| 119|0x0000000087700000, 0x0000000087800000, 0x0000000087800000|100%| O|  |TAMS 0x0000000087800000, 0x0000000087700000| Untracked 
| 120|0x0000000087800000, 0x0000000087900000, 0x0000000087900000|100%| O|  |TAMS 0x0000000087900000, 0x0000000087800000| Complete 
| 121|0x0000000087900000, 0x0000000087a00000, 0x0000000087a00000|100%| O|  |TAMS 0x0000000087a00000, 0x0000000087900000| Complete 
| 122|0x0000000087a00000, 0x0000000087b00000, 0x0000000087b00000|100%| O|  |TAMS 0x0000000087b00000, 0x0000000087a00000| Untracked 
| 123|0x0000000087b00000, 0x0000000087c00000, 0x0000000087c00000|100%| O|  |TAMS 0x0000000087c00000, 0x0000000087b00000| Untracked 
| 124|0x0000000087c00000, 0x0000000087d00000, 0x0000000087d00000|100%|HS|  |TAMS 0x0000000087d00000, 0x0000000087c00000| Complete 
| 125|0x0000000087d00000, 0x0000000087e00000, 0x0000000087e00000|100%|HC|  |TAMS 0x0000000087e00000, 0x0000000087d00000| Complete 
| 126|0x0000000087e00000, 0x0000000087f00000, 0x0000000087f00000|100%|HC|  |TAMS 0x0000000087f00000, 0x0000000087e00000| Complete 
| 127|0x0000000087f00000, 0x0000000088000000, 0x0000000088000000|100%| O|  |TAMS 0x0000000088000000, 0x0000000087f00000| Untracked 
| 128|0x0000000088000000, 0x0000000088100000, 0x0000000088100000|100%| O|  |TAMS 0x0000000088100000, 0x0000000088000000| Complete 
| 129|0x0000000088100000, 0x0000000088200000, 0x0000000088200000|100%| O|  |TAMS 0x0000000088200000, 0x0000000088100000| Untracked 
| 130|0x0000000088200000, 0x0000000088300000, 0x0000000088300000|100%| O|  |TAMS 0x0000000088300000, 0x0000000088200000| Untracked 
| 131|0x0000000088300000, 0x0000000088400000, 0x0000000088400000|100%| O|  |TAMS 0x0000000088400000, 0x0000000088300000| Untracked 
| 132|0x0000000088400000, 0x0000000088500000, 0x0000000088500000|100%| O|  |TAMS 0x0000000088500000, 0x0000000088400000| Complete 
| 133|0x0000000088500000, 0x0000000088600000, 0x0000000088600000|100%| O|  |TAMS 0x0000000088600000, 0x0000000088500000| Complete 
| 134|0x0000000088600000, 0x0000000088700000, 0x0000000088700000|100%| O|  |TAMS 0x0000000088700000, 0x0000000088600000| Complete 
| 135|0x0000000088700000, 0x0000000088800000, 0x0000000088800000|100%| O|  |TAMS 0x0000000088800000, 0x0000000088700000| Untracked 
| 136|0x0000000088800000, 0x0000000088900000, 0x0000000088900000|100%| O|  |TAMS 0x0000000088900000, 0x0000000088800000| Untracked 
| 137|0x0000000088900000, 0x0000000088a00000, 0x0000000088a00000|100%| O|  |TAMS 0x0000000088a00000, 0x0000000088900000| Untracked 
| 138|0x0000000088a00000, 0x0000000088b00000, 0x0000000088b00000|100%| O|  |TAMS 0x0000000088b00000, 0x0000000088a00000| Untracked 
| 139|0x0000000088b00000, 0x0000000088c00000, 0x0000000088c00000|100%| O|  |TAMS 0x0000000088c00000, 0x0000000088b00000| Untracked 
| 140|0x0000000088c00000, 0x0000000088d00000, 0x0000000088d00000|100%| O|  |TAMS 0x0000000088d00000, 0x0000000088c00000| Untracked 
| 141|0x0000000088d00000, 0x0000000088e00000, 0x0000000088e00000|100%| O|  |TAMS 0x0000000088e00000, 0x0000000088d00000| Untracked 
| 142|0x0000000088e00000, 0x0000000088f00000, 0x0000000088f00000|100%| O|  |TAMS 0x0000000088f00000, 0x0000000088e00000| Untracked 
| 143|0x0000000088f00000, 0x0000000089000000, 0x0000000089000000|100%| O|  |TAMS 0x0000000089000000, 0x0000000088f00000| Untracked 
| 144|0x0000000089000000, 0x0000000089100000, 0x0000000089100000|100%| O|  |TAMS 0x0000000089100000, 0x0000000089000000| Untracked 
| 145|0x0000000089100000, 0x0000000089200000, 0x0000000089200000|100%| O|  |TAMS 0x0000000089200000, 0x0000000089100000| Untracked 
| 146|0x0000000089200000, 0x0000000089300000, 0x0000000089300000|100%| O|  |TAMS 0x0000000089300000, 0x0000000089200000| Untracked 
| 147|0x0000000089300000, 0x0000000089400000, 0x0000000089400000|100%| O|  |TAMS 0x0000000089400000, 0x0000000089300000| Untracked 
| 148|0x0000000089400000, 0x0000000089500000, 0x0000000089500000|100%| O|  |TAMS 0x0000000089500000, 0x0000000089400000| Untracked 
| 149|0x0000000089500000, 0x0000000089600000, 0x0000000089600000|100%| O|  |TAMS 0x0000000089600000, 0x0000000089500000| Untracked 
| 150|0x0000000089600000, 0x0000000089700000, 0x0000000089700000|100%| O|  |TAMS 0x0000000089700000, 0x0000000089600000| Untracked 
| 151|0x0000000089700000, 0x0000000089800000, 0x0000000089800000|100%| O|  |TAMS 0x0000000089800000, 0x0000000089700000| Untracked 
| 152|0x0000000089800000, 0x0000000089900000, 0x0000000089900000|100%| O|  |TAMS 0x0000000089900000, 0x0000000089800000| Untracked 
| 153|0x0000000089900000, 0x0000000089a00000, 0x0000000089a00000|100%| O|  |TAMS 0x0000000089a00000, 0x0000000089900000| Untracked 
| 154|0x0000000089a00000, 0x0000000089b00000, 0x0000000089b00000|100%| O|  |TAMS 0x0000000089b00000, 0x0000000089a00000| Untracked 
| 155|0x0000000089b00000, 0x0000000089c00000, 0x0000000089c00000|100%| O|  |TAMS 0x0000000089c00000, 0x0000000089b00000| Untracked 
| 156|0x0000000089c00000, 0x0000000089d00000, 0x0000000089d00000|100%| O|  |TAMS 0x0000000089d00000, 0x0000000089c00000| Untracked 
| 157|0x0000000089d00000, 0x0000000089e00000, 0x0000000089e00000|100%| O|  |TAMS 0x0000000089e00000, 0x0000000089d00000| Untracked 
| 158|0x0000000089e00000, 0x0000000089f00000, 0x0000000089f00000|100%| O|  |TAMS 0x0000000089f00000, 0x0000000089e00000| Untracked 
| 159|0x0000000089f00000, 0x000000008a000000, 0x000000008a000000|100%| O|  |TAMS 0x000000008a000000, 0x0000000089f00000| Untracked 
| 160|0x000000008a000000, 0x000000008a100000, 0x000000008a100000|100%| O|  |TAMS 0x000000008a100000, 0x000000008a000000| Complete 
| 161|0x000000008a100000, 0x000000008a200000, 0x000000008a200000|100%| O|  |TAMS 0x000000008a200000, 0x000000008a100000| Untracked 
| 162|0x000000008a200000, 0x000000008a300000, 0x000000008a300000|100%| O|  |TAMS 0x000000008a300000, 0x000000008a200000| Untracked 
| 163|0x000000008a300000, 0x000000008a400000, 0x000000008a400000|100%| O|  |TAMS 0x000000008a400000, 0x000000008a300000| Untracked 
| 164|0x000000008a400000, 0x000000008a500000, 0x000000008a500000|100%| O|  |TAMS 0x000000008a500000, 0x000000008a400000| Complete 
| 165|0x000000008a500000, 0x000000008a600000, 0x000000008a600000|100%| O|  |TAMS 0x000000008a580000, 0x000000008a500000| Untracked 
| 166|0x000000008a600000, 0x000000008a700000, 0x000000008a700000|100%| O|  |TAMS 0x000000008a600000, 0x000000008a600000| Untracked 
| 167|0x000000008a700000, 0x000000008a800000, 0x000000008a800000|100%| O|  |TAMS 0x000000008a700000, 0x000000008a700000| Untracked 
| 168|0x000000008a800000, 0x000000008a900000, 0x000000008a900000|100%| O|  |TAMS 0x000000008a800000, 0x000000008a800000| Untracked 
| 169|0x000000008a900000, 0x000000008aa00000, 0x000000008aa00000|100%| O|  |TAMS 0x000000008a900000, 0x000000008a900000| Untracked 
| 170|0x000000008aa00000, 0x000000008ab00000, 0x000000008ab00000|100%| O|  |TAMS 0x000000008aa00000, 0x000000008aa00000| Untracked 
| 171|0x000000008ab00000, 0x000000008ac00000, 0x000000008ac00000|100%| O|  |TAMS 0x000000008ab00000, 0x000000008ab00000| Untracked 
| 172|0x000000008ac00000, 0x000000008ad00000, 0x000000008ad00000|100%| O|  |TAMS 0x000000008ac00000, 0x000000008ac00000| Untracked 
| 173|0x000000008ad00000, 0x000000008ae00000, 0x000000008ae00000|100%| O|  |TAMS 0x000000008ad00000, 0x000000008ad00000| Untracked 
| 174|0x000000008ae00000, 0x000000008af00000, 0x000000008af00000|100%| O|  |TAMS 0x000000008ae00000, 0x000000008ae00000| Untracked 
| 175|0x000000008af00000, 0x000000008b000000, 0x000000008b000000|100%| O|  |TAMS 0x000000008af00000, 0x000000008af00000| Untracked 
| 176|0x000000008b000000, 0x000000008b100000, 0x000000008b100000|100%| O|  |TAMS 0x000000008b000000, 0x000000008b000000| Untracked 
| 177|0x000000008b100000, 0x000000008b200000, 0x000000008b200000|100%| O|  |TAMS 0x000000008b100000, 0x000000008b100000| Untracked 
| 178|0x000000008b200000, 0x000000008b200000, 0x000000008b300000|  0%| F|  |TAMS 0x000000008b200000, 0x000000008b200000| Untracked 
| 179|0x000000008b300000, 0x000000008b300000, 0x000000008b400000|  0%| F|  |TAMS 0x000000008b300000, 0x000000008b300000| Untracked 
| 180|0x000000008b400000, 0x000000008b400000, 0x000000008b500000|  0%| F|  |TAMS 0x000000008b400000, 0x000000008b400000| Untracked 
| 181|0x000000008b500000, 0x000000008b500000, 0x000000008b600000|  0%| F|  |TAMS 0x000000008b500000, 0x000000008b500000| Untracked 
| 182|0x000000008b600000, 0x000000008b600000, 0x000000008b700000|  0%| F|  |TAMS 0x000000008b600000, 0x000000008b600000| Untracked 
| 183|0x000000008b700000, 0x000000008b700000, 0x000000008b800000|  0%| F|  |TAMS 0x000000008b700000, 0x000000008b700000| Untracked 
| 184|0x000000008b800000, 0x000000008b800000, 0x000000008b900000|  0%| F|  |TAMS 0x000000008b800000, 0x000000008b800000| Untracked 
| 185|0x000000008b900000, 0x000000008b900000, 0x000000008ba00000|  0%| F|  |TAMS 0x000000008b900000, 0x000000008b900000| Untracked 
| 186|0x000000008ba00000, 0x000000008ba00000, 0x000000008bb00000|  0%| F|  |TAMS 0x000000008ba00000, 0x000000008ba00000| Untracked 
| 187|0x000000008bb00000, 0x000000008bb00000, 0x000000008bc00000|  0%| F|  |TAMS 0x000000008bb00000, 0x000000008bb00000| Untracked 
| 188|0x000000008bc00000, 0x000000008bc00000, 0x000000008bd00000|  0%| F|  |TAMS 0x000000008bc00000, 0x000000008bc00000| Untracked 
| 189|0x000000008bd00000, 0x000000008bd00000, 0x000000008be00000|  0%| F|  |TAMS 0x000000008bd00000, 0x000000008bd00000| Untracked 
| 190|0x000000008be00000, 0x000000008be00000, 0x000000008bf00000|  0%| F|  |TAMS 0x000000008be00000, 0x000000008be00000| Untracked 
| 191|0x000000008bf00000, 0x000000008bf00000, 0x000000008c000000|  0%| F|  |TAMS 0x000000008bf00000, 0x000000008bf00000| Untracked 
| 192|0x000000008c000000, 0x000000008c000000, 0x000000008c100000|  0%| F|  |TAMS 0x000000008c000000, 0x000000008c000000| Untracked 
| 193|0x000000008c100000, 0x000000008c100000, 0x000000008c200000|  0%| F|  |TAMS 0x000000008c100000, 0x000000008c100000| Untracked 
| 194|0x000000008c200000, 0x000000008c200000, 0x000000008c300000|  0%| F|  |TAMS 0x000000008c200000, 0x000000008c200000| Untracked 
| 195|0x000000008c300000, 0x000000008c300000, 0x000000008c400000|  0%| F|  |TAMS 0x000000008c300000, 0x000000008c300000| Untracked 
| 196|0x000000008c400000, 0x000000008c400000, 0x000000008c500000|  0%| F|  |TAMS 0x000000008c400000, 0x000000008c400000| Untracked 
| 197|0x000000008c500000, 0x000000008c500000, 0x000000008c600000|  0%| F|  |TAMS 0x000000008c500000, 0x000000008c500000| Untracked 
| 198|0x000000008c600000, 0x000000008c600000, 0x000000008c700000|  0%| F|  |TAMS 0x000000008c600000, 0x000000008c600000| Untracked 
| 199|0x000000008c700000, 0x000000008c700000, 0x000000008c800000|  0%| F|  |TAMS 0x000000008c700000, 0x000000008c700000| Untracked 
| 200|0x000000008c800000, 0x000000008c800000, 0x000000008c900000|  0%| F|  |TAMS 0x000000008c800000, 0x000000008c800000| Untracked 
| 201|0x000000008c900000, 0x000000008c900000, 0x000000008ca00000|  0%| F|  |TAMS 0x000000008c900000, 0x000000008c900000| Untracked 
| 202|0x000000008ca00000, 0x000000008ca00000, 0x000000008cb00000|  0%| F|  |TAMS 0x000000008ca00000, 0x000000008ca00000| Untracked 
| 203|0x000000008cb00000, 0x000000008cb00000, 0x000000008cc00000|  0%| F|  |TAMS 0x000000008cb00000, 0x000000008cb00000| Untracked 
| 204|0x000000008cc00000, 0x000000008cc00000, 0x000000008cd00000|  0%| F|  |TAMS 0x000000008cc00000, 0x000000008cc00000| Untracked 
| 205|0x000000008cd00000, 0x000000008cd00000, 0x000000008ce00000|  0%| F|  |TAMS 0x000000008cd00000, 0x000000008cd00000| Untracked 
| 206|0x000000008ce00000, 0x000000008ce00000, 0x000000008cf00000|  0%| F|  |TAMS 0x000000008ce00000, 0x000000008ce00000| Untracked 
| 207|0x000000008cf00000, 0x000000008cf00000, 0x000000008d000000|  0%| F|  |TAMS 0x000000008cf00000, 0x000000008cf00000| Untracked 
| 208|0x000000008d000000, 0x000000008d000000, 0x000000008d100000|  0%| F|  |TAMS 0x000000008d000000, 0x000000008d000000| Untracked 
| 209|0x000000008d100000, 0x000000008d100000, 0x000000008d200000|  0%| F|  |TAMS 0x000000008d100000, 0x000000008d100000| Untracked 
| 210|0x000000008d200000, 0x000000008d200000, 0x000000008d300000|  0%| F|  |TAMS 0x000000008d200000, 0x000000008d200000| Untracked 
| 211|0x000000008d300000, 0x000000008d400000, 0x000000008d400000|100%| S|CS|TAMS 0x000000008d300000, 0x000000008d300000| Complete 
| 212|0x000000008d400000, 0x000000008d500000, 0x000000008d500000|100%| S|CS|TAMS 0x000000008d400000, 0x000000008d400000| Complete 
| 213|0x000000008d500000, 0x000000008d600000, 0x000000008d600000|100%| S|CS|TAMS 0x000000008d500000, 0x000000008d500000| Complete 
| 214|0x000000008d600000, 0x000000008d700000, 0x000000008d700000|100%| S|CS|TAMS 0x000000008d600000, 0x000000008d600000| Complete 
| 215|0x000000008d700000, 0x000000008d700000, 0x000000008d800000|  0%| F|  |TAMS 0x000000008d700000, 0x000000008d700000| Untracked 
| 216|0x000000008d800000, 0x000000008d800000, 0x000000008d900000|  0%| F|  |TAMS 0x000000008d800000, 0x000000008d800000| Untracked 
| 217|0x000000008d900000, 0x000000008d900000, 0x000000008da00000|  0%| F|  |TAMS 0x000000008d900000, 0x000000008d900000| Untracked 
| 218|0x000000008da00000, 0x000000008da00000, 0x000000008db00000|  0%| F|  |TAMS 0x000000008da00000, 0x000000008da00000| Untracked 
| 219|0x000000008db00000, 0x000000008db00000, 0x000000008dc00000|  0%| F|  |TAMS 0x000000008db00000, 0x000000008db00000| Untracked 
| 220|0x000000008dc00000, 0x000000008dc00000, 0x000000008dd00000|  0%| F|  |TAMS 0x000000008dc00000, 0x000000008dc00000| Untracked 
| 221|0x000000008dd00000, 0x000000008dd00000, 0x000000008de00000|  0%| F|  |TAMS 0x000000008dd00000, 0x000000008dd00000| Untracked 
| 222|0x000000008de00000, 0x000000008de00000, 0x000000008df00000|  0%| F|  |TAMS 0x000000008de00000, 0x000000008de00000| Untracked 
| 223|0x000000008df00000, 0x000000008df00000, 0x000000008e000000|  0%| F|  |TAMS 0x000000008df00000, 0x000000008df00000| Untracked 
| 224|0x000000008e000000, 0x000000008e000000, 0x000000008e100000|  0%| F|  |TAMS 0x000000008e000000, 0x000000008e000000| Untracked 
| 225|0x000000008e100000, 0x000000008e100000, 0x000000008e200000|  0%| F|  |TAMS 0x000000008e100000, 0x000000008e100000| Untracked 
| 226|0x000000008e200000, 0x000000008e200000, 0x000000008e300000|  0%| F|  |TAMS 0x000000008e200000, 0x000000008e200000| Untracked 
| 227|0x000000008e300000, 0x000000008e300000, 0x000000008e400000|  0%| F|  |TAMS 0x000000008e300000, 0x000000008e300000| Untracked 
| 228|0x000000008e400000, 0x000000008e400000, 0x000000008e500000|  0%| F|  |TAMS 0x000000008e400000, 0x000000008e400000| Untracked 
| 229|0x000000008e500000, 0x000000008e500000, 0x000000008e600000|  0%| F|  |TAMS 0x000000008e500000, 0x000000008e500000| Untracked 
| 230|0x000000008e600000, 0x000000008e600000, 0x000000008e700000|  0%| F|  |TAMS 0x000000008e600000, 0x000000008e600000| Untracked 
| 231|0x000000008e700000, 0x000000008e700000, 0x000000008e800000|  0%| F|  |TAMS 0x000000008e700000, 0x000000008e700000| Untracked 
| 232|0x000000008e800000, 0x000000008e800000, 0x000000008e900000|  0%| F|  |TAMS 0x000000008e800000, 0x000000008e800000| Untracked 
| 233|0x000000008e900000, 0x000000008e900000, 0x000000008ea00000|  0%| F|  |TAMS 0x000000008e900000, 0x000000008e900000| Untracked 
| 234|0x000000008ea00000, 0x000000008ea00000, 0x000000008eb00000|  0%| F|  |TAMS 0x000000008ea00000, 0x000000008ea00000| Untracked 

Card table byte_map: [0x00000253949a0000,0x0000025394da0000] _byte_map_base: 0x00000253945a0000

Marking Bits (Prev, Next): (CMBitMap*) 0x000002538146c918, (CMBitMap*) 0x000002538146c950
 Prev Bits: [0x00000253951a0000, 0x00000253971a0000)
 Next Bits: [0x00000253971a0000, 0x00000253991a0000)

Polling page: 0x0000025384f50000

Metaspace:

Usage:
  Non-class:     84.52 MB capacity,    83.06 MB ( 98%) used,     1.19 MB (  1%) free+waste,   276.50 KB ( <1%) overhead. 
      Class:     13.19 MB capacity,    12.33 MB ( 94%) used,   752.38 KB (  6%) free+waste,   123.56 KB ( <1%) overhead. 
       Both:     97.71 MB capacity,    95.39 MB ( 98%) used,     1.93 MB (  2%) free+waste,   400.06 KB ( <1%) overhead. 

Virtual space:
  Non-class space:       86.00 MB reserved,      84.59 MB ( 98%) committed 
      Class space:        1.00 GB reserved,      13.27 MB (  1%) committed 
             Both:        1.08 GB reserved,      97.86 MB (  9%) committed 

Chunk freelists:
   Non-Class:  7.00 KB
       Class:  0 bytes
        Both:  7.00 KB

MaxMetaspaceSize: 17179869184.00 GB
CompressedClassSpaceSize: 1.00 GB
Initial GC threshold: 20.80 MB
Current GC threshold: 163.11 MB
CDS: off

CodeHeap 'non-profiled nmethods': size=120064Kb used=8506Kb max_used=8506Kb free=111557Kb
 bounds [0x000002538ca30000, 0x000002538d280000, 0x0000025393f70000]
CodeHeap 'profiled nmethods': size=120000Kb used=27325Kb max_used=27325Kb free=92674Kb
 bounds [0x0000025385500000, 0x0000025386fb0000, 0x000002538ca30000]
CodeHeap 'non-nmethods': size=5696Kb used=2404Kb max_used=2467Kb free=3292Kb
 bounds [0x0000025384f70000, 0x00000253851e0000, 0x0000025385500000]
 total_blobs=13139 nmethods=12211 adapters=839
 compilation: enabled
              stopped_count=0, restarted_count=0
 full_count=0

Compilation events (20 events):
Event: 56.566 Thread 0x000002539b801800 nmethod 12244% 0x000002538d242810 code [0x000002538d244700, 0x000002538d251910]
Event: 56.567 Thread 0x000002539b801800 12226       4       com.android.tools.r8.graph.n0$a::a (354 bytes)
Event: 56.623 Thread 0x000002539b801800 nmethod 12226 0x000002538d258590 code [0x000002538d258760, 0x000002538d259658]
Event: 56.623 Thread 0x000002539b801800 12292       4       com.android.tools.r8.code.y1::a (4129 bytes)
Event: 56.639 Thread 0x000002539b807800 12293       2       java.lang.Math::abs (11 bytes)
Event: 56.640 Thread 0x000002539b807800 nmethod 12293 0x0000025386f82890 code [0x0000025386f82a40, 0x0000025386f82b38]
Event: 56.640 Thread 0x000002539b807800 12294       2       com.android.tools.r8.graph.N$b::<init> (15 bytes)
Event: 56.640 Thread 0x000002539b807800 nmethod 12294 0x0000025386f82c10 code [0x0000025386f82dc0, 0x0000025386f82f18]
Event: 57.168 Thread 0x00000253a60db800 nmethod 12270 0x000002538d259890 code [0x000002538d259e20, 0x000002538d2617b0]
Event: 57.168 Thread 0x00000253a60db800 12295       4       com.android.tools.r8.dex.i::a (829 bytes)
Event: 57.484 Thread 0x000002539b801800 nmethod 12292 0x000002538d267e90 code [0x000002538d269e20, 0x000002538d277bf0]
Event: 57.485 Thread 0x000002539b801800 12297       4       com.android.tools.r8.dex.i::a (1036 bytes)
Event: 57.501 Thread 0x000002539b807800 12299       3       com.android.tools.r8.code.y1::a (4129 bytes)
Event: 57.565 Thread 0x000002539b807800 nmethod 12299 0x0000025386f82f90 code [0x0000025386f85b80, 0x0000025386fa33d8]
Event: 57.565 Thread 0x000002539b807800 12300       2       com.android.tools.r8.code.K3::<init> (13 bytes)
Event: 57.566 Thread 0x000002539b807800 nmethod 12300 0x0000025386fae510 code [0x0000025386fae6e0, 0x0000025386fae948]
Event: 57.653 Thread 0x000002539b807800 12302       2       com.android.tools.r8.code.o::<init> (7 bytes)
Event: 57.654 Thread 0x000002539b807800 nmethod 12302 0x0000025386faeb90 code [0x0000025386faed60, 0x0000025386faef98]
Event: 57.665 Thread 0x000002539b807800 12303       2       com.android.tools.r8.code.q0::<init> (7 bytes)
Event: 57.666 Thread 0x000002539b807800 nmethod 12303 0x0000025386faf190 code [0x0000025386faf360, 0x0000025386faf598]

GC Heap History (20 events):
Event: 47.745 GC heap after
{Heap after GC invocations=33 (full 0):
 garbage-first heap   total 157696K, used 88640K [0x0000000080000000, 0x0000000100000000)
  region size 1024K, 5 young (5120K), 5 survivors (5120K)
 Metaspace       used 90911K, capacity 93064K, committed 93172K, reserved 1130496K
  class space    used 11596K, capacity 12385K, committed 12440K, reserved 1048576K
}
Event: 48.376 GC heap before
{Heap before GC invocations=34 (full 0):
 garbage-first heap   total 157696K, used 96832K [0x0000000080000000, 0x0000000100000000)
  region size 1024K, 13 young (13312K), 5 survivors (5120K)
 Metaspace       used 91123K, capacity 93259K, committed 93428K, reserved 1130496K
  class space    used 11596K, capacity 12385K, committed 12440K, reserved 1048576K
}
Event: 48.395 GC heap after
{Heap after GC invocations=35 (full 0):
 garbage-first heap   total 157696K, used 92733K [0x0000000080000000, 0x0000000100000000)
  region size 1024K, 3 young (3072K), 3 survivors (3072K)
 Metaspace       used 91123K, capacity 93259K, committed 93428K, reserved 1130496K
  class space    used 11596K, capacity 12385K, committed 12440K, reserved 1048576K
}
Event: 49.682 GC heap before
{Heap before GC invocations=36 (full 0):
 garbage-first heap   total 157696K, used 120381K [0x0000000080000000, 0x0000000100000000)
  region size 1024K, 26 young (26624K), 3 survivors (3072K)
 Metaspace       used 93525K, capacity 95691K, committed 95860K, reserved 1132544K
  class space    used 11928K, capacity 12730K, committed 12824K, reserved 1048576K
}
Event: 49.706 GC heap after
{Heap after GC invocations=37 (full 0):
 garbage-first heap   total 189440K, used 100961K [0x0000000080000000, 0x0000000100000000)
  region size 1024K, 4 young (4096K), 4 survivors (4096K)
 Metaspace       used 93525K, capacity 95691K, committed 95860K, reserved 1132544K
  class space    used 11928K, capacity 12730K, committed 12824K, reserved 1048576K
}
Event: 49.834 GC heap before
{Heap before GC invocations=37 (full 0):
 garbage-first heap   total 189440K, used 105057K [0x0000000080000000, 0x0000000100000000)
  region size 1024K, 9 young (9216K), 4 survivors (4096K)
 Metaspace       used 94044K, capacity 96240K, committed 96500K, reserved 1132544K
  class space    used 11993K, capacity 12807K, committed 12952K, reserved 1048576K
}
Event: 49.849 GC heap after
{Heap after GC invocations=38 (full 0):
 garbage-first heap   total 189440K, used 102657K [0x0000000080000000, 0x0000000100000000)
  region size 1024K, 2 young (2048K), 2 survivors (2048K)
 Metaspace       used 94044K, capacity 96240K, committed 96500K, reserved 1132544K
  class space    used 11993K, capacity 12807K, committed 12952K, reserved 1048576K
}
Event: 51.301 GC heap before
{Heap before GC invocations=39 (full 0):
 garbage-first heap   total 189440K, used 168193K [0x0000000080000000, 0x0000000100000000)
  region size 1024K, 39 young (39936K), 2 survivors (2048K)
 Metaspace       used 94822K, capacity 97054K, committed 97268K, reserved 1134592K
  class space    used 12113K, capacity 12931K, committed 12952K, reserved 1048576K
}
Event: 51.337 GC heap after
{Heap after GC invocations=40 (full 0):
 garbage-first heap   total 189440K, used 125042K [0x0000000080000000, 0x0000000100000000)
  region size 1024K, 5 young (5120K), 5 survivors (5120K)
 Metaspace       used 94822K, capacity 97054K, committed 97268K, reserved 1134592K
  class space    used 12113K, capacity 12931K, committed 12952K, reserved 1048576K
}
Event: 51.814 GC heap before
{Heap before GC invocations=40 (full 0):
 garbage-first heap   total 189440K, used 142450K [0x0000000080000000, 0x0000000100000000)
  region size 1024K, 24 young (24576K), 5 survivors (5120K)
 Metaspace       used 95077K, capacity 97294K, committed 97652K, reserved 1134592K
  class space    used 12146K, capacity 12968K, committed 13080K, reserved 1048576K
}
Event: 51.852 GC heap after
{Heap after GC invocations=41 (full 0):
 garbage-first heap   total 189440K, used 131288K [0x0000000080000000, 0x0000000100000000)
  region size 1024K, 4 young (4096K), 4 survivors (4096K)
 Metaspace       used 95077K, capacity 97294K, committed 97652K, reserved 1134592K
  class space    used 12146K, capacity 12968K, committed 13080K, reserved 1048576K
}
Event: 52.488 GC heap before
{Heap before GC invocations=41 (full 0):
 garbage-first heap   total 189440K, used 152792K [0x0000000080000000, 0x0000000100000000)
  region size 1024K, 24 young (24576K), 4 survivors (4096K)
 Metaspace       used 95141K, capacity 97374K, committed 97652K, reserved 1134592K
  class space    used 12157K, capacity 12973K, committed 13080K, reserved 1048576K
}
Event: 52.516 GC heap after
{Heap after GC invocations=42 (full 0):
 garbage-first heap   total 240640K, used 138746K [0x0000000080000000, 0x0000000100000000)
  region size 1024K, 3 young (3072K), 3 survivors (3072K)
 Metaspace       used 95141K, capacity 97374K, committed 97652K, reserved 1134592K
  class space    used 12157K, capacity 12973K, committed 13080K, reserved 1048576K
}
Event: 53.078 GC heap before
{Heap before GC invocations=43 (full 0):
 garbage-first heap   total 240640K, used 162298K [0x0000000080000000, 0x0000000100000000)
  region size 1024K, 27 young (27648K), 3 survivors (3072K)
 Metaspace       used 97348K, capacity 99636K, committed 99956K, reserved 1136640K
  class space    used 12615K, capacity 13500K, committed 13592K, reserved 1048576K
}
Event: 53.108 GC heap after
{Heap after GC invocations=44 (full 0):
 garbage-first heap   total 240640K, used 140794K [0x0000000080000000, 0x0000000100000000)
  region size 1024K, 5 young (5120K), 5 survivors (5120K)
 Metaspace       used 97348K, capacity 99636K, committed 99956K, reserved 1136640K
  class space    used 12615K, capacity 13500K, committed 13592K, reserved 1048576K
}
Event: 55.091 GC heap before
{Heap before GC invocations=45 (full 0):
 garbage-first heap   total 240640K, used 180730K [0x0000000080000000, 0x0000000100000000)
  region size 1024K, 42 young (43008K), 5 survivors (5120K)
 Metaspace       used 97643K, capacity 99989K, committed 100212K, reserved 1136640K
  class space    used 12629K, capacity 13505K, committed 13592K, reserved 1048576K
}
Event: 55.184 GC heap after
{Heap after GC invocations=46 (full 0):
 garbage-first heap   total 240640K, used 158926K [0x0000000080000000, 0x0000000100000000)
  region size 1024K, 6 young (6144K), 6 survivors (6144K)
 Metaspace       used 97643K, capacity 99989K, committed 100212K, reserved 1136640K
  class space    used 12629K, capacity 13505K, committed 13592K, reserved 1048576K
}
Event: 56.306 GC heap before
{Heap before GC invocations=46 (full 0):
 garbage-first heap   total 240640K, used 186574K [0x0000000080000000, 0x0000000100000000)
  region size 1024K, 34 young (34816K), 6 survivors (6144K)
 Metaspace       used 97673K, capacity 100054K, committed 100212K, reserved 1136640K
  class space    used 12629K, capacity 13505K, committed 13592K, reserved 1048576K
}
Event: 56.389 GC heap after
{Heap after GC invocations=47 (full 0):
 garbage-first heap   total 240640K, used 174592K [0x0000000080000000, 0x0000000100000000)
  region size 1024K, 5 young (5120K), 5 survivors (5120K)
 Metaspace       used 97673K, capacity 100054K, committed 100212K, reserved 1136640K
  class space    used 12629K, capacity 13505K, committed 13592K, reserved 1048576K
}
Event: 57.865 GC heap before
{Heap before GC invocations=48 (full 0):
 garbage-first heap   total 240640K, used 195072K [0x0000000080000000, 0x0000000100000000)
  region size 1024K, 25 young (25600K), 5 survivors (5120K)
 Metaspace       used 97679K, capacity 100054K, committed 100212K, reserved 1136640K
  class space    used 12629K, capacity 13505K, committed 13592K, reserved 1048576K
}

Deoptimization events (20 events):
Event: 57.500 Thread 0x00000253a1243800 Uncommon trap: trap_request=0xffffff4d fr.pc=0x000002538d275a0c relative=0x000000000000bbec
Event: 57.500 Thread 0x00000253a1243800 Uncommon trap: reason=unstable_if action=reinterpret pc=0x000002538d275a0c method=com.android.tools.r8.code.y1.a(Ljava/nio/ShortBuffer;IILcom/android/tools/r8/internal/nL;)[Lcom/android/tools/r8/code/w1; @ 301 c2
Event: 57.500 Thread 0x00000253a1243800 DEOPT PACKING pc=0x000002538d275a0c sp=0x0000006bf87fe920
Event: 57.500 Thread 0x00000253a1243800 DEOPT UNPACKING pc=0x0000025384fba1af sp=0x0000006bf87fe930 mode 2
Event: 57.568 Thread 0x00000253a1243800 DEOPT PACKING pc=0x0000025386fa244f sp=0x0000006bf87fe170
Event: 57.569 Thread 0x00000253a1243800 DEOPT UNPACKING pc=0x0000025384fba95e sp=0x0000006bf87fde18 mode 0
Event: 57.603 Thread 0x00000253a1246000 DEOPT PACKING pc=0x0000025386fa244f sp=0x0000006bf88fe0c0
Event: 57.603 Thread 0x00000253a1246000 DEOPT UNPACKING pc=0x0000025384fba95e sp=0x0000006bf88fdd68 mode 0
Event: 57.635 Thread 0x00000253a1243800 DEOPT PACKING pc=0x0000025386fa244f sp=0x0000006bf87fe1b0
Event: 57.635 Thread 0x00000253a1243800 DEOPT UNPACKING pc=0x0000025384fba95e sp=0x0000006bf87fde30 mode 0
Event: 57.642 Thread 0x00000253a1243800 DEOPT PACKING pc=0x0000025386fa244f sp=0x0000006bf87fe1b0
Event: 57.642 Thread 0x00000253a1243800 DEOPT UNPACKING pc=0x0000025384fba95e sp=0x0000006bf87fde30 mode 0
Event: 57.653 Thread 0x00000253a1243800 DEOPT PACKING pc=0x0000025386fa244f sp=0x0000006bf87fe1b0
Event: 57.653 Thread 0x00000253a1243800 DEOPT UNPACKING pc=0x0000025384fba95e sp=0x0000006bf87fde30 mode 0
Event: 57.668 Thread 0x00000253a1243800 DEOPT PACKING pc=0x0000025386fa244f sp=0x0000006bf87fe1b0
Event: 57.668 Thread 0x00000253a1243800 DEOPT UNPACKING pc=0x0000025384fba95e sp=0x0000006bf87fde30 mode 0
Event: 57.686 Thread 0x00000253a1243800 DEOPT PACKING pc=0x0000025386fa244f sp=0x0000006bf87fe1b0
Event: 57.686 Thread 0x00000253a1243800 DEOPT UNPACKING pc=0x0000025384fba95e sp=0x0000006bf87fde30 mode 0
Event: 57.824 Thread 0x00000253a1243800 DEOPT PACKING pc=0x0000025386fa244f sp=0x0000006bf87fe170
Event: 57.824 Thread 0x00000253a1243800 DEOPT UNPACKING pc=0x0000025384fba95e sp=0x0000006bf87fde18 mode 0

Classes redefined (0 events):
No events

Internal exceptions (20 events):
Event: 43.721 Thread 0x00000253a1238800 Exception <a 'java/lang/NoSuchMethodError'{0x0000000086dd3588}: <clinit>> (0x0000000086dd3588) thrown at [./src/hotspot/share/prims/jni.cpp, line 1366]
Event: 44.324 Thread 0x00000253a123b800 Exception <a 'sun/nio/fs/WindowsException'{0x00000000875bbca0}> (0x00000000875bbca0) thrown at [./src/hotspot/share/prims/jni.cpp, line 616]
Event: 44.325 Thread 0x00000253a123b800 Exception <a 'sun/nio/fs/WindowsException'{0x00000000875bcd90}> (0x00000000875bcd90) thrown at [./src/hotspot/share/prims/jni.cpp, line 616]
Event: 44.429 Thread 0x00000253a123f800 Exception <a 'sun/nio/fs/WindowsException'{0x0000000087038d28}> (0x0000000087038d28) thrown at [./src/hotspot/share/prims/jni.cpp, line 616]
Event: 49.151 Thread 0x00000253a123f000 Exception <a 'java/lang/NoSuchMethodError'{0x0000000088eff348}: 'void java.lang.invoke.DirectMethodHandle$Holder.invokeStatic(java.lang.Object, long)'> (0x0000000088eff348) thrown at [./src/hotspot/share/interpreter/linkResolver.cpp, line 773]
Event: 49.152 Thread 0x00000253a123f000 Exception <a 'java/lang/NoSuchMethodError'{0x0000000088dde888}: 'java.lang.Object java.lang.invoke.DirectMethodHandle$Holder.invokeStatic(java.lang.Object, long)'> (0x0000000088dde888) thrown at [./src/hotspot/share/interpreter/linkResolver.cpp, line 773]
Event: 49.162 Thread 0x00000253a123f000 Exception <a 'java/lang/NoSuchMethodError'{0x0000000088decb20}: 'java.lang.Object java.lang.invoke.DirectMethodHandle$Holder.invokeStaticInit(java.lang.Object, java.lang.Object, long, java.lang.Object)'> (0x0000000088decb20) thrown at [./src/hotspot/share/interpreter/linkResolver.cpp, line 773]
Event: 49.163 Thread 0x00000253a123f000 Exception <a 'java/lang/NoSuchMethodError'{0x0000000088df2cb8}: 'java.lang.Object java.lang.invoke.DirectMethodHandle$Holder.invokeStatic(java.lang.Object, java.lang.Object, long)'> (0x0000000088df2cb8) thrown at [./src/hotspot/share/interpreter/linkResolver.cpp, line 773]
Event: 49.165 Thread 0x00000253a123f000 Exception <a 'java/lang/NoSuchMethodError'{0x0000000088df9230}: 'java.lang.Object java.lang.invoke.Invokers$Holder.linkToTargetMethod(java.lang.Object, long, java.lang.Object)'> (0x0000000088df9230) thrown at [./src/hotspot/share/interpreter/linkResolver.cpp, line 773]
Event: 49.211 Thread 0x00000253a1244800 Exception <a 'sun/nio/fs/WindowsException'{0x0000000088c8d128}> (0x0000000088c8d128) thrown at [./src/hotspot/share/prims/jni.cpp, line 616]
Event: 49.346 Thread 0x00000253a1244800 Exception <a 'java/lang/NoSuchMethodError'{0x0000000088947370}: 'java.lang.Object java.lang.invoke.DirectMethodHandle$Holder.newInvokeSpecial(java.lang.Object, int)'> (0x0000000088947370) thrown at [./src/hotspot/share/interpreter/linkResolver.cpp, line 773]
Event: 50.019 Thread 0x00000253a1244800 Exception <a 'java/lang/NoSuchMethodError'{0x000000008b567ca8}: 'java.lang.Object java.lang.invoke.DirectMethodHandle$Holder.invokeStaticInit(java.lang.Object, java.lang.Object, java.lang.Object, java.lang.Object, java.lang.Object, java.lang.Object, java.lang.Object, java.lang.Object, java.lang.Object, java.lang.Object, java.lang.Object, java.lang.Object, java.lang.Object, java.lang.Object, java.lang.Object, java.lang.Object, java.lang.Object, java.lang.Object, int, java.lang.Object, java.lang.Object)'> (0
Event: 50.916 Thread 0x00000253a123f000 Exception <a 'java/lang/NoSuchMethodError'{0x0000000089e356b8}: 'int java.lang.invoke.DirectMethodHandle$Holder.invokeSpecialIFC(java.lang.Object, java.lang.Object, java.lang.Object)'> (0x0000000089e356b8) thrown at [./src/hotspot/share/interpreter/linkResolver.cpp, line 773]
Event: 51.168 Thread 0x00000253a123f800 Exception <a 'java/lang/NoSuchMethodError'{0x000000008954d710}: 'java.lang.Object java.lang.invoke.DirectMethodHandle$Holder.invokeVirtual(java.lang.Object, java.lang.Object, int)'> (0x000000008954d710) thrown at [./src/hotspot/share/interpreter/linkResolver.cpp, line 773]
Event: 51.178 Thread 0x00000253a123f800 Exception <a 'java/lang/NoSuchMethodError'{0x0000000089577f00}: 'void java.lang.invoke.DirectMethodHandle$Holder.invokeStatic(java.lang.Object, java.lang.Object, java.lang.Object, int)'> (0x0000000089577f00) thrown at [./src/hotspot/share/interpreter/linkResolver.cpp, line 773]
Event: 51.895 Thread 0x00000253a123f800 Implicit null exception at 0x000002538d158a50 to 0x000002538d158a64
Event: 52.641 Thread 0x00000253a1246000 Exception <a 'java/lang/IncompatibleClassChangeError'{0x000000008e04d4a8}: Found class java.lang.Object, but interface was expected> (0x000000008e04d4a8) thrown at [./src/hotspot/share/interpreter/linkResolver.cpp, line 839]
Event: 52.922 Thread 0x00000253a1247000 Exception <a 'java/lang/IncompatibleClassChangeError'{0x000000008d54c2a0}: Found class java.lang.Object, but interface was expected> (0x000000008d54c2a0) thrown at [./src/hotspot/share/interpreter/linkResolver.cpp, line 839]
Event: 52.923 Thread 0x00000253a1245800 Exception <a 'java/lang/IncompatibleClassChangeError'{0x000000008d9967b8}: Found class java.lang.Object, but interface was expected> (0x000000008d9967b8) thrown at [./src/hotspot/share/interpreter/linkResolver.cpp, line 839]
Event: 52.924 Thread 0x00000253a1247000 Exception <a 'java/lang/IncompatibleClassChangeError'{0x000000008d588060}: Found class java.lang.Object, but interface was expected> (0x000000008d588060) thrown at [./src/hotspot/share/interpreter/linkResolver.cpp, line 839]

Events (20 events):
Event: 53.609 Executing VM operation: CGC_Operation done
Event: 53.854 Executing VM operation: CGC_Operation
Event: 53.855 Executing VM operation: CGC_Operation done
Event: 54.722 loading class com/android/tools/r8/internal/Xe
Event: 54.722 loading class com/android/tools/r8/internal/Xe done
Event: 54.723 loading class com/android/tools/r8/graph/a0$a
Event: 54.723 loading class com/android/tools/r8/graph/a0$a done
Event: 54.723 loading class com/android/tools/r8/graph/a0$a
Event: 54.723 loading class com/android/tools/r8/graph/a0$a done
Event: 54.723 loading class com/android/tools/r8/dex/i
Event: 54.723 loading class com/android/tools/r8/dex/i done
Event: 55.089 Executing VM operation: G1CollectForAllocation
Event: 55.184 Executing VM operation: G1CollectForAllocation done
Event: 56.306 Executing VM operation: G1CollectForAllocation
Event: 56.389 Executing VM operation: G1CollectForAllocation done
Event: 57.105 Executing VM operation: CGC_Operation
Event: 57.149 Executing VM operation: CGC_Operation done
Event: 57.490 Executing VM operation: CGC_Operation
Event: 57.491 Executing VM operation: CGC_Operation done
Event: 57.864 Executing VM operation: G1CollectForAllocation


Dynamic libraries:
0x00007ff75bdf0000 - 0x00007ff75bdfa000 	F:\1\jre\bin\java.exe
0x00007ffa53310000 - 0x00007ffa53505000 	C:\WINDOWS\SYSTEM32\ntdll.dll
0x00007ffa513c0000 - 0x00007ffa5147d000 	C:\WINDOWS\System32\KERNEL32.DLL
0x00007ffa50bc0000 - 0x00007ffa50e8d000 	C:\WINDOWS\System32\KERNELBASE.dll
0x00007ffa50ac0000 - 0x00007ffa50bc0000 	C:\WINDOWS\System32\ucrtbase.dll
0x00007ffa48140000 - 0x00007ffa48157000 	F:\1\jre\bin\VCRUNTIME140.dll
0x00007ffa3fdd0000 - 0x00007ffa3fde9000 	F:\1\jre\bin\jli.dll
0x00007ffa52fb0000 - 0x00007ffa53150000 	C:\WINDOWS\System32\USER32.dll
0x00007ffa50a90000 - 0x00007ffa50ab2000 	C:\WINDOWS\System32\win32u.dll
0x00007ffa3fa20000 - 0x00007ffa3fcba000 	C:\WINDOWS\WinSxS\amd64_microsoft.windows.common-controls_6595b64144ccf1df_6.0.19041.1110_none_60b5254171f9507e\COMCTL32.dll
0x00007ffa514e0000 - 0x00007ffa5150a000 	C:\WINDOWS\System32\GDI32.dll
0x00007ffa53150000 - 0x00007ffa531ee000 	C:\WINDOWS\System32\msvcrt.dll
0x00007ffa51250000 - 0x00007ffa5135b000 	C:\WINDOWS\System32\gdi32full.dll
0x00007ffa511b0000 - 0x00007ffa5124d000 	C:\WINDOWS\System32\msvcp_win.dll
0x00007ffa52a90000 - 0x00007ffa52ac0000 	C:\WINDOWS\System32\IMM32.DLL
0x00007ffa272c0000 - 0x00007ffa2735d000 	F:\1\jre\bin\msvcp140.dll
0x00007ffa225a0000 - 0x00007ffa230a2000 	F:\1\jre\bin\server\jvm.dll
0x00007ffa52ea0000 - 0x00007ffa52f4e000 	C:\WINDOWS\System32\ADVAPI32.dll
0x00007ffa51a10000 - 0x00007ffa51aac000 	C:\WINDOWS\System32\sechost.dll
0x00007ffa523b0000 - 0x00007ffa524d5000 	C:\WINDOWS\System32\RPCRT4.dll
0x00007ffa51870000 - 0x00007ffa51878000 	C:\WINDOWS\System32\PSAPI.DLL
0x00007ffa41600000 - 0x00007ffa4160a000 	C:\WINDOWS\SYSTEM32\VERSION.dll
0x00007ffa41350000 - 0x00007ffa41377000 	C:\WINDOWS\SYSTEM32\WINMM.dll
0x00007ffa4e1f0000 - 0x00007ffa4e1f9000 	C:\WINDOWS\SYSTEM32\WSOCK32.dll
0x00007ffa52a20000 - 0x00007ffa52a8b000 	C:\WINDOWS\System32\WS2_32.dll
0x00007ffa4eb00000 - 0x00007ffa4eb12000 	C:\WINDOWS\SYSTEM32\kernel.appcore.dll
0x00007ffa49890000 - 0x00007ffa498a1000 	F:\1\jre\bin\verify.dll
0x00007ffa3ee00000 - 0x00007ffa3efe4000 	C:\WINDOWS\SYSTEM32\DBGHELP.DLL
0x00007ffa3eff0000 - 0x00007ffa3f01c000 	C:\WINDOWS\SYSTEM32\dbgcore.DLL
0x00007ffa50ee0000 - 0x00007ffa50f62000 	C:\WINDOWS\System32\bcryptPrimitives.dll
0x00007ffa481d0000 - 0x00007ffa481f9000 	F:\1\jre\bin\java.dll
0x00007ffa4c180000 - 0x00007ffa4c18b000 	F:\1\jre\bin\jimage.dll
0x00007ffa49750000 - 0x00007ffa49768000 	F:\1\jre\bin\zip.dll
0x00007ffa51ab0000 - 0x00007ffa521f4000 	C:\WINDOWS\System32\SHELL32.dll
0x00007ffa4eb20000 - 0x00007ffa4f2b4000 	C:\WINDOWS\SYSTEM32\windows.storage.dll
0x00007ffa51510000 - 0x00007ffa51864000 	C:\WINDOWS\System32\combase.dll
0x00007ffa503b0000 - 0x00007ffa503dc000 	C:\WINDOWS\SYSTEM32\Wldp.dll
0x00007ffa52dc0000 - 0x00007ffa52e6d000 	C:\WINDOWS\System32\SHCORE.dll
0x00007ffa519b0000 - 0x00007ffa51a05000 	C:\WINDOWS\System32\shlwapi.dll
0x00007ffa50960000 - 0x00007ffa5097f000 	C:\WINDOWS\SYSTEM32\profapi.dll
0x00007ffa48ce0000 - 0x00007ffa48cfa000 	F:\1\jre\bin\net.dll
0x00007ffa468a0000 - 0x00007ffa469aa000 	C:\WINDOWS\SYSTEM32\WINHTTP.dll
0x00007ffa50110000 - 0x00007ffa5017a000 	C:\WINDOWS\system32\mswsock.dll
0x00007ffa46360000 - 0x00007ffa46374000 	F:\1\jre\bin\nio.dll
0x00007ffa230b0000 - 0x00007ffa230d7000 	C:\Users\Alnour\.gradle\native\e1d6ef7f7dcc3fd88c89a11ec53ec762bb8ba0a96d01ffa2cd45eb1d1d8dd5c5\windows-amd64\native-platform.dll
0x00007ffa21780000 - 0x00007ffa218c4000 	C:\Users\Alnour\.gradle\native\0d407fdbe67a94daf76414ababcb853783967236a71b16ec16e742cd7a986fd3\windows-amd64\native-platform-file-events.dll
0x00007ffa4c140000 - 0x00007ffa4c14a000 	F:\1\jre\bin\management.dll
0x00007ffa4ac70000 - 0x00007ffa4ac7d000 	F:\1\jre\bin\management_ext.dll
0x00007ffa50300000 - 0x00007ffa50318000 	C:\WINDOWS\SYSTEM32\CRYPTSP.dll
0x00007ffa4fa90000 - 0x00007ffa4fac4000 	C:\WINDOWS\system32\rsaenh.dll
0x00007ffa51020000 - 0x00007ffa51047000 	C:\WINDOWS\System32\bcrypt.dll
0x00007ffa508d0000 - 0x00007ffa508fe000 	C:\WINDOWS\SYSTEM32\USERENV.dll
0x00007ffa50320000 - 0x00007ffa5032c000 	C:\WINDOWS\SYSTEM32\CRYPTBASE.dll
0x00007ffa4fe00000 - 0x00007ffa4fe3b000 	C:\WINDOWS\SYSTEM32\IPHLPAPI.DLL
0x00007ffa52e70000 - 0x00007ffa52e78000 	C:\WINDOWS\System32\NSI.dll
0x00007ffa49560000 - 0x00007ffa49577000 	C:\WINDOWS\SYSTEM32\dhcpcsvc6.DLL
0x00007ffa4a0e0000 - 0x00007ffa4a0fd000 	C:\WINDOWS\SYSTEM32\dhcpcsvc.DLL
0x00007ffa4fe40000 - 0x00007ffa4ff0b000 	C:\WINDOWS\SYSTEM32\DNSAPI.dll

dbghelp: loaded successfully - version: 4.0.5 - missing functions: none
symbol engine: initialized successfully - sym options: 0x614 - pdb path: .;F:\1\jre\bin;C:\WINDOWS\SYSTEM32;C:\WINDOWS\WinSxS\amd64_microsoft.windows.common-controls_6595b64144ccf1df_6.0.19041.1110_none_60b5254171f9507e;F:\1\jre\bin\server;C:\Users\Alnour\.gradle\native\e1d6ef7f7dcc3fd88c89a11ec53ec762bb8ba0a96d01ffa2cd45eb1d1d8dd5c5\windows-amd64;C:\Users\Alnour\.gradle\native\0d407fdbe67a94daf76414ababcb853783967236a71b16ec16e742cd7a986fd3\windows-amd64

VM Arguments:
jvm_args: --add-opens=java.base/java.util=ALL-UNNAMED --add-opens=java.base/java.lang=ALL-UNNAMED --add-opens=java.base/java.lang.invoke=ALL-UNNAMED --add-opens=java.base/java.util=ALL-UNNAMED --add-opens=java.prefs/java.util.prefs=ALL-UNNAMED --add-opens=java.prefs/java.util.prefs=ALL-UNNAMED --add-opens=java.base/java.nio.charset=ALL-UNNAMED --add-opens=java.base/java.net=ALL-UNNAMED --add-opens=java.base/java.util.concurrent.atomic=ALL-UNNAMED -Xmx2048m -Dfile.encoding=UTF-8 -Duser.country=US -Duser.language=en -Duser.variant 
java_command: org.gradle.launcher.daemon.bootstrap.GradleDaemon 7.4
java_class_path (initial): C:\Users\Alnour\.gradle\wrapper\dists\gradle-7.4-bin\c0gwcg53nkjbqw7r0h0umtfvt\gradle-7.4\lib\gradle-launcher-7.4.jar
Launcher Type: SUN_STANDARD

[Global flags]
     intx CICompilerCount                          = 3                                         {product} {ergonomic}
     uint ConcGCThreads                            = 1                                         {product} {ergonomic}
     uint G1ConcRefinementThreads                  = 4                                         {product} {ergonomic}
   size_t G1HeapRegionSize                         = 1048576                                   {product} {ergonomic}
    uintx GCDrainStackTargetSize                   = 64                                        {product} {ergonomic}
   size_t InitialHeapSize                          = 134217728                                 {product} {ergonomic}
   size_t MarkStackSize                            = 4194304                                   {product} {ergonomic}
   size_t MaxHeapSize                              = 2147483648                                {product} {command line}
   size_t MaxNewSize                               = 1287651328                                {product} {ergonomic}
   size_t MinHeapDeltaBytes                        = 1048576                                   {product} {ergonomic}
    uintx NonNMethodCodeHeapSize                   = 5830732                                {pd product} {ergonomic}
    uintx NonProfiledCodeHeapSize                  = 122913754                              {pd product} {ergonomic}
    uintx ProfiledCodeHeapSize                     = 122913754                              {pd product} {ergonomic}
    uintx ReservedCodeCacheSize                    = 251658240                              {pd product} {ergonomic}
     bool SegmentedCodeCache                       = true                                      {product} {ergonomic}
     bool UseCompressedClassPointers               = true                                 {lp64_product} {ergonomic}
     bool UseCompressedOops                        = true                                 {lp64_product} {ergonomic}
     bool UseG1GC                                  = true                                      {product} {ergonomic}
     bool UseLargePagesIndividualAllocation        = false                                  {pd product} {ergonomic}

Logging:
Log output configuration:
 #0: stdout all=warning uptime,level,tags
 #1: stderr all=off uptime,level,tags

Environment Variables:
PATH=C:\Program Files\Common Files\Oracle\Java\javapath;C:\WINDOWS\system32;C:\WINDOWS;C:\WINDOWS\System32\Wbem;C:\WINDOWS\System32\WindowsPowerShell\v1.0\;C:\WINDOWS\System32\OpenSSH\;F:\???? ???????\Git\cmd;C:\Users\Alnour\AppData\Local\Microsoft\WindowsApps;F:\???? ???????\GitHub\Git\bin;F:\???? ???????\GitHub\Git\cmd;
USERNAME=Alnour
OS=Windows_NT
PROCESSOR_IDENTIFIER=Intel64 Family 6 Model 58 Stepping 9, GenuineIntel



---------------  S Y S T E M  ---------------

OS: Windows 10 , 64 bit Build 19041 (10.0.19041.1706)
OS uptime: 1 days 0:09 hours

CPU:total 4 (initial active 4) (2 cores per cpu, 2 threads per core) family 6 model 58 stepping 9 microcode 0x21, cmov, cx8, fxsr, mmx, sse, sse2, sse3, ssse3, sse4.1, sse4.2, popcnt, avx, aes, clmul, erms, ht, tsc, tscinvbit, tscinv

Memory: 4k page, system-wide physical 8065M (1466M free)
TotalPageFile size 9708M (AvailPageFile size 123M)
current process WorkingSet (physical memory assigned to process): 543M, peak: 545M
current process commit charge ("private bytes"): 577M, peak: 735M

vm_info: OpenJDK 64-Bit Server VM (11.0.13+0-b1751.21-8125866) for windows-amd64 JRE (11.0.13+0-b1751.21-8125866), built on Feb  2 2022 03:00:22 by "builder" with MS VC++ 14.0 (VS2015)

END.
